2024-10-29 00:00:59.841 [Warning] Sensitive data logging is enabled. Log entries and exception messages may include sensitive application data; this mode should only be enabled during development.
2024-10-29 00:00:59.904 [Warning] The entity type '"Address"' is an optional dependent using table sharing without any required non shared property that could be used to identify whether the entity exists. If all nullable properties contain a null value in database then an object instance won't be created in the query. Add a required property to create instances with null values for other properties or mark the incoming navigation as required to always create an instance.
2024-10-29 00:00:59.908 [Warning] No store type was specified for the decimal property '"Price"' on entity type '"Dish"'. This will cause values to be silently truncated if they do not fit in the default precision and scale. Explicitly specify the SQL server column type that can accommodate all the values in 'OnModelCreating' using 'HasColumnType', specify precision and scale using 'HasPrecision', or configure a value converter using 'HasConversion'.
2024-10-29 00:00:59.959 [Warning] The entity type '"Address"' is an optional dependent using table sharing without any required non shared property that could be used to identify whether the entity exists. If all nullable properties contain a null value in database then an object instance won't be created in the query. Add a required property to create instances with null values for other properties or mark the incoming navigation as required to always create an instance.
2024-10-29 00:00:59.960 [Warning] No store type was specified for the decimal property '"Price"' on entity type '"Dish"'. This will cause values to be silently truncated if they do not fit in the default precision and scale. Explicitly specify the SQL server column type that can accommodate all the values in 'OnModelCreating' using 'HasColumnType', specify precision and scale using 'HasPrecision', or configure a value converter using 'HasConversion'.
2024-10-29 00:01:23.192 [Warning] Sensitive data logging is enabled. Log entries and exception messages may include sensitive application data; this mode should only be enabled during development.
2024-10-29 00:01:23.247 [Warning] The entity type '"Address"' is an optional dependent using table sharing without any required non shared property that could be used to identify whether the entity exists. If all nullable properties contain a null value in database then an object instance won't be created in the query. Add a required property to create instances with null values for other properties or mark the incoming navigation as required to always create an instance.
2024-10-29 00:01:23.252 [Warning] No store type was specified for the decimal property '"Price"' on entity type '"Dish"'. This will cause values to be silently truncated if they do not fit in the default precision and scale. Explicitly specify the SQL server column type that can accommodate all the values in 'OnModelCreating' using 'HasColumnType', specify precision and scale using 'HasPrecision', or configure a value converter using 'HasConversion'.
2024-10-29 00:01:23.411 [Information] Executed DbCommand ("9"ms) [Parameters=[""], CommandType='Text', CommandTimeout='30']"
""SELECT 1"
2024-10-29 00:01:23.420 [Information] Executed DbCommand ("6"ms) [Parameters=[""], CommandType='Text', CommandTimeout='30']"
""SELECT OBJECT_ID(N'[__EFMigrationsHistory]');"
2024-10-29 00:01:23.422 [Information] Executed DbCommand ("2"ms) [Parameters=[""], CommandType='Text', CommandTimeout='30']"
""SELECT 1"
2024-10-29 00:01:23.424 [Information] Executed DbCommand ("1"ms) [Parameters=[""], CommandType='Text', CommandTimeout='30']"
""SELECT OBJECT_ID(N'[__EFMigrationsHistory]');"
2024-10-29 00:01:23.436 [Information] Executed DbCommand ("8"ms) [Parameters=[""], CommandType='Text', CommandTimeout='30']"
""SELECT [MigrationId], [ProductVersion]
FROM [__EFMigrationsHistory]
ORDER BY [MigrationId];"
2024-10-29 00:01:23.469 [Information] Executed DbCommand ("10"ms) [Parameters=[""], CommandType='Text', CommandTimeout='30']"
""ALTER TABLE [AspNetUsers] ADD [DateOfBirth] date NULL;"
2024-10-29 00:01:23.471 [Information] Executed DbCommand ("2"ms) [Parameters=[""], CommandType='Text', CommandTimeout='30']"
""ALTER TABLE [AspNetUsers] ADD [Nationality] nvarchar(max) NULL;"
2024-10-29 00:01:23.472 [Information] Executed DbCommand ("1"ms) [Parameters=[""], CommandType='Text', CommandTimeout='30']"
""INSERT INTO [__EFMigrationsHistory] ([MigrationId], [ProductVersion])
VALUES (N'20241028230100_AddedNationalityAndDatOfBirthToUsers', N'8.0.8');"
2024-10-29 21:33:29.288 [Warning] Sensitive data logging is enabled. Log entries and exception messages may include sensitive application data; this mode should only be enabled during development.
2024-10-29 21:33:29.389 [Warning] The entity type '"Address"' is an optional dependent using table sharing without any required non shared property that could be used to identify whether the entity exists. If all nullable properties contain a null value in database then an object instance won't be created in the query. Add a required property to create instances with null values for other properties or mark the incoming navigation as required to always create an instance.
2024-10-29 21:33:29.397 [Warning] No store type was specified for the decimal property '"Price"' on entity type '"Dish"'. This will cause values to be silently truncated if they do not fit in the default precision and scale. Explicitly specify the SQL server column type that can accommodate all the values in 'OnModelCreating' using 'HasColumnType', specify precision and scale using 'HasPrecision', or configure a value converter using 'HasConversion'.
2024-10-29 21:33:30.350 [Information] Executed DbCommand ("28"ms) [Parameters=[""], CommandType='Text', CommandTimeout='30']"
""SELECT 1"
2024-10-29 21:33:30.555 [Information] Executed DbCommand ("28"ms) [Parameters=[""], CommandType='Text', CommandTimeout='30']"
""SELECT CASE
    WHEN EXISTS (
        SELECT 1
        FROM [Restaurants] AS [r]) THEN CAST(1 AS bit)
    ELSE CAST(0 AS bit)
END"
2024-10-29 21:33:31.640 [Information] Now listening on: "http://localhost:5298"
2024-10-29 21:33:31.642 [Information] Application started. Press Ctrl+C to shut down.
2024-10-29 21:33:31.643 [Information] Hosting environment: "Development"
2024-10-29 21:33:31.643 [Information] Content root path: "/Users/loganathansellappa/projects/Restuarants/Restaurants.API"
2024-10-29 21:33:32.296 [Warning] Failed to determine the https port for redirect.
2024-10-29 21:33:32.350 [Information] HTTP "GET" "/weatherforecast" responded 200 in 62.4980 ms
2024-10-29 21:46:40.747 [Information] Executed DbCommand ("60"ms) [Parameters=["@__normalizedUserName_0='SDA@ABC.COM' (Size = 256)"], CommandType='Text', CommandTimeout='30']"
""SELECT TOP(1) [a].[Id], [a].[AccessFailedCount], [a].[ConcurrencyStamp], [a].[DateOfBirth], [a].[Email], [a].[EmailConfirmed], [a].[LockoutEnabled], [a].[LockoutEnd], [a].[Nationality], [a].[NormalizedEmail], [a].[NormalizedUserName], [a].[PasswordHash], [a].[PhoneNumber], [a].[PhoneNumberConfirmed], [a].[SecurityStamp], [a].[TwoFactorEnabled], [a].[UserName]
FROM [AspNetUsers] AS [a]
WHERE [a].[NormalizedUserName] = @__normalizedUserName_0"
2024-10-29 21:46:40.917 [Information] Executed DbCommand ("12"ms) [Parameters=["@__user_Id_0='dcd00b0f-0005-46d7-b02d-883b03da3326' (Size = 450)"], CommandType='Text', CommandTimeout='30']"
""SELECT [a].[Id], [a].[ClaimType], [a].[ClaimValue], [a].[UserId]
FROM [AspNetUserClaims] AS [a]
WHERE [a].[UserId] = @__user_Id_0"
2024-10-29 21:46:40.935 [Information] HTTP "POST" "/api/identity/login" responded 200 in 388.5267 ms
2024-10-29 21:48:16.599 [Information] HTTP "PUT" "/api/identity/user" responded 405 in 0.1000 ms
2024-10-29 21:48:27.554 [Information] HTTP "PATCH" "/api/identity/user" responded 400 in 40.3335 ms
2024-10-29 21:48:39.249 [Information] HTTP "PATCH" "/api/identity/user" responded 400 in 1.8008 ms
2024-10-29 21:49:07.521 [Information] HTTP "PATCH" "/api/identity/user" responded 400 in 2.5488 ms
2024-10-29 21:49:21.985 [Information] Updating user: "dcd00b0f-0005-46d7-b02d-883b03da3326", with UpdateUserCommand { DateOfBirth: 01/01/1990, Nationality: "Indian" }
2024-10-29 21:49:22.044 [Information] Executed DbCommand ("11"ms) [Parameters=["@__p_0='dcd00b0f-0005-46d7-b02d-883b03da3326' (Size = 450)"], CommandType='Text', CommandTimeout='30']"
""SELECT TOP(1) [a].[Id], [a].[AccessFailedCount], [a].[ConcurrencyStamp], [a].[DateOfBirth], [a].[Email], [a].[EmailConfirmed], [a].[LockoutEnabled], [a].[LockoutEnd], [a].[Nationality], [a].[NormalizedEmail], [a].[NormalizedUserName], [a].[PasswordHash], [a].[PhoneNumber], [a].[PhoneNumberConfirmed], [a].[SecurityStamp], [a].[TwoFactorEnabled], [a].[UserName]
FROM [AspNetUsers] AS [a]
WHERE [a].[Id] = @__p_0"
2024-10-29 21:49:22.164 [Information] Executed DbCommand ("45"ms) [Parameters=["@p16='dcd00b0f-0005-46d7-b02d-883b03da3326' (Nullable = false) (Size = 450), @p0='0', @p1='27d87516-eb7a-4f1e-9a43-2732dee71cb2' (Size = 4000), @p17='ff774e3b-cf70-4b22-96ee-f9455687fa64' (Size = 4000), @p2='01/01/1990' (Nullable = true) (DbType = Date), @p3='sda@abc.com' (Size = 256), @p4='False', @p5='True', @p6=NULL (DbType = DateTimeOffset), @p7='Indian' (Size = 4000), @p8='SDA@ABC.COM' (Size = 256), @p9='SDA@ABC.COM' (Size = 256), @p10='AQAAAAIAAYagAAAAEOGcJEiuEveuVZAA9qcO80ffuH/BfMYEOKcCDDI0N4Pc2FNPNGbXxwxTDjsZNow+8w==' (Size = 4000), @p11=NULL (Size = 4000), @p12='False', @p13='4UFOVYISY6G3ABDOUTVRSCVSXGXN4OSX' (Size = 4000), @p14='False', @p15='sda@abc.com' (Size = 256)"], CommandType='Text', CommandTimeout='30']"
""SET IMPLICIT_TRANSACTIONS OFF;
SET NOCOUNT ON;
UPDATE [AspNetUsers] SET [AccessFailedCount] = @p0, [ConcurrencyStamp] = @p1, [DateOfBirth] = @p2, [Email] = @p3, [EmailConfirmed] = @p4, [LockoutEnabled] = @p5, [LockoutEnd] = @p6, [Nationality] = @p7, [NormalizedEmail] = @p8, [NormalizedUserName] = @p9, [PasswordHash] = @p10, [PhoneNumber] = @p11, [PhoneNumberConfirmed] = @p12, [SecurityStamp] = @p13, [TwoFactorEnabled] = @p14, [UserName] = @p15
OUTPUT 1
WHERE [Id] = @p16 AND [ConcurrencyStamp] = @p17;"
2024-10-29 21:49:22.179 [Information] HTTP "PATCH" "/api/identity/user" responded 204 in 218.6131 ms
2024-10-29 21:49:29.419 [Information] HTTP "PATCH" "/api/identity/user" responded 400 in 0.6902 ms
2024-10-29 21:49:33.806 [Information] Updating user: "dcd00b0f-0005-46d7-b02d-883b03da3326", with UpdateUserCommand { DateOfBirth: 01/01/1990, Nationality: "" }
2024-10-29 21:49:33.816 [Information] Executed DbCommand ("6"ms) [Parameters=["@__p_0='dcd00b0f-0005-46d7-b02d-883b03da3326' (Size = 450)"], CommandType='Text', CommandTimeout='30']"
""SELECT TOP(1) [a].[Id], [a].[AccessFailedCount], [a].[ConcurrencyStamp], [a].[DateOfBirth], [a].[Email], [a].[EmailConfirmed], [a].[LockoutEnabled], [a].[LockoutEnd], [a].[Nationality], [a].[NormalizedEmail], [a].[NormalizedUserName], [a].[PasswordHash], [a].[PhoneNumber], [a].[PhoneNumberConfirmed], [a].[SecurityStamp], [a].[TwoFactorEnabled], [a].[UserName]
FROM [AspNetUsers] AS [a]
WHERE [a].[Id] = @__p_0"
2024-10-29 21:49:33.826 [Information] Executed DbCommand ("7"ms) [Parameters=["@p16='dcd00b0f-0005-46d7-b02d-883b03da3326' (Nullable = false) (Size = 450), @p0='0', @p1='fd9eca1b-444d-4356-bd82-b7c84112ea83' (Size = 4000), @p17='27d87516-eb7a-4f1e-9a43-2732dee71cb2' (Size = 4000), @p2='01/01/1990' (Nullable = true) (DbType = Date), @p3='sda@abc.com' (Size = 256), @p4='False', @p5='True', @p6=NULL (DbType = DateTimeOffset), @p7='' (Size = 4000), @p8='SDA@ABC.COM' (Size = 256), @p9='SDA@ABC.COM' (Size = 256), @p10='AQAAAAIAAYagAAAAEOGcJEiuEveuVZAA9qcO80ffuH/BfMYEOKcCDDI0N4Pc2FNPNGbXxwxTDjsZNow+8w==' (Size = 4000), @p11=NULL (Size = 4000), @p12='False', @p13='4UFOVYISY6G3ABDOUTVRSCVSXGXN4OSX' (Size = 4000), @p14='False', @p15='sda@abc.com' (Size = 256)"], CommandType='Text', CommandTimeout='30']"
""SET IMPLICIT_TRANSACTIONS OFF;
SET NOCOUNT ON;
UPDATE [AspNetUsers] SET [AccessFailedCount] = @p0, [ConcurrencyStamp] = @p1, [DateOfBirth] = @p2, [Email] = @p3, [EmailConfirmed] = @p4, [LockoutEnabled] = @p5, [LockoutEnd] = @p6, [Nationality] = @p7, [NormalizedEmail] = @p8, [NormalizedUserName] = @p9, [PasswordHash] = @p10, [PhoneNumber] = @p11, [PhoneNumberConfirmed] = @p12, [SecurityStamp] = @p13, [TwoFactorEnabled] = @p14, [UserName] = @p15
OUTPUT 1
WHERE [Id] = @p16 AND [ConcurrencyStamp] = @p17;"
2024-10-29 21:49:33.827 [Information] HTTP "PATCH" "/api/identity/user" responded 204 in 23.6540 ms
2024-10-29 21:49:37.136 [Information] Updating user: "dcd00b0f-0005-46d7-b02d-883b03da3326", with UpdateUserCommand { DateOfBirth: 01/01/1990, Nationality: "Indian" }
2024-10-29 21:49:37.140 [Information] Executed DbCommand ("2"ms) [Parameters=["@__p_0='dcd00b0f-0005-46d7-b02d-883b03da3326' (Size = 450)"], CommandType='Text', CommandTimeout='30']"
""SELECT TOP(1) [a].[Id], [a].[AccessFailedCount], [a].[ConcurrencyStamp], [a].[DateOfBirth], [a].[Email], [a].[EmailConfirmed], [a].[LockoutEnabled], [a].[LockoutEnd], [a].[Nationality], [a].[NormalizedEmail], [a].[NormalizedUserName], [a].[PasswordHash], [a].[PhoneNumber], [a].[PhoneNumberConfirmed], [a].[SecurityStamp], [a].[TwoFactorEnabled], [a].[UserName]
FROM [AspNetUsers] AS [a]
WHERE [a].[Id] = @__p_0"
2024-10-29 21:49:37.146 [Information] Executed DbCommand ("5"ms) [Parameters=["@p16='dcd00b0f-0005-46d7-b02d-883b03da3326' (Nullable = false) (Size = 450), @p0='0', @p1='08b99d14-d3d1-4f04-aa20-a607df4cb1c3' (Size = 4000), @p17='fd9eca1b-444d-4356-bd82-b7c84112ea83' (Size = 4000), @p2='01/01/1990' (Nullable = true) (DbType = Date), @p3='sda@abc.com' (Size = 256), @p4='False', @p5='True', @p6=NULL (DbType = DateTimeOffset), @p7='Indian' (Size = 4000), @p8='SDA@ABC.COM' (Size = 256), @p9='SDA@ABC.COM' (Size = 256), @p10='AQAAAAIAAYagAAAAEOGcJEiuEveuVZAA9qcO80ffuH/BfMYEOKcCDDI0N4Pc2FNPNGbXxwxTDjsZNow+8w==' (Size = 4000), @p11=NULL (Size = 4000), @p12='False', @p13='4UFOVYISY6G3ABDOUTVRSCVSXGXN4OSX' (Size = 4000), @p14='False', @p15='sda@abc.com' (Size = 256)"], CommandType='Text', CommandTimeout='30']"
""SET IMPLICIT_TRANSACTIONS OFF;
SET NOCOUNT ON;
UPDATE [AspNetUsers] SET [AccessFailedCount] = @p0, [ConcurrencyStamp] = @p1, [DateOfBirth] = @p2, [Email] = @p3, [EmailConfirmed] = @p4, [LockoutEnabled] = @p5, [LockoutEnd] = @p6, [Nationality] = @p7, [NormalizedEmail] = @p8, [NormalizedUserName] = @p9, [PasswordHash] = @p10, [PhoneNumber] = @p11, [PhoneNumberConfirmed] = @p12, [SecurityStamp] = @p13, [TwoFactorEnabled] = @p14, [UserName] = @p15
OUTPUT 1
WHERE [Id] = @p16 AND [ConcurrencyStamp] = @p17;"
2024-10-29 21:49:37.146 [Information] HTTP "PATCH" "/api/identity/user" responded 204 in 13.0316 ms
2024-10-29 22:17:24.857 [Information] HTTP "GET" "/api/restaurants/1" responded 401 in 6.9719 ms
2024-10-29 22:17:35.924 [Information] HTTP "GET" "/swagger/index.html" responded 200 in 35.7848 ms
2024-10-29 22:17:35.953 [Information] HTTP "GET" "/swagger/swagger-ui-standalone-preset.js" responded 200 in 18.3905 ms
2024-10-29 22:17:35.953 [Information] HTTP "GET" "/swagger/swagger-ui.css" responded 200 in 20.9974 ms
2024-10-29 22:17:35.954 [Information] HTTP "GET" "/swagger/swagger-ui-bundle.js" responded 200 in 19.3581 ms
2024-10-29 22:17:36.200 [Information] HTTP "GET" "/swagger/favicon-32x32.png" responded 200 in 0.3019 ms
2024-10-29 22:17:36.263 [Information] HTTP "GET" "/swagger/v1/swagger.json" responded 200 in 82.9295 ms
2024-10-29 22:20:26.203 [Information] HTTP "GET" "/swagger/index.html" responded 200 in 8.7619 ms
2024-10-29 22:20:26.360 [Information] HTTP "GET" "/swagger/v1/swagger.json" responded 200 in 29.1654 ms
2024-10-29 22:20:29.292 [Information] Application is shutting down...
2024-10-29 22:20:41.868 [Warning] Sensitive data logging is enabled. Log entries and exception messages may include sensitive application data; this mode should only be enabled during development.
2024-10-29 22:20:41.976 [Warning] The entity type '"Address"' is an optional dependent using table sharing without any required non shared property that could be used to identify whether the entity exists. If all nullable properties contain a null value in database then an object instance won't be created in the query. Add a required property to create instances with null values for other properties or mark the incoming navigation as required to always create an instance.
2024-10-29 22:20:41.988 [Warning] No store type was specified for the decimal property '"Price"' on entity type '"Dish"'. This will cause values to be silently truncated if they do not fit in the default precision and scale. Explicitly specify the SQL server column type that can accommodate all the values in 'OnModelCreating' using 'HasColumnType', specify precision and scale using 'HasPrecision', or configure a value converter using 'HasConversion'.
2024-10-29 22:20:42.950 [Information] Executed DbCommand ("25"ms) [Parameters=[""], CommandType='Text', CommandTimeout='30']"
""SELECT 1"
2024-10-29 22:20:43.126 [Information] Executed DbCommand ("21"ms) [Parameters=[""], CommandType='Text', CommandTimeout='30']"
""SELECT CASE
    WHEN EXISTS (
        SELECT 1
        FROM [Restaurants] AS [r]) THEN CAST(1 AS bit)
    ELSE CAST(0 AS bit)
END"
2024-10-29 22:20:43.662 [Information] Now listening on: "http://localhost:5298"
2024-10-29 22:20:43.665 [Information] Application started. Press Ctrl+C to shut down.
2024-10-29 22:20:43.665 [Information] Hosting environment: "Development"
2024-10-29 22:20:43.665 [Information] Content root path: "/Users/loganathansellappa/projects/Restuarants/Restaurants.API"
2024-10-29 22:20:43.952 [Warning] Failed to determine the https port for redirect.
2024-10-29 22:20:44.018 [Information] HTTP "GET" "/weatherforecast" responded 200 in 75.0399 ms
2024-10-29 22:20:48.038 [Information] HTTP "GET" "/swagger/index.html" responded 200 in 38.3932 ms
2024-10-29 22:20:48.249 [Information] HTTP "GET" "/swagger/v1/swagger.json" responded 200 in 88.7396 ms
2024-10-29 23:29:38.333 [Information] Application is shutting down...
