2024-10-28 22:06:34.860 [Warning] Sensitive data logging is enabled. Log entries and exception messages may include sensitive application data; this mode should only be enabled during development.
2024-10-28 22:06:34.921 [Warning] The entity type '"Address"' is an optional dependent using table sharing without any required non shared property that could be used to identify whether the entity exists. If all nullable properties contain a null value in database then an object instance won't be created in the query. Add a required property to create instances with null values for other properties or mark the incoming navigation as required to always create an instance.
2024-10-28 22:06:34.926 [Warning] No store type was specified for the decimal property '"Price"' on entity type '"Dish"'. This will cause values to be silently truncated if they do not fit in the default precision and scale. Explicitly specify the SQL server column type that can accommodate all the values in 'OnModelCreating' using 'HasColumnType', specify precision and scale using 'HasPrecision', or configure a value converter using 'HasConversion'.
2024-10-28 22:06:34.980 [Warning] The entity type '"Address"' is an optional dependent using table sharing without any required non shared property that could be used to identify whether the entity exists. If all nullable properties contain a null value in database then an object instance won't be created in the query. Add a required property to create instances with null values for other properties or mark the incoming navigation as required to always create an instance.
2024-10-28 22:06:34.980 [Warning] No store type was specified for the decimal property '"Price"' on entity type '"Dish"'. This will cause values to be silently truncated if they do not fit in the default precision and scale. Explicitly specify the SQL server column type that can accommodate all the values in 'OnModelCreating' using 'HasColumnType', specify precision and scale using 'HasPrecision', or configure a value converter using 'HasConversion'.
2024-10-28 22:07:37.393 [Warning] Sensitive data logging is enabled. Log entries and exception messages may include sensitive application data; this mode should only be enabled during development.
2024-10-28 22:07:37.450 [Warning] The entity type '"Address"' is an optional dependent using table sharing without any required non shared property that could be used to identify whether the entity exists. If all nullable properties contain a null value in database then an object instance won't be created in the query. Add a required property to create instances with null values for other properties or mark the incoming navigation as required to always create an instance.
2024-10-28 22:07:37.455 [Warning] No store type was specified for the decimal property '"Price"' on entity type '"Dish"'. This will cause values to be silently truncated if they do not fit in the default precision and scale. Explicitly specify the SQL server column type that can accommodate all the values in 'OnModelCreating' using 'HasColumnType', specify precision and scale using 'HasPrecision', or configure a value converter using 'HasConversion'.
2024-10-28 22:07:37.754 [Information] Executed DbCommand ("13"ms) [Parameters=[""], CommandType='Text', CommandTimeout='30']"
""SELECT 1"
2024-10-28 22:07:37.769 [Information] Executed DbCommand ("11"ms) [Parameters=[""], CommandType='Text', CommandTimeout='30']"
""SELECT OBJECT_ID(N'[__EFMigrationsHistory]');"
2024-10-28 22:07:37.770 [Information] Executed DbCommand ("1"ms) [Parameters=[""], CommandType='Text', CommandTimeout='30']"
""SELECT 1"
2024-10-28 22:07:37.771 [Information] Executed DbCommand ("1"ms) [Parameters=[""], CommandType='Text', CommandTimeout='30']"
""SELECT OBJECT_ID(N'[__EFMigrationsHistory]');"
2024-10-28 22:07:37.788 [Information] Executed DbCommand ("13"ms) [Parameters=[""], CommandType='Text', CommandTimeout='30']"
""SELECT [MigrationId], [ProductVersion]
FROM [__EFMigrationsHistory]
ORDER BY [MigrationId];"
2024-10-28 22:07:37.829 [Information] Executed DbCommand ("9"ms) [Parameters=[""], CommandType='Text', CommandTimeout='30']"
""CREATE TABLE [AspNetRoles] (
    [Id] nvarchar(450) NOT NULL,
    [Name] nvarchar(256) NULL,
    [NormalizedName] nvarchar(256) NULL,
    [ConcurrencyStamp] nvarchar(max) NULL,
    CONSTRAINT [PK_AspNetRoles] PRIMARY KEY ([Id])
);"
2024-10-28 22:07:37.832 [Information] Executed DbCommand ("3"ms) [Parameters=[""], CommandType='Text', CommandTimeout='30']"
""CREATE TABLE [AspNetUsers] (
    [Id] nvarchar(450) NOT NULL,
    [UserName] nvarchar(256) NULL,
    [NormalizedUserName] nvarchar(256) NULL,
    [Email] nvarchar(256) NULL,
    [NormalizedEmail] nvarchar(256) NULL,
    [EmailConfirmed] bit NOT NULL,
    [PasswordHash] nvarchar(max) NULL,
    [SecurityStamp] nvarchar(max) NULL,
    [ConcurrencyStamp] nvarchar(max) NULL,
    [PhoneNumber] nvarchar(max) NULL,
    [PhoneNumberConfirmed] bit NOT NULL,
    [TwoFactorEnabled] bit NOT NULL,
    [LockoutEnd] datetimeoffset NULL,
    [LockoutEnabled] bit NOT NULL,
    [AccessFailedCount] int NOT NULL,
    CONSTRAINT [PK_AspNetUsers] PRIMARY KEY ([Id])
);"
2024-10-28 22:07:37.837 [Information] Executed DbCommand ("5"ms) [Parameters=[""], CommandType='Text', CommandTimeout='30']"
""CREATE TABLE [AspNetRoleClaims] (
    [Id] int NOT NULL IDENTITY,
    [RoleId] nvarchar(450) NOT NULL,
    [ClaimType] nvarchar(max) NULL,
    [ClaimValue] nvarchar(max) NULL,
    CONSTRAINT [PK_AspNetRoleClaims] PRIMARY KEY ([Id]),
    CONSTRAINT [FK_AspNetRoleClaims_AspNetRoles_RoleId] FOREIGN KEY ([RoleId]) REFERENCES [AspNetRoles] ([Id]) ON DELETE CASCADE
);"
2024-10-28 22:07:37.840 [Information] Executed DbCommand ("3"ms) [Parameters=[""], CommandType='Text', CommandTimeout='30']"
""CREATE TABLE [AspNetUserClaims] (
    [Id] int NOT NULL IDENTITY,
    [UserId] nvarchar(450) NOT NULL,
    [ClaimType] nvarchar(max) NULL,
    [ClaimValue] nvarchar(max) NULL,
    CONSTRAINT [PK_AspNetUserClaims] PRIMARY KEY ([Id]),
    CONSTRAINT [FK_AspNetUserClaims_AspNetUsers_UserId] FOREIGN KEY ([UserId]) REFERENCES [AspNetUsers] ([Id]) ON DELETE CASCADE
);"
2024-10-28 22:07:37.844 [Information] Executed DbCommand ("3"ms) [Parameters=[""], CommandType='Text', CommandTimeout='30']"
""CREATE TABLE [AspNetUserLogins] (
    [LoginProvider] nvarchar(450) NOT NULL,
    [ProviderKey] nvarchar(450) NOT NULL,
    [ProviderDisplayName] nvarchar(max) NULL,
    [UserId] nvarchar(450) NOT NULL,
    CONSTRAINT [PK_AspNetUserLogins] PRIMARY KEY ([LoginProvider], [ProviderKey]),
    CONSTRAINT [FK_AspNetUserLogins_AspNetUsers_UserId] FOREIGN KEY ([UserId]) REFERENCES [AspNetUsers] ([Id]) ON DELETE CASCADE
);"
2024-10-28 22:07:37.847 [Information] Executed DbCommand ("3"ms) [Parameters=[""], CommandType='Text', CommandTimeout='30']"
""CREATE TABLE [AspNetUserRoles] (
    [UserId] nvarchar(450) NOT NULL,
    [RoleId] nvarchar(450) NOT NULL,
    CONSTRAINT [PK_AspNetUserRoles] PRIMARY KEY ([UserId], [RoleId]),
    CONSTRAINT [FK_AspNetUserRoles_AspNetRoles_RoleId] FOREIGN KEY ([RoleId]) REFERENCES [AspNetRoles] ([Id]) ON DELETE CASCADE,
    CONSTRAINT [FK_AspNetUserRoles_AspNetUsers_UserId] FOREIGN KEY ([UserId]) REFERENCES [AspNetUsers] ([Id]) ON DELETE CASCADE
);"
2024-10-28 22:07:37.850 [Information] Executed DbCommand ("3"ms) [Parameters=[""], CommandType='Text', CommandTimeout='30']"
""CREATE TABLE [AspNetUserTokens] (
    [UserId] nvarchar(450) NOT NULL,
    [LoginProvider] nvarchar(450) NOT NULL,
    [Name] nvarchar(450) NOT NULL,
    [Value] nvarchar(max) NULL,
    CONSTRAINT [PK_AspNetUserTokens] PRIMARY KEY ([UserId], [LoginProvider], [Name]),
    CONSTRAINT [FK_AspNetUserTokens_AspNetUsers_UserId] FOREIGN KEY ([UserId]) REFERENCES [AspNetUsers] ([Id]) ON DELETE CASCADE
);"
2024-10-28 22:07:37.852 [Information] Executed DbCommand ("2"ms) [Parameters=[""], CommandType='Text', CommandTimeout='30']"
""CREATE INDEX [IX_AspNetRoleClaims_RoleId] ON [AspNetRoleClaims] ([RoleId]);"
2024-10-28 22:07:37.856 [Information] Executed DbCommand ("3"ms) [Parameters=[""], CommandType='Text', CommandTimeout='30']"
""CREATE UNIQUE INDEX [RoleNameIndex] ON [AspNetRoles] ([NormalizedName]) WHERE [NormalizedName] IS NOT NULL;"
2024-10-28 22:07:37.857 [Information] Executed DbCommand ("1"ms) [Parameters=[""], CommandType='Text', CommandTimeout='30']"
""CREATE INDEX [IX_AspNetUserClaims_UserId] ON [AspNetUserClaims] ([UserId]);"
2024-10-28 22:07:37.858 [Information] Executed DbCommand ("1"ms) [Parameters=[""], CommandType='Text', CommandTimeout='30']"
""CREATE INDEX [IX_AspNetUserLogins_UserId] ON [AspNetUserLogins] ([UserId]);"
2024-10-28 22:07:37.859 [Information] Executed DbCommand ("1"ms) [Parameters=[""], CommandType='Text', CommandTimeout='30']"
""CREATE INDEX [IX_AspNetUserRoles_RoleId] ON [AspNetUserRoles] ([RoleId]);"
2024-10-28 22:07:37.860 [Information] Executed DbCommand ("1"ms) [Parameters=[""], CommandType='Text', CommandTimeout='30']"
""CREATE INDEX [EmailIndex] ON [AspNetUsers] ([NormalizedEmail]);"
2024-10-28 22:07:37.862 [Information] Executed DbCommand ("2"ms) [Parameters=[""], CommandType='Text', CommandTimeout='30']"
""CREATE UNIQUE INDEX [UserNameIndex] ON [AspNetUsers] ([NormalizedUserName]) WHERE [NormalizedUserName] IS NOT NULL;"
2024-10-28 22:07:37.879 [Information] Executed DbCommand ("17"ms) [Parameters=[""], CommandType='Text', CommandTimeout='30']"
""INSERT INTO [__EFMigrationsHistory] ([MigrationId], [ProductVersion])
VALUES (N'20241028210635_IdentityAdded', N'8.0.8');"
2024-10-28 22:10:12.278 [Warning] Sensitive data logging is enabled. Log entries and exception messages may include sensitive application data; this mode should only be enabled during development.
2024-10-28 22:10:12.353 [Warning] The entity type '"Address"' is an optional dependent using table sharing without any required non shared property that could be used to identify whether the entity exists. If all nullable properties contain a null value in database then an object instance won't be created in the query. Add a required property to create instances with null values for other properties or mark the incoming navigation as required to always create an instance.
2024-10-28 22:10:12.360 [Warning] No store type was specified for the decimal property '"Price"' on entity type '"Dish"'. This will cause values to be silently truncated if they do not fit in the default precision and scale. Explicitly specify the SQL server column type that can accommodate all the values in 'OnModelCreating' using 'HasColumnType', specify precision and scale using 'HasPrecision', or configure a value converter using 'HasConversion'.
2024-10-28 22:10:12.605 [Information] Executed DbCommand ("21"ms) [Parameters=[""], CommandType='Text', CommandTimeout='30']"
""SELECT 1"
2024-10-28 22:10:12.742 [Information] Executed DbCommand ("15"ms) [Parameters=[""], CommandType='Text', CommandTimeout='30']"
""SELECT CASE
    WHEN EXISTS (
        SELECT 1
        FROM [Restaurants] AS [r]) THEN CAST(1 AS bit)
    ELSE CAST(0 AS bit)
END"
2024-10-28 22:10:13.162 [Warning] No XML encryptor configured. Key {60ce407c-5c04-4c07-8d1d-a7001d97c1be} may be persisted to storage in unencrypted form.
2024-10-28 22:10:13.218 [Information] Now listening on: "http://localhost:5298"
2024-10-28 22:10:13.219 [Information] Application started. Press Ctrl+C to shut down.
2024-10-28 22:10:13.220 [Information] Hosting environment: "Development"
2024-10-28 22:10:13.220 [Information] Content root path: "/Users/loganathansellappa/projects/Restuarants/Restaurants.API"
2024-10-28 22:10:14.339 [Warning] Failed to determine the https port for redirect.
2024-10-28 22:10:14.405 [Information] HTTP "GET" "/weatherforecast" responded 200 in 72.1352 ms
2024-10-28 22:10:18.125 [Information] HTTP "POST" "/register" responded 400 in 16.0375 ms
2024-10-28 22:10:33.381 [Information] HTTP "POST" "/register" responded 400 in 3.2907 ms
2024-10-28 22:10:57.264 [Information] Executed DbCommand ("97"ms) [Parameters=["@__normalizedUserName_0='SDA@ABC.COM' (Size = 256)"], CommandType='Text', CommandTimeout='30']"
""SELECT TOP(1) [a].[Id], [a].[AccessFailedCount], [a].[ConcurrencyStamp], [a].[Email], [a].[EmailConfirmed], [a].[LockoutEnabled], [a].[LockoutEnd], [a].[NormalizedEmail], [a].[NormalizedUserName], [a].[PasswordHash], [a].[PhoneNumber], [a].[PhoneNumberConfirmed], [a].[SecurityStamp], [a].[TwoFactorEnabled], [a].[UserName]
FROM [AspNetUsers] AS [a]
WHERE [a].[NormalizedUserName] = @__normalizedUserName_0"
2024-10-28 22:10:57.415 [Information] Executed DbCommand ("30"ms) [Parameters=["@p0='dcd00b0f-0005-46d7-b02d-883b03da3326' (Nullable = false) (Size = 450), @p1='0', @p2='84c41801-20e3-40a5-b76c-d72a6b64e836' (Size = 4000), @p3='sda@abc.com' (Size = 256), @p4='False', @p5='True', @p6=NULL (DbType = DateTimeOffset), @p7='SDA@ABC.COM' (Size = 256), @p8='SDA@ABC.COM' (Size = 256), @p9='AQAAAAIAAYagAAAAEOGcJEiuEveuVZAA9qcO80ffuH/BfMYEOKcCDDI0N4Pc2FNPNGbXxwxTDjsZNow+8w==' (Size = 4000), @p10=NULL (Size = 4000), @p11='False', @p12='4UFOVYISY6G3ABDOUTVRSCVSXGXN4OSX' (Size = 4000), @p13='False', @p14='sda@abc.com' (Size = 256)"], CommandType='Text', CommandTimeout='30']"
""SET IMPLICIT_TRANSACTIONS OFF;
SET NOCOUNT ON;
INSERT INTO [AspNetUsers] ([Id], [AccessFailedCount], [ConcurrencyStamp], [Email], [EmailConfirmed], [LockoutEnabled], [LockoutEnd], [NormalizedEmail], [NormalizedUserName], [PasswordHash], [PhoneNumber], [PhoneNumberConfirmed], [SecurityStamp], [TwoFactorEnabled], [UserName])
VALUES (@p0, @p1, @p2, @p3, @p4, @p5, @p6, @p7, @p8, @p9, @p10, @p11, @p12, @p13, @p14);"
2024-10-28 22:10:57.429 [Information] HTTP "POST" "/register" responded 200 in 385.8013 ms
2024-10-28 22:11:15.333 [Information] Executed DbCommand ("52"ms) [Parameters=["@__normalizedUserName_0='SDA@ABC.COM' (Size = 256)"], CommandType='Text', CommandTimeout='30']"
""SELECT TOP(1) [a].[Id], [a].[AccessFailedCount], [a].[ConcurrencyStamp], [a].[Email], [a].[EmailConfirmed], [a].[LockoutEnabled], [a].[LockoutEnd], [a].[NormalizedEmail], [a].[NormalizedUserName], [a].[PasswordHash], [a].[PhoneNumber], [a].[PhoneNumberConfirmed], [a].[SecurityStamp], [a].[TwoFactorEnabled], [a].[UserName]
FROM [AspNetUsers] AS [a]
WHERE [a].[NormalizedUserName] = @__normalizedUserName_0"
2024-10-28 22:11:15.425 [Information] Executed DbCommand ("7"ms) [Parameters=["@__user_Id_0='dcd00b0f-0005-46d7-b02d-883b03da3326' (Size = 450)"], CommandType='Text', CommandTimeout='30']"
""SELECT [a].[Id], [a].[ClaimType], [a].[ClaimValue], [a].[UserId]
FROM [AspNetUserClaims] AS [a]
WHERE [a].[UserId] = @__user_Id_0"
2024-10-28 22:11:15.439 [Information] HTTP "POST" "/login" responded 200 in 196.0704 ms
2024-10-28 22:12:09.262 [Information] Executed DbCommand ("12"ms) [Parameters=["@__normalizedUserName_0='SDA@ABC.COM' (Size = 256)"], CommandType='Text', CommandTimeout='30']"
""SELECT TOP(1) [a].[Id], [a].[AccessFailedCount], [a].[ConcurrencyStamp], [a].[Email], [a].[EmailConfirmed], [a].[LockoutEnabled], [a].[LockoutEnd], [a].[NormalizedEmail], [a].[NormalizedUserName], [a].[PasswordHash], [a].[PhoneNumber], [a].[PhoneNumberConfirmed], [a].[SecurityStamp], [a].[TwoFactorEnabled], [a].[UserName]
FROM [AspNetUsers] AS [a]
WHERE [a].[NormalizedUserName] = @__normalizedUserName_0"
2024-10-28 22:12:09.311 [Information] Executed DbCommand ("6"ms) [Parameters=["@__normalizedUserName_0='SDA@ABC.COM' (Size = 256)"], CommandType='Text', CommandTimeout='30']"
""SELECT TOP(1) [a].[Id], [a].[AccessFailedCount], [a].[ConcurrencyStamp], [a].[Email], [a].[EmailConfirmed], [a].[LockoutEnabled], [a].[LockoutEnd], [a].[NormalizedEmail], [a].[NormalizedUserName], [a].[PasswordHash], [a].[PhoneNumber], [a].[PhoneNumberConfirmed], [a].[SecurityStamp], [a].[TwoFactorEnabled], [a].[UserName]
FROM [AspNetUsers] AS [a]
WHERE [a].[NormalizedUserName] = @__normalizedUserName_0"
2024-10-28 22:12:09.406 [Information] Executed DbCommand ("76"ms) [Parameters=["@p14='dcd00b0f-0005-46d7-b02d-883b03da3326' (Nullable = false) (Size = 450), @p0='1', @p1='a71f56b6-5a05-42d4-bcb9-9c2db158dc27' (Size = 4000), @p15='84c41801-20e3-40a5-b76c-d72a6b64e836' (Size = 4000), @p2='sda@abc.com' (Size = 256), @p3='False', @p4='True', @p5=NULL (DbType = DateTimeOffset), @p6='SDA@ABC.COM' (Size = 256), @p7='SDA@ABC.COM' (Size = 256), @p8='AQAAAAIAAYagAAAAEOGcJEiuEveuVZAA9qcO80ffuH/BfMYEOKcCDDI0N4Pc2FNPNGbXxwxTDjsZNow+8w==' (Size = 4000), @p9=NULL (Size = 4000), @p10='False', @p11='4UFOVYISY6G3ABDOUTVRSCVSXGXN4OSX' (Size = 4000), @p12='False', @p13='sda@abc.com' (Size = 256)"], CommandType='Text', CommandTimeout='30']"
""SET IMPLICIT_TRANSACTIONS OFF;
SET NOCOUNT ON;
UPDATE [AspNetUsers] SET [AccessFailedCount] = @p0, [ConcurrencyStamp] = @p1, [Email] = @p2, [EmailConfirmed] = @p3, [LockoutEnabled] = @p4, [LockoutEnd] = @p5, [NormalizedEmail] = @p6, [NormalizedUserName] = @p7, [PasswordHash] = @p8, [PhoneNumber] = @p9, [PhoneNumberConfirmed] = @p10, [SecurityStamp] = @p11, [TwoFactorEnabled] = @p12, [UserName] = @p13
OUTPUT 1
WHERE [Id] = @p14 AND [ConcurrencyStamp] = @p15;"
2024-10-28 22:12:09.415 [Information] HTTP "POST" "/login" responded 401 in 173.2188 ms
2024-10-28 22:15:14.604 [Information] HTTP "GET" "/swagger/index.html" responded 200 in 46.2643 ms
2024-10-28 22:15:14.643 [Information] HTTP "GET" "/swagger/swagger-ui.css" responded 200 in 14.4974 ms
2024-10-28 22:15:14.643 [Information] HTTP "GET" "/swagger/swagger-ui-standalone-preset.js" responded 200 in 14.0113 ms
2024-10-28 22:15:14.646 [Information] HTTP "GET" "/swagger/swagger-ui-bundle.js" responded 200 in 17.7741 ms
2024-10-28 22:15:14.793 [Information] HTTP "GET" "/swagger/v1/swagger.json" responded 200 in 74.7102 ms
2024-10-28 22:16:09.049 [Information] HTTP "GET" "/swagger/index.html" responded 200 in 8.1506 ms
2024-10-28 22:16:09.159 [Information] HTTP "GET" "/swagger/v1/swagger.json" responded 200 in 9.1850 ms
2024-10-28 22:16:12.323 [Information] HTTP "GET" "/swagger/index.html" responded 200 in 0.8680 ms
2024-10-28 22:16:12.370 [Information] HTTP "GET" "/swagger/v1/swagger.json" responded 200 in 4.2080 ms
2024-10-28 22:16:17.930 [Information] Application is shutting down...
2024-10-28 22:16:21.628 [Warning] Sensitive data logging is enabled. Log entries and exception messages may include sensitive application data; this mode should only be enabled during development.
2024-10-28 22:16:21.698 [Warning] The entity type '"Address"' is an optional dependent using table sharing without any required non shared property that could be used to identify whether the entity exists. If all nullable properties contain a null value in database then an object instance won't be created in the query. Add a required property to create instances with null values for other properties or mark the incoming navigation as required to always create an instance.
2024-10-28 22:16:21.705 [Warning] No store type was specified for the decimal property '"Price"' on entity type '"Dish"'. This will cause values to be silently truncated if they do not fit in the default precision and scale. Explicitly specify the SQL server column type that can accommodate all the values in 'OnModelCreating' using 'HasColumnType', specify precision and scale using 'HasPrecision', or configure a value converter using 'HasConversion'.
2024-10-28 22:16:21.934 [Information] Executed DbCommand ("18"ms) [Parameters=[""], CommandType='Text', CommandTimeout='30']"
""SELECT 1"
2024-10-28 22:16:22.057 [Information] Executed DbCommand ("6"ms) [Parameters=[""], CommandType='Text', CommandTimeout='30']"
""SELECT CASE
    WHEN EXISTS (
        SELECT 1
        FROM [Restaurants] AS [r]) THEN CAST(1 AS bit)
    ELSE CAST(0 AS bit)
END"
2024-10-28 22:16:22.144 [Information] Now listening on: "http://localhost:5298"
2024-10-28 22:16:22.146 [Information] Application started. Press Ctrl+C to shut down.
2024-10-28 22:16:22.146 [Information] Hosting environment: "Development"
2024-10-28 22:16:22.147 [Information] Content root path: "/Users/loganathansellappa/projects/Restuarants/Restaurants.API"
2024-10-28 22:16:22.645 [Warning] Failed to determine the https port for redirect.
2024-10-28 22:16:22.676 [Information] HTTP "GET" "/weatherforecast" responded 200 in 36.3912 ms
2024-10-28 22:16:31.243 [Information] HTTP "GET" "/swagger/index.html" responded 200 in 29.1937 ms
2024-10-28 22:16:31.330 [Information] HTTP "GET" "/swagger/v1/swagger.json" responded 200 in 49.2384 ms
2024-10-28 22:20:41.569 [Information] Application is shutting down...
2024-10-28 22:20:48.396 [Warning] Sensitive data logging is enabled. Log entries and exception messages may include sensitive application data; this mode should only be enabled during development.
2024-10-28 22:20:48.463 [Warning] The entity type '"Address"' is an optional dependent using table sharing without any required non shared property that could be used to identify whether the entity exists. If all nullable properties contain a null value in database then an object instance won't be created in the query. Add a required property to create instances with null values for other properties or mark the incoming navigation as required to always create an instance.
2024-10-28 22:20:48.470 [Warning] No store type was specified for the decimal property '"Price"' on entity type '"Dish"'. This will cause values to be silently truncated if they do not fit in the default precision and scale. Explicitly specify the SQL server column type that can accommodate all the values in 'OnModelCreating' using 'HasColumnType', specify precision and scale using 'HasPrecision', or configure a value converter using 'HasConversion'.
2024-10-28 22:20:49.188 [Information] Executed DbCommand ("29"ms) [Parameters=[""], CommandType='Text', CommandTimeout='30']"
""SELECT 1"
2024-10-28 22:20:49.320 [Information] Executed DbCommand ("8"ms) [Parameters=[""], CommandType='Text', CommandTimeout='30']"
""SELECT CASE
    WHEN EXISTS (
        SELECT 1
        FROM [Restaurants] AS [r]) THEN CAST(1 AS bit)
    ELSE CAST(0 AS bit)
END"
2024-10-28 22:20:49.738 [Information] Now listening on: "http://localhost:5298"
2024-10-28 22:20:49.740 [Information] Application started. Press Ctrl+C to shut down.
2024-10-28 22:20:49.740 [Information] Hosting environment: "Development"
2024-10-28 22:20:49.740 [Information] Content root path: "/Users/loganathansellappa/projects/Restuarants/Restaurants.API"
2024-10-28 22:20:50.227 [Warning] Failed to determine the https port for redirect.
2024-10-28 22:20:50.268 [Information] HTTP "GET" "/weatherforecast" responded 200 in 45.9188 ms
2024-10-28 22:20:54.459 [Information] HTTP "GET" "/swagger/index.html" responded 200 in 39.8675 ms
2024-10-28 22:20:54.623 [Information] HTTP "GET" "/swagger/v1/swagger.json" responded 200 in 62.5737 ms
2024-10-28 22:21:16.880 [Information] Retrieving all restaurants
2024-10-28 22:21:17.007 [Information] Executed DbCommand ("34"ms) [Parameters=[""], CommandType='Text', CommandTimeout='30']"
""SELECT [r].[Id], [r].[Category], [r].[ContactEmail], [r].[ContactNumber], [r].[Description], [r].[HasDelivery], [r].[Name], [r].[Address_City], [r].[Address_PostalCode], [r].[Address_Street], [d].[Id], [d].[Description], [d].[KiloCalories], [d].[Name], [d].[Price], [d].[RestaurantId]
FROM [Restaurants] AS [r]
LEFT JOIN [Dishes] AS [d] ON [r].[Id] = [d].[RestaurantId]
ORDER BY [r].[Id]"
2024-10-28 22:21:17.083 [Information] HTTP "GET" "/api/restaurants" responded 200 in 271.1729 ms
2024-10-28 22:41:21.621 [Information] Application is shutting down...
2024-10-28 22:41:30.332 [Warning] Sensitive data logging is enabled. Log entries and exception messages may include sensitive application data; this mode should only be enabled during development.
2024-10-28 22:41:30.397 [Warning] The entity type '"Address"' is an optional dependent using table sharing without any required non shared property that could be used to identify whether the entity exists. If all nullable properties contain a null value in database then an object instance won't be created in the query. Add a required property to create instances with null values for other properties or mark the incoming navigation as required to always create an instance.
2024-10-28 22:41:30.403 [Warning] No store type was specified for the decimal property '"Price"' on entity type '"Dish"'. This will cause values to be silently truncated if they do not fit in the default precision and scale. Explicitly specify the SQL server column type that can accommodate all the values in 'OnModelCreating' using 'HasColumnType', specify precision and scale using 'HasPrecision', or configure a value converter using 'HasConversion'.
2024-10-28 22:41:31.089 [Information] Executed DbCommand ("21"ms) [Parameters=[""], CommandType='Text', CommandTimeout='30']"
""SELECT 1"
2024-10-28 22:41:31.215 [Information] Executed DbCommand ("7"ms) [Parameters=[""], CommandType='Text', CommandTimeout='30']"
""SELECT CASE
    WHEN EXISTS (
        SELECT 1
        FROM [Restaurants] AS [r]) THEN CAST(1 AS bit)
    ELSE CAST(0 AS bit)
END"
2024-10-28 22:41:31.640 [Information] Now listening on: "http://localhost:5298"
2024-10-28 22:41:31.642 [Information] Application started. Press Ctrl+C to shut down.
2024-10-28 22:41:31.642 [Information] Hosting environment: "Development"
2024-10-28 22:41:31.642 [Information] Content root path: "/Users/loganathansellappa/projects/Restuarants/Restaurants.API"
2024-10-28 22:41:32.030 [Warning] Failed to determine the https port for redirect.
2024-10-28 22:41:32.078 [Information] HTTP "GET" "/weatherforecast" responded 200 in 54.7312 ms
2024-10-28 22:41:37.235 [Information] HTTP "GET" "/swagger/index.html" responded 200 in 40.9671 ms
2024-10-28 22:41:37.393 [Information] HTTP "GET" "/swagger/v1/swagger.json" responded 200 in 63.2208 ms
2024-10-28 22:41:50.316 [Information] Retrieving all restaurants
2024-10-28 22:41:50.447 [Information] Executed DbCommand ("15"ms) [Parameters=[""], CommandType='Text', CommandTimeout='30']"
""SELECT [r].[Id], [r].[Category], [r].[ContactEmail], [r].[ContactNumber], [r].[Description], [r].[HasDelivery], [r].[Name], [r].[Address_City], [r].[Address_PostalCode], [r].[Address_Street], [d].[Id], [d].[Description], [d].[KiloCalories], [d].[Name], [d].[Price], [d].[RestaurantId]
FROM [Restaurants] AS [r]
LEFT JOIN [Dishes] AS [d] ON [r].[Id] = [d].[RestaurantId]
ORDER BY [r].[Id]"
2024-10-28 22:41:50.529 [Information] HTTP "GET" "/api/restaurants" responded 200 in 299.5988 ms
2024-10-28 22:46:20.185 [Information] Application is shutting down...
2024-10-28 22:46:23.503 [Warning] Sensitive data logging is enabled. Log entries and exception messages may include sensitive application data; this mode should only be enabled during development.
2024-10-28 22:46:23.567 [Warning] The entity type '"Address"' is an optional dependent using table sharing without any required non shared property that could be used to identify whether the entity exists. If all nullable properties contain a null value in database then an object instance won't be created in the query. Add a required property to create instances with null values for other properties or mark the incoming navigation as required to always create an instance.
2024-10-28 22:46:23.574 [Warning] No store type was specified for the decimal property '"Price"' on entity type '"Dish"'. This will cause values to be silently truncated if they do not fit in the default precision and scale. Explicitly specify the SQL server column type that can accommodate all the values in 'OnModelCreating' using 'HasColumnType', specify precision and scale using 'HasPrecision', or configure a value converter using 'HasConversion'.
2024-10-28 22:46:23.811 [Information] Executed DbCommand ("26"ms) [Parameters=[""], CommandType='Text', CommandTimeout='30']"
""SELECT 1"
2024-10-28 22:46:23.944 [Information] Executed DbCommand ("8"ms) [Parameters=[""], CommandType='Text', CommandTimeout='30']"
""SELECT CASE
    WHEN EXISTS (
        SELECT 1
        FROM [Restaurants] AS [r]) THEN CAST(1 AS bit)
    ELSE CAST(0 AS bit)
END"
2024-10-28 22:46:24.026 [Information] Now listening on: "http://localhost:5298"
2024-10-28 22:46:24.028 [Information] Application started. Press Ctrl+C to shut down.
2024-10-28 22:46:24.028 [Information] Hosting environment: "Development"
2024-10-28 22:46:24.028 [Information] Content root path: "/Users/loganathansellappa/projects/Restuarants/Restaurants.API"
2024-10-28 22:46:24.626 [Warning] Failed to determine the https port for redirect.
2024-10-28 22:46:24.664 [Information] HTTP "GET" "/weatherforecast" responded 200 in 45.4961 ms
2024-10-28 22:46:42.497 [Information] HTTP "GET" "/swagger/index.html" responded 200 in 42.2963 ms
2024-10-28 22:46:42.644 [Information] HTTP "GET" "/swagger/v1/swagger.json" responded 200 in 50.9395 ms
2024-10-28 22:58:56.149 [Information] Application is shutting down...
2024-10-28 22:59:00.790 [Warning] Sensitive data logging is enabled. Log entries and exception messages may include sensitive application data; this mode should only be enabled during development.
2024-10-28 22:59:00.872 [Warning] The entity type '"Address"' is an optional dependent using table sharing without any required non shared property that could be used to identify whether the entity exists. If all nullable properties contain a null value in database then an object instance won't be created in the query. Add a required property to create instances with null values for other properties or mark the incoming navigation as required to always create an instance.
2024-10-28 22:59:00.881 [Warning] No store type was specified for the decimal property '"Price"' on entity type '"Dish"'. This will cause values to be silently truncated if they do not fit in the default precision and scale. Explicitly specify the SQL server column type that can accommodate all the values in 'OnModelCreating' using 'HasColumnType', specify precision and scale using 'HasPrecision', or configure a value converter using 'HasConversion'.
2024-10-28 22:59:01.139 [Information] Executed DbCommand ("18"ms) [Parameters=[""], CommandType='Text', CommandTimeout='30']"
""SELECT 1"
2024-10-28 22:59:01.257 [Information] Executed DbCommand ("8"ms) [Parameters=[""], CommandType='Text', CommandTimeout='30']"
""SELECT CASE
    WHEN EXISTS (
        SELECT 1
        FROM [Restaurants] AS [r]) THEN CAST(1 AS bit)
    ELSE CAST(0 AS bit)
END"
2024-10-28 22:59:01.348 [Information] Now listening on: "http://localhost:5298"
2024-10-28 22:59:01.350 [Information] Application started. Press Ctrl+C to shut down.
2024-10-28 22:59:01.351 [Information] Hosting environment: "Development"
2024-10-28 22:59:01.351 [Information] Content root path: "/Users/loganathansellappa/projects/Restuarants/Restaurants.API"
2024-10-28 22:59:01.896 [Warning] Failed to determine the https port for redirect.
2024-10-28 22:59:01.938 [Information] HTTP "GET" "/weatherforecast" responded 200 in 49.6657 ms
2024-10-28 22:59:25.114 [Information] HTTP "GET" "/swagger/index.html" responded 200 in 45.4222 ms
2024-10-28 22:59:25.227 [Information] HTTP "GET" "/swagger/v1/swagger.json" responded 200 in 53.9699 ms
2024-10-28 23:02:36.045 [Information] HTTP "GET" "/swagger/index.html" responded 200 in 5.0727 ms
2024-10-28 23:02:36.122 [Information] HTTP "GET" "/swagger/v1/swagger.json" responded 200 in 12.7269 ms
2024-10-28 23:03:28.557 [Information] Application is shutting down...
2024-10-28 23:03:32.057 [Warning] Sensitive data logging is enabled. Log entries and exception messages may include sensitive application data; this mode should only be enabled during development.
2024-10-28 23:03:32.126 [Warning] The entity type '"Address"' is an optional dependent using table sharing without any required non shared property that could be used to identify whether the entity exists. If all nullable properties contain a null value in database then an object instance won't be created in the query. Add a required property to create instances with null values for other properties or mark the incoming navigation as required to always create an instance.
2024-10-28 23:03:32.134 [Warning] No store type was specified for the decimal property '"Price"' on entity type '"Dish"'. This will cause values to be silently truncated if they do not fit in the default precision and scale. Explicitly specify the SQL server column type that can accommodate all the values in 'OnModelCreating' using 'HasColumnType', specify precision and scale using 'HasPrecision', or configure a value converter using 'HasConversion'.
2024-10-28 23:03:32.393 [Information] Executed DbCommand ("23"ms) [Parameters=[""], CommandType='Text', CommandTimeout='30']"
""SELECT 1"
2024-10-28 23:03:32.530 [Information] Executed DbCommand ("13"ms) [Parameters=[""], CommandType='Text', CommandTimeout='30']"
""SELECT CASE
    WHEN EXISTS (
        SELECT 1
        FROM [Restaurants] AS [r]) THEN CAST(1 AS bit)
    ELSE CAST(0 AS bit)
END"
2024-10-28 23:03:32.633 [Information] Now listening on: "http://localhost:5298"
2024-10-28 23:03:32.634 [Information] Application started. Press Ctrl+C to shut down.
2024-10-28 23:03:32.635 [Information] Hosting environment: "Development"
2024-10-28 23:03:32.635 [Information] Content root path: "/Users/loganathansellappa/projects/Restuarants/Restaurants.API"
2024-10-28 23:03:33.168 [Warning] Failed to determine the https port for redirect.
2024-10-28 23:03:33.208 [Information] HTTP "GET" "/weatherforecast" responded 200 in 53.3566 ms
2024-10-28 23:06:24.118 [Information] Application is shutting down...
2024-10-28 23:06:27.793 [Warning] Sensitive data logging is enabled. Log entries and exception messages may include sensitive application data; this mode should only be enabled during development.
2024-10-28 23:06:27.867 [Warning] The entity type '"Address"' is an optional dependent using table sharing without any required non shared property that could be used to identify whether the entity exists. If all nullable properties contain a null value in database then an object instance won't be created in the query. Add a required property to create instances with null values for other properties or mark the incoming navigation as required to always create an instance.
2024-10-28 23:06:27.875 [Warning] No store type was specified for the decimal property '"Price"' on entity type '"Dish"'. This will cause values to be silently truncated if they do not fit in the default precision and scale. Explicitly specify the SQL server column type that can accommodate all the values in 'OnModelCreating' using 'HasColumnType', specify precision and scale using 'HasPrecision', or configure a value converter using 'HasConversion'.
2024-10-28 23:06:28.112 [Information] Executed DbCommand ("24"ms) [Parameters=[""], CommandType='Text', CommandTimeout='30']"
""SELECT 1"
2024-10-28 23:06:28.236 [Information] Executed DbCommand ("8"ms) [Parameters=[""], CommandType='Text', CommandTimeout='30']"
""SELECT CASE
    WHEN EXISTS (
        SELECT 1
        FROM [Restaurants] AS [r]) THEN CAST(1 AS bit)
    ELSE CAST(0 AS bit)
END"
2024-10-28 23:06:28.315 [Information] Now listening on: "http://localhost:5298"
2024-10-28 23:06:28.317 [Information] Application started. Press Ctrl+C to shut down.
2024-10-28 23:06:28.317 [Information] Hosting environment: "Development"
2024-10-28 23:06:28.317 [Information] Content root path: "/Users/loganathansellappa/projects/Restuarants/Restaurants.API"
2024-10-28 23:06:28.900 [Warning] Failed to determine the https port for redirect.
2024-10-28 23:06:28.942 [Information] HTTP "GET" "/weatherforecast" responded 200 in 49.8368 ms
2024-10-28 23:07:04.469 [Information] Executed DbCommand ("22"ms) [Parameters=["@__normalizedUserName_0='SDA@ABC.COM' (Size = 256)"], CommandType='Text', CommandTimeout='30']"
""SELECT TOP(1) [a].[Id], [a].[AccessFailedCount], [a].[ConcurrencyStamp], [a].[Email], [a].[EmailConfirmed], [a].[LockoutEnabled], [a].[LockoutEnd], [a].[NormalizedEmail], [a].[NormalizedUserName], [a].[PasswordHash], [a].[PhoneNumber], [a].[PhoneNumberConfirmed], [a].[SecurityStamp], [a].[TwoFactorEnabled], [a].[UserName]
FROM [AspNetUsers] AS [a]
WHERE [a].[NormalizedUserName] = @__normalizedUserName_0"
2024-10-28 23:07:04.572 [Information] Executed DbCommand ("4"ms) [Parameters=["@__normalizedUserName_0='SDA@ABC.COM' (Size = 256)"], CommandType='Text', CommandTimeout='30']"
""SELECT TOP(1) [a].[Id], [a].[AccessFailedCount], [a].[ConcurrencyStamp], [a].[Email], [a].[EmailConfirmed], [a].[LockoutEnabled], [a].[LockoutEnd], [a].[NormalizedEmail], [a].[NormalizedUserName], [a].[PasswordHash], [a].[PhoneNumber], [a].[PhoneNumberConfirmed], [a].[SecurityStamp], [a].[TwoFactorEnabled], [a].[UserName]
FROM [AspNetUsers] AS [a]
WHERE [a].[NormalizedUserName] = @__normalizedUserName_0"
2024-10-28 23:07:04.650 [Information] Executed DbCommand ("14"ms) [Parameters=["@p14='dcd00b0f-0005-46d7-b02d-883b03da3326' (Nullable = false) (Size = 450), @p0='0', @p1='ff774e3b-cf70-4b22-96ee-f9455687fa64' (Size = 4000), @p15='a71f56b6-5a05-42d4-bcb9-9c2db158dc27' (Size = 4000), @p2='sda@abc.com' (Size = 256), @p3='False', @p4='True', @p5=NULL (DbType = DateTimeOffset), @p6='SDA@ABC.COM' (Size = 256), @p7='SDA@ABC.COM' (Size = 256), @p8='AQAAAAIAAYagAAAAEOGcJEiuEveuVZAA9qcO80ffuH/BfMYEOKcCDDI0N4Pc2FNPNGbXxwxTDjsZNow+8w==' (Size = 4000), @p9=NULL (Size = 4000), @p10='False', @p11='4UFOVYISY6G3ABDOUTVRSCVSXGXN4OSX' (Size = 4000), @p12='False', @p13='sda@abc.com' (Size = 256)"], CommandType='Text', CommandTimeout='30']"
""SET IMPLICIT_TRANSACTIONS OFF;
SET NOCOUNT ON;
UPDATE [AspNetUsers] SET [AccessFailedCount] = @p0, [ConcurrencyStamp] = @p1, [Email] = @p2, [EmailConfirmed] = @p3, [LockoutEnabled] = @p4, [LockoutEnd] = @p5, [NormalizedEmail] = @p6, [NormalizedUserName] = @p7, [PasswordHash] = @p8, [PhoneNumber] = @p9, [PhoneNumberConfirmed] = @p10, [SecurityStamp] = @p11, [TwoFactorEnabled] = @p12, [UserName] = @p13
OUTPUT 1
WHERE [Id] = @p14 AND [ConcurrencyStamp] = @p15;"
2024-10-28 23:07:04.682 [Information] Executed DbCommand ("3"ms) [Parameters=["@__user_Id_0='dcd00b0f-0005-46d7-b02d-883b03da3326' (Size = 450)"], CommandType='Text', CommandTimeout='30']"
""SELECT [a].[Id], [a].[ClaimType], [a].[ClaimValue], [a].[UserId]
FROM [AspNetUserClaims] AS [a]
WHERE [a].[UserId] = @__user_Id_0"
2024-10-28 23:07:04.693 [Information] HTTP "POST" "/api/identity/login" responded 200 in 320.9326 ms
2024-10-28 23:07:44.845 [Information] HTTP "GET" "/weatherforecast/" responded 200 in 2.3386 ms
2024-10-28 23:07:48.574 [Information] Creating restaurant
2024-10-28 23:07:48.669 [Information] Executed DbCommand ("34"ms) [Parameters=["@p0='Indian' (Nullable = false) (Size = 4000), @p1='sda@abc.com' (Size = 4000), @p2=NULL (Size = 4000), @p3='Fast food restaurant' (Nullable = false) (Size = 4000), @p4='True', @p5='MediatorR' (Nullable = false) (Size = 4000), @p6='London' (Size = 4000), @p7='12-345' (Size = 4000), @p8='Baker Street' (Size = 4000)"], CommandType='Text', CommandTimeout='30']"
""SET IMPLICIT_TRANSACTIONS OFF;
SET NOCOUNT ON;
INSERT INTO [Restaurants] ([Category], [ContactEmail], [ContactNumber], [Description], [HasDelivery], [Name], [Address_City], [Address_PostalCode], [Address_Street])
OUTPUT INSERTED.[Id]
VALUES (@p0, @p1, @p2, @p3, @p4, @p5, @p6, @p7, @p8);"
2024-10-28 23:07:48.688 [Information] HTTP "POST" "/api/restaurants" responded 201 in 216.5711 ms
2024-10-28 23:07:51.860 [Information] Creating restaurant
2024-10-28 23:07:51.870 [Information] Executed DbCommand ("6"ms) [Parameters=["@p0='Indian' (Nullable = false) (Size = 4000), @p1='sda@abc.com' (Size = 4000), @p2=NULL (Size = 4000), @p3='Fast food restaurant' (Nullable = false) (Size = 4000), @p4='True', @p5='MediatorR' (Nullable = false) (Size = 4000), @p6='London' (Size = 4000), @p7='12-345' (Size = 4000), @p8='Baker Street' (Size = 4000)"], CommandType='Text', CommandTimeout='30']"
""SET IMPLICIT_TRANSACTIONS OFF;
SET NOCOUNT ON;
INSERT INTO [Restaurants] ([Category], [ContactEmail], [ContactNumber], [Description], [HasDelivery], [Name], [Address_City], [Address_PostalCode], [Address_Street])
OUTPUT INSERTED.[Id]
VALUES (@p0, @p1, @p2, @p3, @p4, @p5, @p6, @p7, @p8);"
2024-10-28 23:07:51.871 [Information] HTTP "POST" "/api/restaurants" responded 201 in 12.4439 ms
2024-10-28 23:08:28.539 [Information] Application is shutting down...
2024-10-28 23:08:29.886 [Warning] Sensitive data logging is enabled. Log entries and exception messages may include sensitive application data; this mode should only be enabled during development.
2024-10-28 23:08:29.945 [Warning] The entity type '"Address"' is an optional dependent using table sharing without any required non shared property that could be used to identify whether the entity exists. If all nullable properties contain a null value in database then an object instance won't be created in the query. Add a required property to create instances with null values for other properties or mark the incoming navigation as required to always create an instance.
2024-10-28 23:08:29.953 [Warning] No store type was specified for the decimal property '"Price"' on entity type '"Dish"'. This will cause values to be silently truncated if they do not fit in the default precision and scale. Explicitly specify the SQL server column type that can accommodate all the values in 'OnModelCreating' using 'HasColumnType', specify precision and scale using 'HasPrecision', or configure a value converter using 'HasConversion'.
2024-10-28 23:08:30.180 [Information] Executed DbCommand ("19"ms) [Parameters=[""], CommandType='Text', CommandTimeout='30']"
""SELECT 1"
2024-10-28 23:08:30.321 [Information] Executed DbCommand ("7"ms) [Parameters=[""], CommandType='Text', CommandTimeout='30']"
""SELECT CASE
    WHEN EXISTS (
        SELECT 1
        FROM [Restaurants] AS [r]) THEN CAST(1 AS bit)
    ELSE CAST(0 AS bit)
END"
2024-10-28 23:08:30.412 [Information] Now listening on: "http://localhost:5298"
2024-10-28 23:08:30.417 [Information] Application started. Press Ctrl+C to shut down.
2024-10-28 23:08:30.420 [Information] Hosting environment: "Development"
2024-10-28 23:08:30.420 [Information] Content root path: "/Users/loganathansellappa/projects/Restuarants/Restaurants.API"
2024-10-28 23:08:30.724 [Warning] Failed to determine the https port for redirect.
2024-10-28 23:08:30.770 [Information] HTTP "GET" "/weatherforecast" responded 200 in 55.1185 ms
2024-10-28 23:09:23.843 [Information] Updating restaurant
2024-10-28 23:09:23.969 [Information] Executed DbCommand ("38"ms) [Parameters=["@__p_0='1003'"], CommandType='Text', CommandTimeout='30']"
""SELECT TOP(1) [r].[Id], [r].[Category], [r].[ContactEmail], [r].[ContactNumber], [r].[Description], [r].[HasDelivery], [r].[Name], [r].[Address_City], [r].[Address_PostalCode], [r].[Address_Street]
FROM [Restaurants] AS [r]
WHERE [r].[Id] = @__p_0"
2024-10-28 23:09:24.023 [Information] HTTP "PUT" "/api/restaurants" responded 204 in 291.0833 ms
2024-10-28 23:09:27.141 [Information] Updating restaurant
2024-10-28 23:09:27.171 [Information] Executed DbCommand ("3"ms) [Parameters=["@__p_0='1003'"], CommandType='Text', CommandTimeout='30']"
""SELECT TOP(1) [r].[Id], [r].[Category], [r].[ContactEmail], [r].[ContactNumber], [r].[Description], [r].[HasDelivery], [r].[Name], [r].[Address_City], [r].[Address_PostalCode], [r].[Address_Street]
FROM [Restaurants] AS [r]
WHERE [r].[Id] = @__p_0"
2024-10-28 23:09:27.171 [Information] HTTP "PUT" "/api/restaurants" responded 204 in 32.8482 ms
2024-10-28 23:09:28.119 [Information] Updating restaurant
2024-10-28 23:09:28.124 [Information] Executed DbCommand ("3"ms) [Parameters=["@__p_0='1003'"], CommandType='Text', CommandTimeout='30']"
""SELECT TOP(1) [r].[Id], [r].[Category], [r].[ContactEmail], [r].[ContactNumber], [r].[Description], [r].[HasDelivery], [r].[Name], [r].[Address_City], [r].[Address_PostalCode], [r].[Address_Street]
FROM [Restaurants] AS [r]
WHERE [r].[Id] = @__p_0"
2024-10-28 23:09:28.125 [Information] HTTP "PUT" "/api/restaurants" responded 204 in 7.9560 ms
2024-10-28 23:10:13.194 [Information] Executed DbCommand ("5"ms) [Parameters=["@__normalizedUserName_0='SDA@ABC.COM' (Size = 256)"], CommandType='Text', CommandTimeout='30']"
""SELECT TOP(1) [a].[Id], [a].[AccessFailedCount], [a].[ConcurrencyStamp], [a].[Email], [a].[EmailConfirmed], [a].[LockoutEnabled], [a].[LockoutEnd], [a].[NormalizedEmail], [a].[NormalizedUserName], [a].[PasswordHash], [a].[PhoneNumber], [a].[PhoneNumberConfirmed], [a].[SecurityStamp], [a].[TwoFactorEnabled], [a].[UserName]
FROM [AspNetUsers] AS [a]
WHERE [a].[NormalizedUserName] = @__normalizedUserName_0"
2024-10-28 23:10:13.275 [Information] Executed DbCommand ("3"ms) [Parameters=["@__user_Id_0='dcd00b0f-0005-46d7-b02d-883b03da3326' (Size = 450)"], CommandType='Text', CommandTimeout='30']"
""SELECT [a].[Id], [a].[ClaimType], [a].[ClaimValue], [a].[UserId]
FROM [AspNetUserClaims] AS [a]
WHERE [a].[UserId] = @__user_Id_0"
2024-10-28 23:10:13.286 [Information] HTTP "POST" "/api/identity/login" responded 200 in 114.3528 ms
2024-10-28 23:10:43.957 [Information] Executed DbCommand ("6"ms) [Parameters=["@__normalizedUserName_0='SDA@ABC.COM' (Size = 256)"], CommandType='Text', CommandTimeout='30']"
""SELECT TOP(1) [a].[Id], [a].[AccessFailedCount], [a].[ConcurrencyStamp], [a].[Email], [a].[EmailConfirmed], [a].[LockoutEnabled], [a].[LockoutEnd], [a].[NormalizedEmail], [a].[NormalizedUserName], [a].[PasswordHash], [a].[PhoneNumber], [a].[PhoneNumberConfirmed], [a].[SecurityStamp], [a].[TwoFactorEnabled], [a].[UserName]
FROM [AspNetUsers] AS [a]
WHERE [a].[NormalizedUserName] = @__normalizedUserName_0"
2024-10-28 23:10:44.004 [Information] Executed DbCommand ("4"ms) [Parameters=["@__user_Id_0='dcd00b0f-0005-46d7-b02d-883b03da3326' (Size = 450)"], CommandType='Text', CommandTimeout='30']"
""SELECT [a].[Id], [a].[ClaimType], [a].[ClaimValue], [a].[UserId]
FROM [AspNetUserClaims] AS [a]
WHERE [a].[UserId] = @__user_Id_0"
2024-10-28 23:10:44.005 [Information] HTTP "POST" "/api/identity/login" responded 200 in 57.6212 ms
2024-10-28 23:13:02.658 [Information] Retrieving all restaurants
2024-10-28 23:13:02.702 [Information] Executed DbCommand ("5"ms) [Parameters=[""], CommandType='Text', CommandTimeout='30']"
""SELECT [r].[Id], [r].[Category], [r].[ContactEmail], [r].[ContactNumber], [r].[Description], [r].[HasDelivery], [r].[Name], [r].[Address_City], [r].[Address_PostalCode], [r].[Address_Street], [d].[Id], [d].[Description], [d].[KiloCalories], [d].[Name], [d].[Price], [d].[RestaurantId]
FROM [Restaurants] AS [r]
LEFT JOIN [Dishes] AS [d] ON [r].[Id] = [d].[RestaurantId]
ORDER BY [r].[Id]"
2024-10-28 23:13:02.754 [Information] HTTP "GET" "/api/restaurants" responded 200 in 109.0078 ms
2024-10-28 23:14:01.378 [Information] Retrieving all restaurants
2024-10-28 23:14:01.395 [Information] Executed DbCommand ("11"ms) [Parameters=[""], CommandType='Text', CommandTimeout='30']"
""SELECT [r].[Id], [r].[Category], [r].[ContactEmail], [r].[ContactNumber], [r].[Description], [r].[HasDelivery], [r].[Name], [r].[Address_City], [r].[Address_PostalCode], [r].[Address_Street], [d].[Id], [d].[Description], [d].[KiloCalories], [d].[Name], [d].[Price], [d].[RestaurantId]
FROM [Restaurants] AS [r]
LEFT JOIN [Dishes] AS [d] ON [r].[Id] = [d].[RestaurantId]
ORDER BY [r].[Id]"
2024-10-28 23:14:01.400 [Information] HTTP "GET" "/api/restaurants" responded 200 in 24.7363 ms
2024-10-28 23:14:02.546 [Information] Retrieving all restaurants
2024-10-28 23:14:02.551 [Information] Executed DbCommand ("3"ms) [Parameters=[""], CommandType='Text', CommandTimeout='30']"
""SELECT [r].[Id], [r].[Category], [r].[ContactEmail], [r].[ContactNumber], [r].[Description], [r].[HasDelivery], [r].[Name], [r].[Address_City], [r].[Address_PostalCode], [r].[Address_Street], [d].[Id], [d].[Description], [d].[KiloCalories], [d].[Name], [d].[Price], [d].[RestaurantId]
FROM [Restaurants] AS [r]
LEFT JOIN [Dishes] AS [d] ON [r].[Id] = [d].[RestaurantId]
ORDER BY [r].[Id]"
2024-10-28 23:14:02.554 [Information] HTTP "GET" "/api/restaurants" responded 200 in 8.7248 ms
2024-10-28 23:14:03.097 [Information] Retrieving all restaurants
2024-10-28 23:14:03.103 [Information] Executed DbCommand ("3"ms) [Parameters=[""], CommandType='Text', CommandTimeout='30']"
""SELECT [r].[Id], [r].[Category], [r].[ContactEmail], [r].[ContactNumber], [r].[Description], [r].[HasDelivery], [r].[Name], [r].[Address_City], [r].[Address_PostalCode], [r].[Address_Street], [d].[Id], [d].[Description], [d].[KiloCalories], [d].[Name], [d].[Price], [d].[RestaurantId]
FROM [Restaurants] AS [r]
LEFT JOIN [Dishes] AS [d] ON [r].[Id] = [d].[RestaurantId]
ORDER BY [r].[Id]"
2024-10-28 23:14:03.105 [Information] HTTP "GET" "/api/restaurants" responded 200 in 8.2582 ms
2024-10-28 23:14:03.289 [Information] Retrieving all restaurants
2024-10-28 23:14:03.293 [Information] Executed DbCommand ("3"ms) [Parameters=[""], CommandType='Text', CommandTimeout='30']"
""SELECT [r].[Id], [r].[Category], [r].[ContactEmail], [r].[ContactNumber], [r].[Description], [r].[HasDelivery], [r].[Name], [r].[Address_City], [r].[Address_PostalCode], [r].[Address_Street], [d].[Id], [d].[Description], [d].[KiloCalories], [d].[Name], [d].[Price], [d].[RestaurantId]
FROM [Restaurants] AS [r]
LEFT JOIN [Dishes] AS [d] ON [r].[Id] = [d].[RestaurantId]
ORDER BY [r].[Id]"
2024-10-28 23:14:03.295 [Information] HTTP "GET" "/api/restaurants" responded 200 in 6.4433 ms
2024-10-28 23:14:08.273 [Information] Retrieving all restaurants
2024-10-28 23:14:08.278 [Information] Executed DbCommand ("4"ms) [Parameters=[""], CommandType='Text', CommandTimeout='30']"
""SELECT [r].[Id], [r].[Category], [r].[ContactEmail], [r].[ContactNumber], [r].[Description], [r].[HasDelivery], [r].[Name], [r].[Address_City], [r].[Address_PostalCode], [r].[Address_Street], [d].[Id], [d].[Description], [d].[KiloCalories], [d].[Name], [d].[Price], [d].[RestaurantId]
FROM [Restaurants] AS [r]
LEFT JOIN [Dishes] AS [d] ON [r].[Id] = [d].[RestaurantId]
ORDER BY [r].[Id]"
2024-10-28 23:14:08.280 [Information] HTTP "GET" "/api/restaurants" responded 200 in 7.3515 ms
2024-10-28 23:14:09.004 [Information] Retrieving all restaurants
2024-10-28 23:14:09.009 [Information] Executed DbCommand ("4"ms) [Parameters=[""], CommandType='Text', CommandTimeout='30']"
""SELECT [r].[Id], [r].[Category], [r].[ContactEmail], [r].[ContactNumber], [r].[Description], [r].[HasDelivery], [r].[Name], [r].[Address_City], [r].[Address_PostalCode], [r].[Address_Street], [d].[Id], [d].[Description], [d].[KiloCalories], [d].[Name], [d].[Price], [d].[RestaurantId]
FROM [Restaurants] AS [r]
LEFT JOIN [Dishes] AS [d] ON [r].[Id] = [d].[RestaurantId]
ORDER BY [r].[Id]"
2024-10-28 23:14:09.011 [Information] HTTP "GET" "/api/restaurants" responded 200 in 7.4213 ms
2024-10-28 23:14:34.630 [Information] Retrieving all restaurants
2024-10-28 23:14:34.636 [Information] Executed DbCommand ("4"ms) [Parameters=[""], CommandType='Text', CommandTimeout='30']"
""SELECT [r].[Id], [r].[Category], [r].[ContactEmail], [r].[ContactNumber], [r].[Description], [r].[HasDelivery], [r].[Name], [r].[Address_City], [r].[Address_PostalCode], [r].[Address_Street], [d].[Id], [d].[Description], [d].[KiloCalories], [d].[Name], [d].[Price], [d].[RestaurantId]
FROM [Restaurants] AS [r]
LEFT JOIN [Dishes] AS [d] ON [r].[Id] = [d].[RestaurantId]
ORDER BY [r].[Id]"
2024-10-28 23:14:34.638 [Information] HTTP "GET" "/api/restaurants" responded 200 in 8.8567 ms
2024-10-28 23:14:35.346 [Information] Retrieving all restaurants
2024-10-28 23:14:35.350 [Information] Executed DbCommand ("4"ms) [Parameters=[""], CommandType='Text', CommandTimeout='30']"
""SELECT [r].[Id], [r].[Category], [r].[ContactEmail], [r].[ContactNumber], [r].[Description], [r].[HasDelivery], [r].[Name], [r].[Address_City], [r].[Address_PostalCode], [r].[Address_Street], [d].[Id], [d].[Description], [d].[KiloCalories], [d].[Name], [d].[Price], [d].[RestaurantId]
FROM [Restaurants] AS [r]
LEFT JOIN [Dishes] AS [d] ON [r].[Id] = [d].[RestaurantId]
ORDER BY [r].[Id]"
2024-10-28 23:14:35.353 [Information] HTTP "GET" "/api/restaurants" responded 200 in 7.8373 ms
2024-10-28 23:14:35.729 [Information] Retrieving all restaurants
2024-10-28 23:14:35.733 [Information] Executed DbCommand ("3"ms) [Parameters=[""], CommandType='Text', CommandTimeout='30']"
""SELECT [r].[Id], [r].[Category], [r].[ContactEmail], [r].[ContactNumber], [r].[Description], [r].[HasDelivery], [r].[Name], [r].[Address_City], [r].[Address_PostalCode], [r].[Address_Street], [d].[Id], [d].[Description], [d].[KiloCalories], [d].[Name], [d].[Price], [d].[RestaurantId]
FROM [Restaurants] AS [r]
LEFT JOIN [Dishes] AS [d] ON [r].[Id] = [d].[RestaurantId]
ORDER BY [r].[Id]"
2024-10-28 23:14:35.735 [Information] HTTP "GET" "/api/restaurants" responded 200 in 6.4282 ms
2024-10-28 23:14:35.926 [Information] Retrieving all restaurants
2024-10-28 23:14:35.930 [Information] Executed DbCommand ("3"ms) [Parameters=[""], CommandType='Text', CommandTimeout='30']"
""SELECT [r].[Id], [r].[Category], [r].[ContactEmail], [r].[ContactNumber], [r].[Description], [r].[HasDelivery], [r].[Name], [r].[Address_City], [r].[Address_PostalCode], [r].[Address_Street], [d].[Id], [d].[Description], [d].[KiloCalories], [d].[Name], [d].[Price], [d].[RestaurantId]
FROM [Restaurants] AS [r]
LEFT JOIN [Dishes] AS [d] ON [r].[Id] = [d].[RestaurantId]
ORDER BY [r].[Id]"
2024-10-28 23:14:35.932 [Information] HTTP "GET" "/api/restaurants" responded 200 in 6.0705 ms
2024-10-28 23:14:36.163 [Information] Retrieving all restaurants
2024-10-28 23:14:36.167 [Information] Executed DbCommand ("3"ms) [Parameters=[""], CommandType='Text', CommandTimeout='30']"
""SELECT [r].[Id], [r].[Category], [r].[ContactEmail], [r].[ContactNumber], [r].[Description], [r].[HasDelivery], [r].[Name], [r].[Address_City], [r].[Address_PostalCode], [r].[Address_Street], [d].[Id], [d].[Description], [d].[KiloCalories], [d].[Name], [d].[Price], [d].[RestaurantId]
FROM [Restaurants] AS [r]
LEFT JOIN [Dishes] AS [d] ON [r].[Id] = [d].[RestaurantId]
ORDER BY [r].[Id]"
2024-10-28 23:14:36.169 [Information] HTTP "GET" "/api/restaurants" responded 200 in 6.6189 ms
2024-10-28 23:14:44.568 [Information] Application is shutting down...
2024-10-28 23:14:51.744 [Warning] Sensitive data logging is enabled. Log entries and exception messages may include sensitive application data; this mode should only be enabled during development.
2024-10-28 23:14:51.814 [Warning] The entity type '"Address"' is an optional dependent using table sharing without any required non shared property that could be used to identify whether the entity exists. If all nullable properties contain a null value in database then an object instance won't be created in the query. Add a required property to create instances with null values for other properties or mark the incoming navigation as required to always create an instance.
2024-10-28 23:14:51.822 [Warning] No store type was specified for the decimal property '"Price"' on entity type '"Dish"'. This will cause values to be silently truncated if they do not fit in the default precision and scale. Explicitly specify the SQL server column type that can accommodate all the values in 'OnModelCreating' using 'HasColumnType', specify precision and scale using 'HasPrecision', or configure a value converter using 'HasConversion'.
2024-10-28 23:14:52.191 [Information] Executed DbCommand ("24"ms) [Parameters=[""], CommandType='Text', CommandTimeout='30']"
""SELECT 1"
2024-10-28 23:14:52.434 [Information] Executed DbCommand ("11"ms) [Parameters=[""], CommandType='Text', CommandTimeout='30']"
""SELECT CASE
    WHEN EXISTS (
        SELECT 1
        FROM [Restaurants] AS [r]) THEN CAST(1 AS bit)
    ELSE CAST(0 AS bit)
END"
2024-10-28 23:14:52.649 [Information] Now listening on: "http://localhost:5298"
2024-10-28 23:14:52.673 [Information] Application started. Press Ctrl+C to shut down.
2024-10-28 23:14:52.673 [Information] Hosting environment: "Development"
2024-10-28 23:14:52.673 [Information] Content root path: "/Users/loganathansellappa/projects/Restuarants/Restaurants.API"
2024-10-28 23:14:57.486 [Warning] Failed to determine the https port for redirect.
2024-10-28 23:14:57.530 [Information] HTTP "GET" "/weatherforecast" responded 200 in 52.0885 ms
2024-10-28 23:16:48.105 [Information] Retrieving all restaurants
2024-10-28 23:16:48.245 [Information] Executed DbCommand ("17"ms) [Parameters=[""], CommandType='Text', CommandTimeout='30']"
""SELECT [r].[Id], [r].[Category], [r].[ContactEmail], [r].[ContactNumber], [r].[Description], [r].[HasDelivery], [r].[Name], [r].[Address_City], [r].[Address_PostalCode], [r].[Address_Street], [d].[Id], [d].[Description], [d].[KiloCalories], [d].[Name], [d].[Price], [d].[RestaurantId]
FROM [Restaurants] AS [r]
LEFT JOIN [Dishes] AS [d] ON [r].[Id] = [d].[RestaurantId]
ORDER BY [r].[Id]"
2024-10-28 23:16:51.673 [Information] HTTP "GET" "/api/restaurants" responded 200 in 65299.9689 ms
2024-10-28 23:16:51.675 [Information] Request ["GET"] at "/api/restaurants" took 65300 ms
2024-10-28 23:23:01.042 [Information] Retrieving all restaurants
2024-10-28 23:23:01.133 [Information] Executed DbCommand ("4"ms) [Parameters=[""], CommandType='Text', CommandTimeout='30']"
""SELECT [r].[Id], [r].[Category], [r].[ContactEmail], [r].[ContactNumber], [r].[Description], [r].[HasDelivery], [r].[Name], [r].[Address_City], [r].[Address_PostalCode], [r].[Address_Street], [d].[Id], [d].[Description], [d].[KiloCalories], [d].[Name], [d].[Price], [d].[RestaurantId]
FROM [Restaurants] AS [r]
LEFT JOIN [Dishes] AS [d] ON [r].[Id] = [d].[RestaurantId]
ORDER BY [r].[Id]"
2024-10-28 23:23:01.137 [Information] HTTP "GET" "/api/restaurants" responded 200 in 101.8127 ms
2024-10-28 23:23:53.178 [Information] HTTP "GET" "/weatherforecast/" responded 200 in 0.6745 ms
2024-10-28 23:24:11.883 [Information] Retrieving all restaurants
2024-10-28 23:24:11.892 [Information] Executed DbCommand ("8"ms) [Parameters=[""], CommandType='Text', CommandTimeout='30']"
""SELECT [r].[Id], [r].[Category], [r].[ContactEmail], [r].[ContactNumber], [r].[Description], [r].[HasDelivery], [r].[Name], [r].[Address_City], [r].[Address_PostalCode], [r].[Address_Street], [d].[Id], [d].[Description], [d].[KiloCalories], [d].[Name], [d].[Price], [d].[RestaurantId]
FROM [Restaurants] AS [r]
LEFT JOIN [Dishes] AS [d] ON [r].[Id] = [d].[RestaurantId]
ORDER BY [r].[Id]"
2024-10-28 23:24:11.893 [Information] HTTP "GET" "/api/restaurants" responded 200 in 12.0849 ms
2024-10-28 23:24:12.959 [Information] Retrieving all restaurants
2024-10-28 23:24:13.035 [Information] Executed DbCommand ("50"ms) [Parameters=[""], CommandType='Text', CommandTimeout='30']"
""SELECT [r].[Id], [r].[Category], [r].[ContactEmail], [r].[ContactNumber], [r].[Description], [r].[HasDelivery], [r].[Name], [r].[Address_City], [r].[Address_PostalCode], [r].[Address_Street], [d].[Id], [d].[Description], [d].[KiloCalories], [d].[Name], [d].[Price], [d].[RestaurantId]
FROM [Restaurants] AS [r]
LEFT JOIN [Dishes] AS [d] ON [r].[Id] = [d].[RestaurantId]
ORDER BY [r].[Id]"
2024-10-28 23:24:13.106 [Information] HTTP "GET" "/api/restaurants" responded 200 in 147.0320 ms
2024-10-28 23:24:13.875 [Information] Retrieving all restaurants
2024-10-28 23:24:13.902 [Information] Executed DbCommand ("3"ms) [Parameters=[""], CommandType='Text', CommandTimeout='30']"
""SELECT [r].[Id], [r].[Category], [r].[ContactEmail], [r].[ContactNumber], [r].[Description], [r].[HasDelivery], [r].[Name], [r].[Address_City], [r].[Address_PostalCode], [r].[Address_Street], [d].[Id], [d].[Description], [d].[KiloCalories], [d].[Name], [d].[Price], [d].[RestaurantId]
FROM [Restaurants] AS [r]
LEFT JOIN [Dishes] AS [d] ON [r].[Id] = [d].[RestaurantId]
ORDER BY [r].[Id]"
2024-10-28 23:24:13.978 [Information] HTTP "GET" "/api/restaurants" responded 200 in 103.2233 ms
2024-10-28 23:24:17.038 [Information] Retrieving all restaurants
2024-10-28 23:24:17.042 [Information] Executed DbCommand ("3"ms) [Parameters=[""], CommandType='Text', CommandTimeout='30']"
""SELECT [r].[Id], [r].[Category], [r].[ContactEmail], [r].[ContactNumber], [r].[Description], [r].[HasDelivery], [r].[Name], [r].[Address_City], [r].[Address_PostalCode], [r].[Address_Street], [d].[Id], [d].[Description], [d].[KiloCalories], [d].[Name], [d].[Price], [d].[RestaurantId]
FROM [Restaurants] AS [r]
LEFT JOIN [Dishes] AS [d] ON [r].[Id] = [d].[RestaurantId]
ORDER BY [r].[Id]"
2024-10-28 23:24:17.043 [Information] HTTP "GET" "/api/restaurants" responded 200 in 5.9880 ms
2024-10-28 23:24:17.828 [Information] Retrieving all restaurants
2024-10-28 23:24:17.921 [Information] Executed DbCommand ("68"ms) [Parameters=[""], CommandType='Text', CommandTimeout='30']"
""SELECT [r].[Id], [r].[Category], [r].[ContactEmail], [r].[ContactNumber], [r].[Description], [r].[HasDelivery], [r].[Name], [r].[Address_City], [r].[Address_PostalCode], [r].[Address_Street], [d].[Id], [d].[Description], [d].[KiloCalories], [d].[Name], [d].[Price], [d].[RestaurantId]
FROM [Restaurants] AS [r]
LEFT JOIN [Dishes] AS [d] ON [r].[Id] = [d].[RestaurantId]
ORDER BY [r].[Id]"
2024-10-28 23:24:17.923 [Information] HTTP "GET" "/api/restaurants" responded 200 in 95.4548 ms
2024-10-28 23:24:18.527 [Information] Retrieving all restaurants
2024-10-28 23:24:18.532 [Information] Executed DbCommand ("4"ms) [Parameters=[""], CommandType='Text', CommandTimeout='30']"
""SELECT [r].[Id], [r].[Category], [r].[ContactEmail], [r].[ContactNumber], [r].[Description], [r].[HasDelivery], [r].[Name], [r].[Address_City], [r].[Address_PostalCode], [r].[Address_Street], [d].[Id], [d].[Description], [d].[KiloCalories], [d].[Name], [d].[Price], [d].[RestaurantId]
FROM [Restaurants] AS [r]
LEFT JOIN [Dishes] AS [d] ON [r].[Id] = [d].[RestaurantId]
ORDER BY [r].[Id]"
2024-10-28 23:24:18.533 [Information] HTTP "GET" "/api/restaurants" responded 200 in 5.8345 ms
2024-10-28 23:24:44.430 [Information] Retrieving all restaurants
2024-10-28 23:24:44.436 [Information] Executed DbCommand ("5"ms) [Parameters=[""], CommandType='Text', CommandTimeout='30']"
""SELECT [r].[Id], [r].[Category], [r].[ContactEmail], [r].[ContactNumber], [r].[Description], [r].[HasDelivery], [r].[Name], [r].[Address_City], [r].[Address_PostalCode], [r].[Address_Street], [d].[Id], [d].[Description], [d].[KiloCalories], [d].[Name], [d].[Price], [d].[RestaurantId]
FROM [Restaurants] AS [r]
LEFT JOIN [Dishes] AS [d] ON [r].[Id] = [d].[RestaurantId]
ORDER BY [r].[Id]"
2024-10-28 23:24:44.437 [Information] HTTP "GET" "/api/restaurants" responded 200 in 7.5355 ms
2024-10-28 23:24:45.536 [Information] Retrieving all restaurants
2024-10-28 23:24:45.587 [Information] Executed DbCommand ("25"ms) [Parameters=[""], CommandType='Text', CommandTimeout='30']"
""SELECT [r].[Id], [r].[Category], [r].[ContactEmail], [r].[ContactNumber], [r].[Description], [r].[HasDelivery], [r].[Name], [r].[Address_City], [r].[Address_PostalCode], [r].[Address_Street], [d].[Id], [d].[Description], [d].[KiloCalories], [d].[Name], [d].[Price], [d].[RestaurantId]
FROM [Restaurants] AS [r]
LEFT JOIN [Dishes] AS [d] ON [r].[Id] = [d].[RestaurantId]
ORDER BY [r].[Id]"
2024-10-28 23:24:45.589 [Information] HTTP "GET" "/api/restaurants" responded 200 in 53.5245 ms
2024-10-28 23:24:58.855 [Warning] Sensitive data logging is enabled. Log entries and exception messages may include sensitive application data; this mode should only be enabled during development.
2024-10-28 23:24:58.931 [Warning] The entity type '"Address"' is an optional dependent using table sharing without any required non shared property that could be used to identify whether the entity exists. If all nullable properties contain a null value in database then an object instance won't be created in the query. Add a required property to create instances with null values for other properties or mark the incoming navigation as required to always create an instance.
2024-10-28 23:24:58.938 [Warning] No store type was specified for the decimal property '"Price"' on entity type '"Dish"'. This will cause values to be silently truncated if they do not fit in the default precision and scale. Explicitly specify the SQL server column type that can accommodate all the values in 'OnModelCreating' using 'HasColumnType', specify precision and scale using 'HasPrecision', or configure a value converter using 'HasConversion'.
2024-10-28 23:24:59.769 [Information] Executed DbCommand ("21"ms) [Parameters=[""], CommandType='Text', CommandTimeout='30']"
""SELECT 1"
2024-10-28 23:24:59.982 [Information] Executed DbCommand ("13"ms) [Parameters=[""], CommandType='Text', CommandTimeout='30']"
""SELECT CASE
    WHEN EXISTS (
        SELECT 1
        FROM [Restaurants] AS [r]) THEN CAST(1 AS bit)
    ELSE CAST(0 AS bit)
END"
2024-10-28 23:25:00.604 [Information] Now listening on: "http://localhost:5298"
2024-10-28 23:25:00.606 [Information] Application started. Press Ctrl+C to shut down.
2024-10-28 23:25:00.607 [Information] Hosting environment: "Development"
2024-10-28 23:25:00.607 [Information] Content root path: "/Users/loganathansellappa/projects/Restuarants/Restaurants.API"
2024-10-28 23:25:01.192 [Warning] Failed to determine the https port for redirect.
2024-10-28 23:25:01.244 [Information] HTTP "GET" "/weatherforecast" responded 200 in 57.7174 ms
2024-10-28 23:25:01.251 [Information] HTTP "GET" "/api/restaurants" responded 401 in 7.1752 ms
2024-10-28 23:25:02.621 [Information] HTTP "GET" "/api/restaurants" responded 401 in 0.7167 ms
2024-10-28 23:25:03.266 [Information] HTTP "GET" "/api/restaurants" responded 401 in 0.3438 ms
2024-10-28 23:25:03.722 [Information] HTTP "GET" "/api/restaurants" responded 401 in 0.1029 ms
2024-10-28 23:25:10.119 [Information] HTTP "GET" "/api/restaurants" responded 401 in 0.1008 ms
2024-10-28 23:25:10.958 [Information] HTTP "GET" "/api/restaurants" responded 401 in 0.0713 ms
2024-10-28 23:25:11.484 [Information] HTTP "GET" "/api/restaurants" responded 401 in 0.0882 ms
2024-10-28 23:25:11.963 [Information] HTTP "GET" "/api/restaurants" responded 401 in 0.0552 ms
2024-10-28 23:25:12.380 [Information] HTTP "GET" "/api/restaurants" responded 401 in 0.0581 ms
2024-10-28 23:25:12.749 [Information] HTTP "GET" "/api/restaurants" responded 401 in 0.0869 ms
2024-10-28 23:25:12.906 [Information] HTTP "GET" "/api/restaurants" responded 401 in 0.0659 ms
2024-10-28 23:25:13.119 [Information] HTTP "GET" "/api/restaurants" responded 401 in 0.0834 ms
2024-10-28 23:25:13.327 [Information] HTTP "GET" "/api/restaurants" responded 401 in 0.0760 ms
2024-10-28 23:25:13.551 [Information] HTTP "GET" "/api/restaurants" responded 401 in 0.0659 ms
2024-10-28 23:25:13.740 [Information] HTTP "GET" "/api/restaurants" responded 401 in 0.0798 ms
2024-10-28 23:25:14.004 [Information] HTTP "GET" "/api/restaurants" responded 401 in 0.0852 ms
2024-10-28 23:25:14.778 [Information] HTTP "GET" "/api/restaurants" responded 401 in 0.0966 ms
2024-10-28 23:25:21.234 [Information] Retrieving all restaurants
2024-10-28 23:25:21.365 [Information] Executed DbCommand ("17"ms) [Parameters=[""], CommandType='Text', CommandTimeout='30']"
""SELECT [r].[Id], [r].[Category], [r].[ContactEmail], [r].[ContactNumber], [r].[Description], [r].[HasDelivery], [r].[Name], [r].[Address_City], [r].[Address_PostalCode], [r].[Address_Street], [d].[Id], [d].[Description], [d].[KiloCalories], [d].[Name], [d].[Price], [d].[RestaurantId]
FROM [Restaurants] AS [r]
LEFT JOIN [Dishes] AS [d] ON [r].[Id] = [d].[RestaurantId]
ORDER BY [r].[Id]"
2024-10-28 23:25:21.473 [Information] HTTP "GET" "/api/restaurants" responded 200 in 346.4524 ms
2024-10-28 23:25:35.050 [Information] HTTP "GET" "/api/restaurants" responded 401 in 0.2349 ms
2024-10-28 23:25:36.499 [Information] HTTP "GET" "/api/restaurants" responded 401 in 0.0888 ms
2024-10-28 23:25:42.243 [Information] HTTP "GET" "/api/restaurants" responded 401 in 0.0950 ms
2024-10-28 23:25:43.168 [Information] HTTP "GET" "/api/restaurants" responded 401 in 0.0681 ms
2024-10-28 23:25:44.185 [Information] HTTP "GET" "/api/restaurants" responded 401 in 0.0824 ms
2024-10-28 23:25:47.709 [Information] HTTP "GET" "/api/restaurants" responded 401 in 0.0845 ms
2024-10-28 23:26:19.608 [Information] HTTP "GET" "/api/restaurants" responded 401 in 0.0795 ms
2024-10-28 23:26:20.540 [Information] HTTP "GET" "/api/restaurants" responded 401 in 0.0858 ms
2024-10-28 23:26:22.343 [Information] Retrieving all restaurants
2024-10-28 23:26:22.374 [Information] Executed DbCommand ("10"ms) [Parameters=[""], CommandType='Text', CommandTimeout='30']"
""SELECT [r].[Id], [r].[Category], [r].[ContactEmail], [r].[ContactNumber], [r].[Description], [r].[HasDelivery], [r].[Name], [r].[Address_City], [r].[Address_PostalCode], [r].[Address_Street], [d].[Id], [d].[Description], [d].[KiloCalories], [d].[Name], [d].[Price], [d].[RestaurantId]
FROM [Restaurants] AS [r]
LEFT JOIN [Dishes] AS [d] ON [r].[Id] = [d].[RestaurantId]
ORDER BY [r].[Id]"
2024-10-28 23:26:22.377 [Information] HTTP "GET" "/api/restaurants" responded 200 in 39.6183 ms
2024-10-28 23:26:23.138 [Information] Retrieving all restaurants
2024-10-28 23:26:23.242 [Information] Executed DbCommand ("51"ms) [Parameters=[""], CommandType='Text', CommandTimeout='30']"
""SELECT [r].[Id], [r].[Category], [r].[ContactEmail], [r].[ContactNumber], [r].[Description], [r].[HasDelivery], [r].[Name], [r].[Address_City], [r].[Address_PostalCode], [r].[Address_Street], [d].[Id], [d].[Description], [d].[KiloCalories], [d].[Name], [d].[Price], [d].[RestaurantId]
FROM [Restaurants] AS [r]
LEFT JOIN [Dishes] AS [d] ON [r].[Id] = [d].[RestaurantId]
ORDER BY [r].[Id]"
2024-10-28 23:26:23.535 [Information] HTTP "GET" "/api/restaurants" responded 200 in 400.9197 ms
2024-10-28 23:27:09.451 [Information] HTTP "GET" "/api/restaurants" responded 401 in 0.3456 ms
2024-10-28 23:27:10.724 [Information] HTTP "GET" "/api/restaurants" responded 401 in 0.0809 ms
2024-10-28 23:27:16.038 [Information] HTTP "GET" "/api/restaurants" responded 401 in 0.0817 ms
2024-10-28 23:27:17.108 [Information] HTTP "GET" "/api/restaurants" responded 401 in 0.0738 ms
2024-10-28 23:27:17.813 [Information] HTTP "GET" "/api/restaurants" responded 401 in 0.0717 ms
2024-10-28 23:27:46.026 [Information] Retrieving all restaurants
2024-10-28 23:27:46.041 [Information] Executed DbCommand ("9"ms) [Parameters=[""], CommandType='Text', CommandTimeout='30']"
""SELECT [r].[Id], [r].[Category], [r].[ContactEmail], [r].[ContactNumber], [r].[Description], [r].[HasDelivery], [r].[Name], [r].[Address_City], [r].[Address_PostalCode], [r].[Address_Street], [d].[Id], [d].[Description], [d].[KiloCalories], [d].[Name], [d].[Price], [d].[RestaurantId]
FROM [Restaurants] AS [r]
LEFT JOIN [Dishes] AS [d] ON [r].[Id] = [d].[RestaurantId]
ORDER BY [r].[Id]"
2024-10-28 23:27:46.043 [Information] HTTP "GET" "/api/restaurants" responded 200 in 19.6158 ms
2024-10-28 23:28:24.636 [Information] HTTP "GET" "/api/restaurants" responded 401 in 0.6360 ms
2024-10-28 23:28:32.752 [Information] HTTP "GET" "/api/restaurants" responded 401 in 0.0659 ms
2024-10-28 23:29:10.616 [Information] Retrieving all restaurants
2024-10-28 23:29:10.622 [Information] Executed DbCommand ("5"ms) [Parameters=[""], CommandType='Text', CommandTimeout='30']"
""SELECT [r].[Id], [r].[Category], [r].[ContactEmail], [r].[ContactNumber], [r].[Description], [r].[HasDelivery], [r].[Name], [r].[Address_City], [r].[Address_PostalCode], [r].[Address_Street], [d].[Id], [d].[Description], [d].[KiloCalories], [d].[Name], [d].[Price], [d].[RestaurantId]
FROM [Restaurants] AS [r]
LEFT JOIN [Dishes] AS [d] ON [r].[Id] = [d].[RestaurantId]
ORDER BY [r].[Id]"
2024-10-28 23:29:10.623 [Information] HTTP "GET" "/api/restaurants" responded 200 in 7.3293 ms
2024-10-28 23:29:24.723 [Information] Retrieving all restaurants
2024-10-28 23:29:24.748 [Information] Executed DbCommand ("24"ms) [Parameters=[""], CommandType='Text', CommandTimeout='30']"
""SELECT [r].[Id], [r].[Category], [r].[ContactEmail], [r].[ContactNumber], [r].[Description], [r].[HasDelivery], [r].[Name], [r].[Address_City], [r].[Address_PostalCode], [r].[Address_Street], [d].[Id], [d].[Description], [d].[KiloCalories], [d].[Name], [d].[Price], [d].[RestaurantId]
FROM [Restaurants] AS [r]
LEFT JOIN [Dishes] AS [d] ON [r].[Id] = [d].[RestaurantId]
ORDER BY [r].[Id]"
2024-10-28 23:29:24.750 [Information] HTTP "GET" "/api/restaurants" responded 200 in 27.2465 ms
2024-10-28 23:29:30.113 [Information] Retrieving all restaurants
2024-10-28 23:29:30.120 [Information] Executed DbCommand ("5"ms) [Parameters=[""], CommandType='Text', CommandTimeout='30']"
""SELECT [r].[Id], [r].[Category], [r].[ContactEmail], [r].[ContactNumber], [r].[Description], [r].[HasDelivery], [r].[Name], [r].[Address_City], [r].[Address_PostalCode], [r].[Address_Street], [d].[Id], [d].[Description], [d].[KiloCalories], [d].[Name], [d].[Price], [d].[RestaurantId]
FROM [Restaurants] AS [r]
LEFT JOIN [Dishes] AS [d] ON [r].[Id] = [d].[RestaurantId]
ORDER BY [r].[Id]"
2024-10-28 23:29:30.121 [Information] HTTP "GET" "/api/restaurants" responded 200 in 8.4955 ms
2024-10-28 23:29:31.351 [Information] Retrieving all restaurants
2024-10-28 23:29:31.356 [Information] Executed DbCommand ("4"ms) [Parameters=[""], CommandType='Text', CommandTimeout='30']"
""SELECT [r].[Id], [r].[Category], [r].[ContactEmail], [r].[ContactNumber], [r].[Description], [r].[HasDelivery], [r].[Name], [r].[Address_City], [r].[Address_PostalCode], [r].[Address_Street], [d].[Id], [d].[Description], [d].[KiloCalories], [d].[Name], [d].[Price], [d].[RestaurantId]
FROM [Restaurants] AS [r]
LEFT JOIN [Dishes] AS [d] ON [r].[Id] = [d].[RestaurantId]
ORDER BY [r].[Id]"
2024-10-28 23:29:31.357 [Information] HTTP "GET" "/api/restaurants" responded 200 in 6.4470 ms
2024-10-28 23:29:44.854 [Information] HTTP "GET" "/api/restaurants" responded 401 in 0.0613 ms
2024-10-28 23:29:46.736 [Information] HTTP "GET" "/api/restaurants" responded 401 in 0.0739 ms
2024-10-28 23:30:03.359 [Information] Retrieving all restaurants
2024-10-28 23:30:03.365 [Information] Executed DbCommand ("5"ms) [Parameters=[""], CommandType='Text', CommandTimeout='30']"
""SELECT [r].[Id], [r].[Category], [r].[ContactEmail], [r].[ContactNumber], [r].[Description], [r].[HasDelivery], [r].[Name], [r].[Address_City], [r].[Address_PostalCode], [r].[Address_Street], [d].[Id], [d].[Description], [d].[KiloCalories], [d].[Name], [d].[Price], [d].[RestaurantId]
FROM [Restaurants] AS [r]
LEFT JOIN [Dishes] AS [d] ON [r].[Id] = [d].[RestaurantId]
ORDER BY [r].[Id]"
2024-10-28 23:30:03.366 [Information] HTTP "GET" "/api/restaurants" responded 200 in 7.9191 ms
2024-10-28 23:30:04.441 [Information] Retrieving all restaurants
2024-10-28 23:30:04.445 [Information] Executed DbCommand ("3"ms) [Parameters=[""], CommandType='Text', CommandTimeout='30']"
""SELECT [r].[Id], [r].[Category], [r].[ContactEmail], [r].[ContactNumber], [r].[Description], [r].[HasDelivery], [r].[Name], [r].[Address_City], [r].[Address_PostalCode], [r].[Address_Street], [d].[Id], [d].[Description], [d].[KiloCalories], [d].[Name], [d].[Price], [d].[RestaurantId]
FROM [Restaurants] AS [r]
LEFT JOIN [Dishes] AS [d] ON [r].[Id] = [d].[RestaurantId]
ORDER BY [r].[Id]"
2024-10-28 23:30:04.446 [Information] HTTP "GET" "/api/restaurants" responded 200 in 5.2840 ms
2024-10-28 23:33:06.702 [Warning] Sensitive data logging is enabled. Log entries and exception messages may include sensitive application data; this mode should only be enabled during development.
2024-10-28 23:33:06.774 [Warning] The entity type '"Address"' is an optional dependent using table sharing without any required non shared property that could be used to identify whether the entity exists. If all nullable properties contain a null value in database then an object instance won't be created in the query. Add a required property to create instances with null values for other properties or mark the incoming navigation as required to always create an instance.
2024-10-28 23:33:06.781 [Warning] No store type was specified for the decimal property '"Price"' on entity type '"Dish"'. This will cause values to be silently truncated if they do not fit in the default precision and scale. Explicitly specify the SQL server column type that can accommodate all the values in 'OnModelCreating' using 'HasColumnType', specify precision and scale using 'HasPrecision', or configure a value converter using 'HasConversion'.
2024-10-28 23:33:07.232 [Information] Executed DbCommand ("26"ms) [Parameters=[""], CommandType='Text', CommandTimeout='30']"
""SELECT 1"
2024-10-28 23:33:07.411 [Information] Executed DbCommand ("9"ms) [Parameters=[""], CommandType='Text', CommandTimeout='30']"
""SELECT CASE
    WHEN EXISTS (
        SELECT 1
        FROM [Restaurants] AS [r]) THEN CAST(1 AS bit)
    ELSE CAST(0 AS bit)
END"
2024-10-28 23:33:07.616 [Information] Now listening on: "http://localhost:5298"
2024-10-28 23:33:07.669 [Information] Application started. Press Ctrl+C to shut down.
2024-10-28 23:33:07.670 [Information] Hosting environment: "Development"
2024-10-28 23:33:07.670 [Information] Content root path: "/Users/loganathansellappa/projects/Restuarants/Restaurants.API"
2024-10-28 23:33:07.927 [Warning] Failed to determine the https port for redirect.
2024-10-28 23:33:07.993 [Information] HTTP "GET" "/weatherforecast" responded 200 in 72.2686 ms
2024-10-28 23:34:18.971 [Information] Retrieving all restaurants
2024-10-28 23:34:19.146 [Information] Executed DbCommand ("44"ms) [Parameters=[""], CommandType='Text', CommandTimeout='30']"
""SELECT [r].[Id], [r].[Category], [r].[ContactEmail], [r].[ContactNumber], [r].[Description], [r].[HasDelivery], [r].[Name], [r].[Address_City], [r].[Address_PostalCode], [r].[Address_Street], [d].[Id], [d].[Description], [d].[KiloCalories], [d].[Name], [d].[Price], [d].[RestaurantId]
FROM [Restaurants] AS [r]
LEFT JOIN [Dishes] AS [d] ON [r].[Id] = [d].[RestaurantId]
ORDER BY [r].[Id]"
2024-10-28 23:34:19.251 [Information] HTTP "GET" "/api/restaurants" responded 200 in 376.1615 ms
2024-10-28 23:55:24.295 [Warning] Sensitive data logging is enabled. Log entries and exception messages may include sensitive application data; this mode should only be enabled during development.
2024-10-28 23:55:24.366 [Warning] The entity type '"Address"' is an optional dependent using table sharing without any required non shared property that could be used to identify whether the entity exists. If all nullable properties contain a null value in database then an object instance won't be created in the query. Add a required property to create instances with null values for other properties or mark the incoming navigation as required to always create an instance.
2024-10-28 23:55:24.372 [Warning] No store type was specified for the decimal property '"Price"' on entity type '"Dish"'. This will cause values to be silently truncated if they do not fit in the default precision and scale. Explicitly specify the SQL server column type that can accommodate all the values in 'OnModelCreating' using 'HasColumnType', specify precision and scale using 'HasPrecision', or configure a value converter using 'HasConversion'.
2024-10-28 23:55:24.784 [Information] Executed DbCommand ("21"ms) [Parameters=[""], CommandType='Text', CommandTimeout='30']"
""SELECT 1"
2024-10-28 23:55:24.937 [Information] Executed DbCommand ("9"ms) [Parameters=[""], CommandType='Text', CommandTimeout='30']"
""SELECT CASE
    WHEN EXISTS (
        SELECT 1
        FROM [Restaurants] AS [r]) THEN CAST(1 AS bit)
    ELSE CAST(0 AS bit)
END"
2024-10-28 23:55:25.120 [Information] Now listening on: "http://localhost:5298"
2024-10-28 23:55:25.148 [Information] Application started. Press Ctrl+C to shut down.
2024-10-28 23:55:25.149 [Information] Hosting environment: "Development"
2024-10-28 23:55:25.149 [Information] Content root path: "/Users/loganathansellappa/projects/Restuarants/Restaurants.API"
2024-10-28 23:55:25.524 [Warning] Failed to determine the https port for redirect.
2024-10-28 23:55:25.587 [Information] HTTP "GET" "/weatherforecast" responded 200 in 73.0015 ms
