2024-10-16 22:30:13.931 [Warning] Sensitive data logging is enabled. Log entries and exception messages may include sensitive application data; this mode should only be enabled during development.
2024-10-16 22:30:13.995 [Warning] The entity type '"Address"' is an optional dependent using table sharing without any required non shared property that could be used to identify whether the entity exists. If all nullable properties contain a null value in database then an object instance won't be created in the query. Add a required property to create instances with null values for other properties or mark the incoming navigation as required to always create an instance.
2024-10-16 22:30:14.001 [Warning] No store type was specified for the decimal property '"Price"' on entity type '"Dish"'. This will cause values to be silently truncated if they do not fit in the default precision and scale. Explicitly specify the SQL server column type that can accommodate all the values in 'OnModelCreating' using 'HasColumnType', specify precision and scale using 'HasPrecision', or configure a value converter using 'HasConversion'.
2024-10-16 22:30:14.221 [Information] Executed DbCommand ("18"ms) [Parameters=[""], CommandType='Text', CommandTimeout='30']"
""SELECT 1"
2024-10-16 22:30:14.334 [Information] Executed DbCommand ("7"ms) [Parameters=[""], CommandType='Text', CommandTimeout='30']"
""SELECT CASE
    WHEN EXISTS (
        SELECT 1
        FROM [Restaurants] AS [r]) THEN CAST(1 AS bit)
    ELSE CAST(0 AS bit)
END"
2024-10-16 22:30:14.382 [Information] Now listening on: "http://localhost:5298"
2024-10-16 22:30:14.384 [Information] Application started. Press Ctrl+C to shut down.
2024-10-16 22:30:14.384 [Information] Hosting environment: "Development"
2024-10-16 22:30:14.384 [Information] Content root path: "/Users/loganathansellappa/projects/Restuarants/Restaurants.API"
2024-10-16 22:30:14.990 [Warning] Failed to determine the https port for redirect.
2024-10-16 22:30:15.024 [Information] HTTP "GET" "/weatherforecast" responded 200 in 33.9472 ms
2024-10-16 22:30:18.330 [Information] Retrieving restaurant with id: 1, RequestData: GetRestaurantByIdQuery { Id: 1 }
2024-10-16 22:30:18.447 [Information] Executed DbCommand ("21"ms) [Parameters=["@__id_0='1'"], CommandType='Text', CommandTimeout='30']"
""SELECT [t].[Id], [t].[Category], [t].[ContactEmail], [t].[ContactNumber], [t].[Description], [t].[HasDelivery], [t].[Name], [t].[Address_City], [t].[Address_PostalCode], [t].[Address_Street], [d].[Id], [d].[Description], [d].[KiloCalories], [d].[Name], [d].[Price], [d].[RestaurantId]
FROM (
    SELECT TOP(1) [r].[Id], [r].[Category], [r].[ContactEmail], [r].[ContactNumber], [r].[Description], [r].[HasDelivery], [r].[Name], [r].[Address_City], [r].[Address_PostalCode], [r].[Address_Street]
    FROM [Restaurants] AS [r]
    WHERE [r].[Id] = @__id_0
) AS [t]
LEFT JOIN [Dishes] AS [d] ON [t].[Id] = [d].[RestaurantId]
ORDER BY [t].[Id]"
2024-10-16 22:30:18.517 [Information] HTTP "GET" "/api/restaurants/1" responded 200 in 254.7340 ms
2024-10-16 22:33:01.198 [Information] Application is shutting down...
2024-10-16 22:33:04.299 [Warning] Sensitive data logging is enabled. Log entries and exception messages may include sensitive application data; this mode should only be enabled during development.
2024-10-16 22:33:04.363 [Warning] The entity type '"Address"' is an optional dependent using table sharing without any required non shared property that could be used to identify whether the entity exists. If all nullable properties contain a null value in database then an object instance won't be created in the query. Add a required property to create instances with null values for other properties or mark the incoming navigation as required to always create an instance.
2024-10-16 22:33:04.370 [Warning] No store type was specified for the decimal property '"Price"' on entity type '"Dish"'. This will cause values to be silently truncated if they do not fit in the default precision and scale. Explicitly specify the SQL server column type that can accommodate all the values in 'OnModelCreating' using 'HasColumnType', specify precision and scale using 'HasPrecision', or configure a value converter using 'HasConversion'.
2024-10-16 22:33:04.590 [Information] Executed DbCommand ("19"ms) [Parameters=[""], CommandType='Text', CommandTimeout='30']"
""SELECT 1"
2024-10-16 22:33:04.718 [Information] Executed DbCommand ("6"ms) [Parameters=[""], CommandType='Text', CommandTimeout='30']"
""SELECT CASE
    WHEN EXISTS (
        SELECT 1
        FROM [Restaurants] AS [r]) THEN CAST(1 AS bit)
    ELSE CAST(0 AS bit)
END"
2024-10-16 22:33:04.769 [Information] Now listening on: "http://localhost:5298"
2024-10-16 22:33:04.771 [Information] Application started. Press Ctrl+C to shut down.
2024-10-16 22:33:04.771 [Information] Hosting environment: "Development"
2024-10-16 22:33:04.772 [Information] Content root path: "/Users/loganathansellappa/projects/Restuarants/Restaurants.API"
2024-10-16 22:33:04.941 [Warning] Failed to determine the https port for redirect.
2024-10-16 22:33:04.984 [Information] HTTP "GET" "/weatherforecast" responded 200 in 41.7463 ms
2024-10-16 22:33:08.130 [Information] Retrieving restaurant with id: 1, RequestData: GetRestaurantByIdQuery { Id: 1 }
2024-10-16 22:33:08.247 [Information] Executed DbCommand ("21"ms) [Parameters=["@__id_0='1'"], CommandType='Text', CommandTimeout='30']"
""SELECT [t].[Id], [t].[Category], [t].[ContactEmail], [t].[ContactNumber], [t].[Description], [t].[HasDelivery], [t].[Name], [t].[Address_City], [t].[Address_PostalCode], [t].[Address_Street], [d].[Id], [d].[Description], [d].[KiloCalories], [d].[Name], [d].[Price], [d].[RestaurantId]
FROM (
    SELECT TOP(1) [r].[Id], [r].[Category], [r].[ContactEmail], [r].[ContactNumber], [r].[Description], [r].[HasDelivery], [r].[Name], [r].[Address_City], [r].[Address_PostalCode], [r].[Address_Street]
    FROM [Restaurants] AS [r]
    WHERE [r].[Id] = @__id_0
) AS [t]
LEFT JOIN [Dishes] AS [d] ON [t].[Id] = [d].[RestaurantId]
ORDER BY [t].[Id]"
2024-10-16 22:33:08.315 [Information] HTTP "GET" "/api/restaurants/1" responded 200 in 267.2153 ms
2024-10-16 22:33:20.964 [Information] HTTP "GET" "/weatherforecast" responded 200 in 2.0574 ms
2024-10-16 22:33:22.526 [Information] HTTP "GET" "/weatherforecast" responded 200 in 2.5238 ms
2024-10-16 22:33:32.249 [Information] Retrieving restaurant with id: 1, RequestData: GetRestaurantByIdQuery { Id: 1 }
2024-10-16 22:33:32.284 [Information] Executed DbCommand ("5"ms) [Parameters=["@__id_0='1'"], CommandType='Text', CommandTimeout='30']"
""SELECT [t].[Id], [t].[Category], [t].[ContactEmail], [t].[ContactNumber], [t].[Description], [t].[HasDelivery], [t].[Name], [t].[Address_City], [t].[Address_PostalCode], [t].[Address_Street], [d].[Id], [d].[Description], [d].[KiloCalories], [d].[Name], [d].[Price], [d].[RestaurantId]
FROM (
    SELECT TOP(1) [r].[Id], [r].[Category], [r].[ContactEmail], [r].[ContactNumber], [r].[Description], [r].[HasDelivery], [r].[Name], [r].[Address_City], [r].[Address_PostalCode], [r].[Address_Street]
    FROM [Restaurants] AS [r]
    WHERE [r].[Id] = @__id_0
) AS [t]
LEFT JOIN [Dishes] AS [d] ON [t].[Id] = [d].[RestaurantId]
ORDER BY [t].[Id]"
2024-10-16 22:33:32.286 [Information] HTTP "GET" "/api/restaurants/1" responded 200 in 40.2248 ms
2024-10-16 22:36:54.127 [Information] Application is shutting down...
2024-10-16 22:37:01.981 [Warning] Sensitive data logging is enabled. Log entries and exception messages may include sensitive application data; this mode should only be enabled during development.
2024-10-16 22:37:02.048 [Warning] The entity type '"Address"' is an optional dependent using table sharing without any required non shared property that could be used to identify whether the entity exists. If all nullable properties contain a null value in database then an object instance won't be created in the query. Add a required property to create instances with null values for other properties or mark the incoming navigation as required to always create an instance.
2024-10-16 22:37:02.054 [Warning] No store type was specified for the decimal property '"Price"' on entity type '"Dish"'. This will cause values to be silently truncated if they do not fit in the default precision and scale. Explicitly specify the SQL server column type that can accommodate all the values in 'OnModelCreating' using 'HasColumnType', specify precision and scale using 'HasPrecision', or configure a value converter using 'HasConversion'.
2024-10-16 22:37:02.277 [Information] Executed DbCommand ("19"ms) [Parameters=[""], CommandType='Text', CommandTimeout='30']"
""SELECT 1"
2024-10-16 22:37:02.400 [Information] Executed DbCommand ("7"ms) [Parameters=[""], CommandType='Text', CommandTimeout='30']"
""SELECT CASE
    WHEN EXISTS (
        SELECT 1
        FROM [Restaurants] AS [r]) THEN CAST(1 AS bit)
    ELSE CAST(0 AS bit)
END"
2024-10-16 22:37:02.471 [Information] Now listening on: "http://localhost:5298"
2024-10-16 22:37:02.473 [Information] Application started. Press Ctrl+C to shut down.
2024-10-16 22:37:02.473 [Information] Hosting environment: "Development"
2024-10-16 22:37:02.473 [Information] Content root path: "/Users/loganathansellappa/projects/Restuarants/Restaurants.API"
2024-10-16 22:37:03.184 [Error] HTTP "GET" "/weatherforecast" responded 500 in 0.7023 ms
System.InvalidOperationException: Unable to resolve service for type 'Swashbuckle.AspNetCore.Swagger.ISwaggerProvider' while attempting to Invoke middleware 'Swashbuckle.AspNetCore.Swagger.SwaggerMiddleware'.
   at lambda_method5(Closure, Object, HttpContext, IServiceProvider)
   at Serilog.AspNetCore.RequestLoggingMiddleware.Invoke(HttpContext httpContext)
2024-10-16 22:37:03.187 [Error] An unhandled exception has occurred while executing the request.
System.InvalidOperationException: Unable to resolve service for type 'Swashbuckle.AspNetCore.Swagger.ISwaggerProvider' while attempting to Invoke middleware 'Swashbuckle.AspNetCore.Swagger.SwaggerMiddleware'.
   at lambda_method5(Closure, Object, HttpContext, IServiceProvider)
   at Serilog.AspNetCore.RequestLoggingMiddleware.Invoke(HttpContext httpContext)
   at Microsoft.AspNetCore.Authentication.AuthenticationMiddleware.Invoke(HttpContext context)
   at Microsoft.AspNetCore.Diagnostics.DeveloperExceptionPageMiddlewareImpl.Invoke(HttpContext context)
2024-10-16 22:37:10.571 [Error] HTTP "GET" "/weatherforecast" responded 500 in 0.1468 ms
System.InvalidOperationException: Unable to resolve service for type 'Swashbuckle.AspNetCore.Swagger.ISwaggerProvider' while attempting to Invoke middleware 'Swashbuckle.AspNetCore.Swagger.SwaggerMiddleware'.
   at lambda_method5(Closure, Object, HttpContext, IServiceProvider)
   at Serilog.AspNetCore.RequestLoggingMiddleware.Invoke(HttpContext httpContext)
2024-10-16 22:37:10.572 [Error] An unhandled exception has occurred while executing the request.
System.InvalidOperationException: Unable to resolve service for type 'Swashbuckle.AspNetCore.Swagger.ISwaggerProvider' while attempting to Invoke middleware 'Swashbuckle.AspNetCore.Swagger.SwaggerMiddleware'.
   at lambda_method5(Closure, Object, HttpContext, IServiceProvider)
   at Serilog.AspNetCore.RequestLoggingMiddleware.Invoke(HttpContext httpContext)
   at Microsoft.AspNetCore.Authentication.AuthenticationMiddleware.Invoke(HttpContext context)
   at Microsoft.AspNetCore.Diagnostics.DeveloperExceptionPageMiddlewareImpl.Invoke(HttpContext context)
2024-10-16 22:37:11.296 [Error] HTTP "GET" "/weatherforecast" responded 500 in 0.2375 ms
System.InvalidOperationException: Unable to resolve service for type 'Swashbuckle.AspNetCore.Swagger.ISwaggerProvider' while attempting to Invoke middleware 'Swashbuckle.AspNetCore.Swagger.SwaggerMiddleware'.
   at lambda_method5(Closure, Object, HttpContext, IServiceProvider)
   at Serilog.AspNetCore.RequestLoggingMiddleware.Invoke(HttpContext httpContext)
2024-10-16 22:37:11.297 [Error] An unhandled exception has occurred while executing the request.
System.InvalidOperationException: Unable to resolve service for type 'Swashbuckle.AspNetCore.Swagger.ISwaggerProvider' while attempting to Invoke middleware 'Swashbuckle.AspNetCore.Swagger.SwaggerMiddleware'.
   at lambda_method5(Closure, Object, HttpContext, IServiceProvider)
   at Serilog.AspNetCore.RequestLoggingMiddleware.Invoke(HttpContext httpContext)
   at Microsoft.AspNetCore.Authentication.AuthenticationMiddleware.Invoke(HttpContext context)
   at Microsoft.AspNetCore.Diagnostics.DeveloperExceptionPageMiddlewareImpl.Invoke(HttpContext context)
2024-10-16 22:37:11.507 [Error] HTTP "GET" "/weatherforecast" responded 500 in 0.1870 ms
System.InvalidOperationException: Unable to resolve service for type 'Swashbuckle.AspNetCore.Swagger.ISwaggerProvider' while attempting to Invoke middleware 'Swashbuckle.AspNetCore.Swagger.SwaggerMiddleware'.
   at lambda_method5(Closure, Object, HttpContext, IServiceProvider)
   at Serilog.AspNetCore.RequestLoggingMiddleware.Invoke(HttpContext httpContext)
2024-10-16 22:37:11.509 [Error] An unhandled exception has occurred while executing the request.
System.InvalidOperationException: Unable to resolve service for type 'Swashbuckle.AspNetCore.Swagger.ISwaggerProvider' while attempting to Invoke middleware 'Swashbuckle.AspNetCore.Swagger.SwaggerMiddleware'.
   at lambda_method5(Closure, Object, HttpContext, IServiceProvider)
   at Serilog.AspNetCore.RequestLoggingMiddleware.Invoke(HttpContext httpContext)
   at Microsoft.AspNetCore.Authentication.AuthenticationMiddleware.Invoke(HttpContext context)
   at Microsoft.AspNetCore.Diagnostics.DeveloperExceptionPageMiddlewareImpl.Invoke(HttpContext context)
2024-10-16 22:37:11.711 [Error] HTTP "GET" "/weatherforecast" responded 500 in 0.0774 ms
System.InvalidOperationException: Unable to resolve service for type 'Swashbuckle.AspNetCore.Swagger.ISwaggerProvider' while attempting to Invoke middleware 'Swashbuckle.AspNetCore.Swagger.SwaggerMiddleware'.
   at lambda_method5(Closure, Object, HttpContext, IServiceProvider)
   at Serilog.AspNetCore.RequestLoggingMiddleware.Invoke(HttpContext httpContext)
2024-10-16 22:37:11.712 [Error] An unhandled exception has occurred while executing the request.
System.InvalidOperationException: Unable to resolve service for type 'Swashbuckle.AspNetCore.Swagger.ISwaggerProvider' while attempting to Invoke middleware 'Swashbuckle.AspNetCore.Swagger.SwaggerMiddleware'.
   at lambda_method5(Closure, Object, HttpContext, IServiceProvider)
   at Serilog.AspNetCore.RequestLoggingMiddleware.Invoke(HttpContext httpContext)
   at Microsoft.AspNetCore.Authentication.AuthenticationMiddleware.Invoke(HttpContext context)
   at Microsoft.AspNetCore.Diagnostics.DeveloperExceptionPageMiddlewareImpl.Invoke(HttpContext context)
2024-10-16 22:37:11.924 [Error] HTTP "GET" "/weatherforecast" responded 500 in 0.1228 ms
System.InvalidOperationException: Unable to resolve service for type 'Swashbuckle.AspNetCore.Swagger.ISwaggerProvider' while attempting to Invoke middleware 'Swashbuckle.AspNetCore.Swagger.SwaggerMiddleware'.
   at lambda_method5(Closure, Object, HttpContext, IServiceProvider)
   at Serilog.AspNetCore.RequestLoggingMiddleware.Invoke(HttpContext httpContext)
2024-10-16 22:37:11.924 [Error] An unhandled exception has occurred while executing the request.
System.InvalidOperationException: Unable to resolve service for type 'Swashbuckle.AspNetCore.Swagger.ISwaggerProvider' while attempting to Invoke middleware 'Swashbuckle.AspNetCore.Swagger.SwaggerMiddleware'.
   at lambda_method5(Closure, Object, HttpContext, IServiceProvider)
   at Serilog.AspNetCore.RequestLoggingMiddleware.Invoke(HttpContext httpContext)
   at Microsoft.AspNetCore.Authentication.AuthenticationMiddleware.Invoke(HttpContext context)
   at Microsoft.AspNetCore.Diagnostics.DeveloperExceptionPageMiddlewareImpl.Invoke(HttpContext context)
2024-10-16 22:37:32.478 [Information] Application is shutting down...
2024-10-16 22:37:35.478 [Warning] Sensitive data logging is enabled. Log entries and exception messages may include sensitive application data; this mode should only be enabled during development.
2024-10-16 22:37:35.545 [Warning] The entity type '"Address"' is an optional dependent using table sharing without any required non shared property that could be used to identify whether the entity exists. If all nullable properties contain a null value in database then an object instance won't be created in the query. Add a required property to create instances with null values for other properties or mark the incoming navigation as required to always create an instance.
2024-10-16 22:37:35.551 [Warning] No store type was specified for the decimal property '"Price"' on entity type '"Dish"'. This will cause values to be silently truncated if they do not fit in the default precision and scale. Explicitly specify the SQL server column type that can accommodate all the values in 'OnModelCreating' using 'HasColumnType', specify precision and scale using 'HasPrecision', or configure a value converter using 'HasConversion'.
2024-10-16 22:37:35.761 [Information] Executed DbCommand ("18"ms) [Parameters=[""], CommandType='Text', CommandTimeout='30']"
""SELECT 1"
2024-10-16 22:37:35.884 [Information] Executed DbCommand ("5"ms) [Parameters=[""], CommandType='Text', CommandTimeout='30']"
""SELECT CASE
    WHEN EXISTS (
        SELECT 1
        FROM [Restaurants] AS [r]) THEN CAST(1 AS bit)
    ELSE CAST(0 AS bit)
END"
2024-10-16 22:37:35.938 [Information] Now listening on: "http://localhost:5298"
2024-10-16 22:37:35.940 [Information] Application started. Press Ctrl+C to shut down.
2024-10-16 22:37:35.940 [Information] Hosting environment: "Development"
2024-10-16 22:37:35.940 [Information] Content root path: "/Users/loganathansellappa/projects/Restuarants/Restaurants.API"
2024-10-16 22:37:36.090 [Warning] Failed to determine the https port for redirect.
2024-10-16 22:37:36.095 [Error] HTTP "GET" "/weatherforecast" responded 500 in 5.0315 ms
System.InvalidOperationException: Unable to resolve service for type 'Swashbuckle.AspNetCore.Swagger.ISwaggerProvider' while attempting to Invoke middleware 'Swashbuckle.AspNetCore.Swagger.SwaggerMiddleware'.
   at lambda_method5(Closure, Object, HttpContext, IServiceProvider)
   at Microsoft.AspNetCore.Authorization.AuthorizationMiddleware.Invoke(HttpContext context)
   at Serilog.AspNetCore.RequestLoggingMiddleware.Invoke(HttpContext httpContext)
2024-10-16 22:37:36.098 [Error] An unhandled exception has occurred while executing the request.
System.InvalidOperationException: Unable to resolve service for type 'Swashbuckle.AspNetCore.Swagger.ISwaggerProvider' while attempting to Invoke middleware 'Swashbuckle.AspNetCore.Swagger.SwaggerMiddleware'.
   at lambda_method5(Closure, Object, HttpContext, IServiceProvider)
   at Microsoft.AspNetCore.Authorization.AuthorizationMiddleware.Invoke(HttpContext context)
   at Serilog.AspNetCore.RequestLoggingMiddleware.Invoke(HttpContext httpContext)
   at Microsoft.AspNetCore.Authentication.AuthenticationMiddleware.Invoke(HttpContext context)
   at Microsoft.AspNetCore.Diagnostics.DeveloperExceptionPageMiddlewareImpl.Invoke(HttpContext context)
2024-10-16 22:37:40.580 [Error] HTTP "GET" "/weatherforecast" responded 500 in 0.5460 ms
System.InvalidOperationException: Unable to resolve service for type 'Swashbuckle.AspNetCore.Swagger.ISwaggerProvider' while attempting to Invoke middleware 'Swashbuckle.AspNetCore.Swagger.SwaggerMiddleware'.
   at lambda_method5(Closure, Object, HttpContext, IServiceProvider)
   at Microsoft.AspNetCore.Authorization.AuthorizationMiddleware.Invoke(HttpContext context)
   at Serilog.AspNetCore.RequestLoggingMiddleware.Invoke(HttpContext httpContext)
2024-10-16 22:37:40.581 [Error] An unhandled exception has occurred while executing the request.
System.InvalidOperationException: Unable to resolve service for type 'Swashbuckle.AspNetCore.Swagger.ISwaggerProvider' while attempting to Invoke middleware 'Swashbuckle.AspNetCore.Swagger.SwaggerMiddleware'.
   at lambda_method5(Closure, Object, HttpContext, IServiceProvider)
   at Microsoft.AspNetCore.Authorization.AuthorizationMiddleware.Invoke(HttpContext context)
   at Serilog.AspNetCore.RequestLoggingMiddleware.Invoke(HttpContext httpContext)
   at Microsoft.AspNetCore.Authentication.AuthenticationMiddleware.Invoke(HttpContext context)
   at Microsoft.AspNetCore.Diagnostics.DeveloperExceptionPageMiddlewareImpl.Invoke(HttpContext context)
2024-10-16 22:37:41.186 [Error] HTTP "GET" "/weatherforecast" responded 500 in 0.2505 ms
System.InvalidOperationException: Unable to resolve service for type 'Swashbuckle.AspNetCore.Swagger.ISwaggerProvider' while attempting to Invoke middleware 'Swashbuckle.AspNetCore.Swagger.SwaggerMiddleware'.
   at lambda_method5(Closure, Object, HttpContext, IServiceProvider)
   at Microsoft.AspNetCore.Authorization.AuthorizationMiddleware.Invoke(HttpContext context)
   at Serilog.AspNetCore.RequestLoggingMiddleware.Invoke(HttpContext httpContext)
2024-10-16 22:37:41.187 [Error] An unhandled exception has occurred while executing the request.
System.InvalidOperationException: Unable to resolve service for type 'Swashbuckle.AspNetCore.Swagger.ISwaggerProvider' while attempting to Invoke middleware 'Swashbuckle.AspNetCore.Swagger.SwaggerMiddleware'.
   at lambda_method5(Closure, Object, HttpContext, IServiceProvider)
   at Microsoft.AspNetCore.Authorization.AuthorizationMiddleware.Invoke(HttpContext context)
   at Serilog.AspNetCore.RequestLoggingMiddleware.Invoke(HttpContext httpContext)
   at Microsoft.AspNetCore.Authentication.AuthenticationMiddleware.Invoke(HttpContext context)
   at Microsoft.AspNetCore.Diagnostics.DeveloperExceptionPageMiddlewareImpl.Invoke(HttpContext context)
2024-10-16 22:37:41.394 [Error] HTTP "GET" "/weatherforecast" responded 500 in 0.3414 ms
System.InvalidOperationException: Unable to resolve service for type 'Swashbuckle.AspNetCore.Swagger.ISwaggerProvider' while attempting to Invoke middleware 'Swashbuckle.AspNetCore.Swagger.SwaggerMiddleware'.
   at lambda_method5(Closure, Object, HttpContext, IServiceProvider)
   at Microsoft.AspNetCore.Authorization.AuthorizationMiddleware.Invoke(HttpContext context)
   at Serilog.AspNetCore.RequestLoggingMiddleware.Invoke(HttpContext httpContext)
2024-10-16 22:37:41.397 [Error] An unhandled exception has occurred while executing the request.
System.InvalidOperationException: Unable to resolve service for type 'Swashbuckle.AspNetCore.Swagger.ISwaggerProvider' while attempting to Invoke middleware 'Swashbuckle.AspNetCore.Swagger.SwaggerMiddleware'.
   at lambda_method5(Closure, Object, HttpContext, IServiceProvider)
   at Microsoft.AspNetCore.Authorization.AuthorizationMiddleware.Invoke(HttpContext context)
   at Serilog.AspNetCore.RequestLoggingMiddleware.Invoke(HttpContext httpContext)
   at Microsoft.AspNetCore.Authentication.AuthenticationMiddleware.Invoke(HttpContext context)
   at Microsoft.AspNetCore.Diagnostics.DeveloperExceptionPageMiddlewareImpl.Invoke(HttpContext context)
2024-10-16 22:37:41.605 [Error] HTTP "GET" "/weatherforecast" responded 500 in 0.1533 ms
System.InvalidOperationException: Unable to resolve service for type 'Swashbuckle.AspNetCore.Swagger.ISwaggerProvider' while attempting to Invoke middleware 'Swashbuckle.AspNetCore.Swagger.SwaggerMiddleware'.
   at lambda_method5(Closure, Object, HttpContext, IServiceProvider)
   at Microsoft.AspNetCore.Authorization.AuthorizationMiddleware.Invoke(HttpContext context)
   at Serilog.AspNetCore.RequestLoggingMiddleware.Invoke(HttpContext httpContext)
2024-10-16 22:37:41.605 [Error] An unhandled exception has occurred while executing the request.
System.InvalidOperationException: Unable to resolve service for type 'Swashbuckle.AspNetCore.Swagger.ISwaggerProvider' while attempting to Invoke middleware 'Swashbuckle.AspNetCore.Swagger.SwaggerMiddleware'.
   at lambda_method5(Closure, Object, HttpContext, IServiceProvider)
   at Microsoft.AspNetCore.Authorization.AuthorizationMiddleware.Invoke(HttpContext context)
   at Serilog.AspNetCore.RequestLoggingMiddleware.Invoke(HttpContext httpContext)
   at Microsoft.AspNetCore.Authentication.AuthenticationMiddleware.Invoke(HttpContext context)
   at Microsoft.AspNetCore.Diagnostics.DeveloperExceptionPageMiddlewareImpl.Invoke(HttpContext context)
2024-10-16 22:37:41.821 [Error] HTTP "GET" "/weatherforecast" responded 500 in 0.3306 ms
System.InvalidOperationException: Unable to resolve service for type 'Swashbuckle.AspNetCore.Swagger.ISwaggerProvider' while attempting to Invoke middleware 'Swashbuckle.AspNetCore.Swagger.SwaggerMiddleware'.
   at lambda_method5(Closure, Object, HttpContext, IServiceProvider)
   at Microsoft.AspNetCore.Authorization.AuthorizationMiddleware.Invoke(HttpContext context)
   at Serilog.AspNetCore.RequestLoggingMiddleware.Invoke(HttpContext httpContext)
2024-10-16 22:37:41.823 [Error] An unhandled exception has occurred while executing the request.
System.InvalidOperationException: Unable to resolve service for type 'Swashbuckle.AspNetCore.Swagger.ISwaggerProvider' while attempting to Invoke middleware 'Swashbuckle.AspNetCore.Swagger.SwaggerMiddleware'.
   at lambda_method5(Closure, Object, HttpContext, IServiceProvider)
   at Microsoft.AspNetCore.Authorization.AuthorizationMiddleware.Invoke(HttpContext context)
   at Serilog.AspNetCore.RequestLoggingMiddleware.Invoke(HttpContext httpContext)
   at Microsoft.AspNetCore.Authentication.AuthenticationMiddleware.Invoke(HttpContext context)
   at Microsoft.AspNetCore.Diagnostics.DeveloperExceptionPageMiddlewareImpl.Invoke(HttpContext context)
2024-10-16 22:37:44.531 [Error] HTTP "GET" "/weatherforecast" responded 500 in 0.4080 ms
System.InvalidOperationException: Unable to resolve service for type 'Swashbuckle.AspNetCore.Swagger.ISwaggerProvider' while attempting to Invoke middleware 'Swashbuckle.AspNetCore.Swagger.SwaggerMiddleware'.
   at lambda_method5(Closure, Object, HttpContext, IServiceProvider)
   at Microsoft.AspNetCore.Authorization.AuthorizationMiddleware.Invoke(HttpContext context)
   at Serilog.AspNetCore.RequestLoggingMiddleware.Invoke(HttpContext httpContext)
2024-10-16 22:37:44.532 [Error] An unhandled exception has occurred while executing the request.
System.InvalidOperationException: Unable to resolve service for type 'Swashbuckle.AspNetCore.Swagger.ISwaggerProvider' while attempting to Invoke middleware 'Swashbuckle.AspNetCore.Swagger.SwaggerMiddleware'.
   at lambda_method5(Closure, Object, HttpContext, IServiceProvider)
   at Microsoft.AspNetCore.Authorization.AuthorizationMiddleware.Invoke(HttpContext context)
   at Serilog.AspNetCore.RequestLoggingMiddleware.Invoke(HttpContext httpContext)
   at Microsoft.AspNetCore.Authentication.AuthenticationMiddleware.Invoke(HttpContext context)
   at Microsoft.AspNetCore.Diagnostics.DeveloperExceptionPageMiddlewareImpl.Invoke(HttpContext context)
2024-10-16 22:37:46.205 [Error] HTTP "GET" "/api/restaurants/1" responded 500 in 0.3267 ms
System.InvalidOperationException: Unable to resolve service for type 'Swashbuckle.AspNetCore.Swagger.ISwaggerProvider' while attempting to Invoke middleware 'Swashbuckle.AspNetCore.Swagger.SwaggerMiddleware'.
   at lambda_method5(Closure, Object, HttpContext, IServiceProvider)
   at Microsoft.AspNetCore.Authorization.AuthorizationMiddleware.Invoke(HttpContext context)
   at Serilog.AspNetCore.RequestLoggingMiddleware.Invoke(HttpContext httpContext)
2024-10-16 22:37:46.206 [Error] An unhandled exception has occurred while executing the request.
System.InvalidOperationException: Unable to resolve service for type 'Swashbuckle.AspNetCore.Swagger.ISwaggerProvider' while attempting to Invoke middleware 'Swashbuckle.AspNetCore.Swagger.SwaggerMiddleware'.
   at lambda_method5(Closure, Object, HttpContext, IServiceProvider)
   at Microsoft.AspNetCore.Authorization.AuthorizationMiddleware.Invoke(HttpContext context)
   at Serilog.AspNetCore.RequestLoggingMiddleware.Invoke(HttpContext httpContext)
   at Microsoft.AspNetCore.Authentication.AuthenticationMiddleware.Invoke(HttpContext context)
   at Microsoft.AspNetCore.Diagnostics.DeveloperExceptionPageMiddlewareImpl.Invoke(HttpContext context)
2024-10-16 22:38:19.331 [Information] Application is shutting down...
2024-10-16 22:38:22.214 [Warning] Sensitive data logging is enabled. Log entries and exception messages may include sensitive application data; this mode should only be enabled during development.
2024-10-16 22:38:22.277 [Warning] The entity type '"Address"' is an optional dependent using table sharing without any required non shared property that could be used to identify whether the entity exists. If all nullable properties contain a null value in database then an object instance won't be created in the query. Add a required property to create instances with null values for other properties or mark the incoming navigation as required to always create an instance.
2024-10-16 22:38:22.283 [Warning] No store type was specified for the decimal property '"Price"' on entity type '"Dish"'. This will cause values to be silently truncated if they do not fit in the default precision and scale. Explicitly specify the SQL server column type that can accommodate all the values in 'OnModelCreating' using 'HasColumnType', specify precision and scale using 'HasPrecision', or configure a value converter using 'HasConversion'.
2024-10-16 22:38:22.504 [Information] Executed DbCommand ("19"ms) [Parameters=[""], CommandType='Text', CommandTimeout='30']"
""SELECT 1"
2024-10-16 22:38:22.635 [Information] Executed DbCommand ("7"ms) [Parameters=[""], CommandType='Text', CommandTimeout='30']"
""SELECT CASE
    WHEN EXISTS (
        SELECT 1
        FROM [Restaurants] AS [r]) THEN CAST(1 AS bit)
    ELSE CAST(0 AS bit)
END"
2024-10-16 22:38:22.697 [Information] Now listening on: "http://localhost:5298"
2024-10-16 22:38:22.699 [Information] Application started. Press Ctrl+C to shut down.
2024-10-16 22:38:22.699 [Information] Hosting environment: "Development"
2024-10-16 22:38:22.699 [Information] Content root path: "/Users/loganathansellappa/projects/Restuarants/Restaurants.API"
2024-10-16 22:38:22.798 [Warning] Failed to determine the https port for redirect.
2024-10-16 22:38:22.800 [Error] HTTP "GET" "/weatherforecast" responded 500 in 2.0157 ms
System.InvalidOperationException: Unable to resolve service for type 'Swashbuckle.AspNetCore.Swagger.ISwaggerProvider' while attempting to Invoke middleware 'Swashbuckle.AspNetCore.Swagger.SwaggerMiddleware'.
   at lambda_method5(Closure, Object, HttpContext, IServiceProvider)
   at Microsoft.AspNetCore.Authorization.AuthorizationMiddleware.Invoke(HttpContext context)
   at Serilog.AspNetCore.RequestLoggingMiddleware.Invoke(HttpContext httpContext)
2024-10-16 22:38:22.803 [Error] An unhandled exception has occurred while executing the request.
System.InvalidOperationException: Unable to resolve service for type 'Swashbuckle.AspNetCore.Swagger.ISwaggerProvider' while attempting to Invoke middleware 'Swashbuckle.AspNetCore.Swagger.SwaggerMiddleware'.
   at lambda_method5(Closure, Object, HttpContext, IServiceProvider)
   at Microsoft.AspNetCore.Authorization.AuthorizationMiddleware.Invoke(HttpContext context)
   at Serilog.AspNetCore.RequestLoggingMiddleware.Invoke(HttpContext httpContext)
   at Microsoft.AspNetCore.Authentication.AuthenticationMiddleware.Invoke(HttpContext context)
   at Microsoft.AspNetCore.Diagnostics.DeveloperExceptionPageMiddlewareImpl.Invoke(HttpContext context)
2024-10-16 22:41:01.302 [Information] Application is shutting down...
2024-10-16 22:41:04.665 [Warning] Sensitive data logging is enabled. Log entries and exception messages may include sensitive application data; this mode should only be enabled during development.
2024-10-16 22:41:04.731 [Warning] The entity type '"Address"' is an optional dependent using table sharing without any required non shared property that could be used to identify whether the entity exists. If all nullable properties contain a null value in database then an object instance won't be created in the query. Add a required property to create instances with null values for other properties or mark the incoming navigation as required to always create an instance.
2024-10-16 22:41:04.737 [Warning] No store type was specified for the decimal property '"Price"' on entity type '"Dish"'. This will cause values to be silently truncated if they do not fit in the default precision and scale. Explicitly specify the SQL server column type that can accommodate all the values in 'OnModelCreating' using 'HasColumnType', specify precision and scale using 'HasPrecision', or configure a value converter using 'HasConversion'.
2024-10-16 22:41:04.958 [Information] Executed DbCommand ("18"ms) [Parameters=[""], CommandType='Text', CommandTimeout='30']"
""SELECT 1"
2024-10-16 22:41:05.081 [Information] Executed DbCommand ("8"ms) [Parameters=[""], CommandType='Text', CommandTimeout='30']"
""SELECT CASE
    WHEN EXISTS (
        SELECT 1
        FROM [Restaurants] AS [r]) THEN CAST(1 AS bit)
    ELSE CAST(0 AS bit)
END"
2024-10-16 22:41:05.140 [Information] Now listening on: "http://localhost:5298"
2024-10-16 22:41:05.142 [Information] Application started. Press Ctrl+C to shut down.
2024-10-16 22:41:05.142 [Information] Hosting environment: "Development"
2024-10-16 22:41:05.142 [Information] Content root path: "/Users/loganathansellappa/projects/Restuarants/Restaurants.API"
2024-10-16 22:41:05.746 [Error] HTTP "GET" "/weatherforecast" responded 500 in 0.6861 ms
System.InvalidOperationException: Unable to resolve service for type 'Swashbuckle.AspNetCore.Swagger.ISwaggerProvider' while attempting to Invoke middleware 'Swashbuckle.AspNetCore.Swagger.SwaggerMiddleware'.
   at lambda_method6(Closure, Object, HttpContext, IServiceProvider)
   at Serilog.AspNetCore.RequestLoggingMiddleware.Invoke(HttpContext httpContext)
2024-10-16 22:41:05.749 [Error] An unhandled exception has occurred while executing the request.
System.InvalidOperationException: Unable to resolve service for type 'Swashbuckle.AspNetCore.Swagger.ISwaggerProvider' while attempting to Invoke middleware 'Swashbuckle.AspNetCore.Swagger.SwaggerMiddleware'.
   at lambda_method6(Closure, Object, HttpContext, IServiceProvider)
   at Serilog.AspNetCore.RequestLoggingMiddleware.Invoke(HttpContext httpContext)
   at Microsoft.AspNetCore.Authentication.AuthenticationMiddleware.Invoke(HttpContext context)
   at Microsoft.AspNetCore.Diagnostics.DeveloperExceptionPageMiddlewareImpl.Invoke(HttpContext context)
2024-10-16 22:41:09.923 [Information] Application is shutting down...
2024-10-16 22:41:21.894 [Warning] Sensitive data logging is enabled. Log entries and exception messages may include sensitive application data; this mode should only be enabled during development.
2024-10-16 22:41:21.950 [Warning] The entity type '"Address"' is an optional dependent using table sharing without any required non shared property that could be used to identify whether the entity exists. If all nullable properties contain a null value in database then an object instance won't be created in the query. Add a required property to create instances with null values for other properties or mark the incoming navigation as required to always create an instance.
2024-10-16 22:41:21.957 [Warning] No store type was specified for the decimal property '"Price"' on entity type '"Dish"'. This will cause values to be silently truncated if they do not fit in the default precision and scale. Explicitly specify the SQL server column type that can accommodate all the values in 'OnModelCreating' using 'HasColumnType', specify precision and scale using 'HasPrecision', or configure a value converter using 'HasConversion'.
2024-10-16 22:41:22.182 [Information] Executed DbCommand ("19"ms) [Parameters=[""], CommandType='Text', CommandTimeout='30']"
""SELECT 1"
2024-10-16 22:41:22.316 [Information] Executed DbCommand ("6"ms) [Parameters=[""], CommandType='Text', CommandTimeout='30']"
""SELECT CASE
    WHEN EXISTS (
        SELECT 1
        FROM [Restaurants] AS [r]) THEN CAST(1 AS bit)
    ELSE CAST(0 AS bit)
END"
2024-10-16 22:41:22.395 [Information] Now listening on: "http://localhost:5298"
2024-10-16 22:41:22.397 [Information] Application started. Press Ctrl+C to shut down.
2024-10-16 22:41:22.398 [Information] Hosting environment: "Development"
2024-10-16 22:41:22.398 [Information] Content root path: "/Users/loganathansellappa/projects/Restuarants/Restaurants.API"
2024-10-16 22:41:22.550 [Error] HTTP "GET" "/weatherforecast" responded 500 in 0.6607 ms
System.InvalidOperationException: Unable to resolve service for type 'Swashbuckle.AspNetCore.Swagger.ISwaggerProvider' while attempting to Invoke middleware 'Swashbuckle.AspNetCore.Swagger.SwaggerMiddleware'.
   at lambda_method6(Closure, Object, HttpContext, IServiceProvider)
   at Serilog.AspNetCore.RequestLoggingMiddleware.Invoke(HttpContext httpContext)
2024-10-16 22:41:22.553 [Error] An unhandled exception has occurred while executing the request.
System.InvalidOperationException: Unable to resolve service for type 'Swashbuckle.AspNetCore.Swagger.ISwaggerProvider' while attempting to Invoke middleware 'Swashbuckle.AspNetCore.Swagger.SwaggerMiddleware'.
   at lambda_method6(Closure, Object, HttpContext, IServiceProvider)
   at Serilog.AspNetCore.RequestLoggingMiddleware.Invoke(HttpContext httpContext)
   at Microsoft.AspNetCore.Authentication.AuthenticationMiddleware.Invoke(HttpContext context)
   at Microsoft.AspNetCore.Diagnostics.DeveloperExceptionPageMiddlewareImpl.Invoke(HttpContext context)
2024-10-16 22:42:09.513 [Information] Application is shutting down...
2024-10-16 22:43:35.706 [Warning] Sensitive data logging is enabled. Log entries and exception messages may include sensitive application data; this mode should only be enabled during development.
2024-10-16 22:43:35.774 [Warning] The entity type '"Address"' is an optional dependent using table sharing without any required non shared property that could be used to identify whether the entity exists. If all nullable properties contain a null value in database then an object instance won't be created in the query. Add a required property to create instances with null values for other properties or mark the incoming navigation as required to always create an instance.
2024-10-16 22:43:35.780 [Warning] No store type was specified for the decimal property '"Price"' on entity type '"Dish"'. This will cause values to be silently truncated if they do not fit in the default precision and scale. Explicitly specify the SQL server column type that can accommodate all the values in 'OnModelCreating' using 'HasColumnType', specify precision and scale using 'HasPrecision', or configure a value converter using 'HasConversion'.
2024-10-16 22:43:36.039 [Information] Executed DbCommand ("18"ms) [Parameters=[""], CommandType='Text', CommandTimeout='30']"
""SELECT 1"
2024-10-16 22:43:36.162 [Information] Executed DbCommand ("6"ms) [Parameters=[""], CommandType='Text', CommandTimeout='30']"
""SELECT CASE
    WHEN EXISTS (
        SELECT 1
        FROM [Restaurants] AS [r]) THEN CAST(1 AS bit)
    ELSE CAST(0 AS bit)
END"
2024-10-16 22:43:36.242 [Information] Now listening on: "http://localhost:5298"
2024-10-16 22:43:36.244 [Information] Application started. Press Ctrl+C to shut down.
2024-10-16 22:43:36.245 [Information] Hosting environment: "Development"
2024-10-16 22:43:36.245 [Information] Content root path: "/Users/loganathansellappa/projects/Restuarants/Restaurants.API"
2024-10-16 22:43:36.547 [Error] HTTP "GET" "/weatherforecast" responded 500 in 0.7292 ms
System.InvalidOperationException: Unable to resolve service for type 'DotSwashbuckle.AspNetCore.Swagger.ISwaggerProvider' while attempting to Invoke middleware 'DotSwashbuckle.AspNetCore.Swagger.SwaggerMiddleware'.
   at lambda_method6(Closure, Object, HttpContext, IServiceProvider)
   at Serilog.AspNetCore.RequestLoggingMiddleware.Invoke(HttpContext httpContext)
2024-10-16 22:43:36.553 [Error] An unhandled exception has occurred while executing the request.
System.InvalidOperationException: Unable to resolve service for type 'DotSwashbuckle.AspNetCore.Swagger.ISwaggerProvider' while attempting to Invoke middleware 'DotSwashbuckle.AspNetCore.Swagger.SwaggerMiddleware'.
   at lambda_method6(Closure, Object, HttpContext, IServiceProvider)
   at Serilog.AspNetCore.RequestLoggingMiddleware.Invoke(HttpContext httpContext)
   at Microsoft.AspNetCore.Authentication.AuthenticationMiddleware.Invoke(HttpContext context)
   at Microsoft.AspNetCore.Diagnostics.DeveloperExceptionPageMiddlewareImpl.Invoke(HttpContext context)
2024-10-16 22:43:38.643 [Error] HTTP "GET" "/weatherforecast" responded 500 in 0.1946 ms
System.InvalidOperationException: Unable to resolve service for type 'DotSwashbuckle.AspNetCore.Swagger.ISwaggerProvider' while attempting to Invoke middleware 'DotSwashbuckle.AspNetCore.Swagger.SwaggerMiddleware'.
   at lambda_method6(Closure, Object, HttpContext, IServiceProvider)
   at Serilog.AspNetCore.RequestLoggingMiddleware.Invoke(HttpContext httpContext)
2024-10-16 22:43:38.645 [Error] An unhandled exception has occurred while executing the request.
System.InvalidOperationException: Unable to resolve service for type 'DotSwashbuckle.AspNetCore.Swagger.ISwaggerProvider' while attempting to Invoke middleware 'DotSwashbuckle.AspNetCore.Swagger.SwaggerMiddleware'.
   at lambda_method6(Closure, Object, HttpContext, IServiceProvider)
   at Serilog.AspNetCore.RequestLoggingMiddleware.Invoke(HttpContext httpContext)
   at Microsoft.AspNetCore.Authentication.AuthenticationMiddleware.Invoke(HttpContext context)
   at Microsoft.AspNetCore.Diagnostics.DeveloperExceptionPageMiddlewareImpl.Invoke(HttpContext context)
2024-10-16 22:45:20.735 [Information] Application is shutting down...
2024-10-16 22:45:23.907 [Warning] Sensitive data logging is enabled. Log entries and exception messages may include sensitive application data; this mode should only be enabled during development.
2024-10-16 22:45:23.971 [Warning] The entity type '"Address"' is an optional dependent using table sharing without any required non shared property that could be used to identify whether the entity exists. If all nullable properties contain a null value in database then an object instance won't be created in the query. Add a required property to create instances with null values for other properties or mark the incoming navigation as required to always create an instance.
2024-10-16 22:45:23.977 [Warning] No store type was specified for the decimal property '"Price"' on entity type '"Dish"'. This will cause values to be silently truncated if they do not fit in the default precision and scale. Explicitly specify the SQL server column type that can accommodate all the values in 'OnModelCreating' using 'HasColumnType', specify precision and scale using 'HasPrecision', or configure a value converter using 'HasConversion'.
2024-10-16 22:45:24.198 [Information] Executed DbCommand ("20"ms) [Parameters=[""], CommandType='Text', CommandTimeout='30']"
""SELECT 1"
2024-10-16 22:45:24.319 [Information] Executed DbCommand ("7"ms) [Parameters=[""], CommandType='Text', CommandTimeout='30']"
""SELECT CASE
    WHEN EXISTS (
        SELECT 1
        FROM [Restaurants] AS [r]) THEN CAST(1 AS bit)
    ELSE CAST(0 AS bit)
END"
2024-10-16 22:45:24.387 [Information] Now listening on: "http://localhost:5298"
2024-10-16 22:45:24.388 [Information] Application started. Press Ctrl+C to shut down.
2024-10-16 22:45:24.389 [Information] Hosting environment: "Development"
2024-10-16 22:45:24.389 [Information] Content root path: "/Users/loganathansellappa/projects/Restuarants/Restaurants.API"
2024-10-16 22:45:24.524 [Error] HTTP "GET" "/weatherforecast" responded 500 in 0.5453 ms
System.InvalidOperationException: Unable to resolve service for type 'Swashbuckle.AspNetCore.Swagger.ISwaggerProvider' while attempting to Invoke middleware 'Swashbuckle.AspNetCore.Swagger.SwaggerMiddleware'.
   at lambda_method6(Closure, Object, HttpContext, IServiceProvider)
   at Serilog.AspNetCore.RequestLoggingMiddleware.Invoke(HttpContext httpContext)
2024-10-16 22:45:24.527 [Error] An unhandled exception has occurred while executing the request.
System.InvalidOperationException: Unable to resolve service for type 'Swashbuckle.AspNetCore.Swagger.ISwaggerProvider' while attempting to Invoke middleware 'Swashbuckle.AspNetCore.Swagger.SwaggerMiddleware'.
   at lambda_method6(Closure, Object, HttpContext, IServiceProvider)
   at Serilog.AspNetCore.RequestLoggingMiddleware.Invoke(HttpContext httpContext)
   at Microsoft.AspNetCore.Authentication.AuthenticationMiddleware.Invoke(HttpContext context)
   at Microsoft.AspNetCore.Diagnostics.DeveloperExceptionPageMiddlewareImpl.Invoke(HttpContext context)
2024-10-16 22:45:35.196 [Information] Application is shutting down...
2024-10-16 22:47:08.346 [Warning] Sensitive data logging is enabled. Log entries and exception messages may include sensitive application data; this mode should only be enabled during development.
2024-10-16 22:47:08.410 [Warning] The entity type '"Address"' is an optional dependent using table sharing without any required non shared property that could be used to identify whether the entity exists. If all nullable properties contain a null value in database then an object instance won't be created in the query. Add a required property to create instances with null values for other properties or mark the incoming navigation as required to always create an instance.
2024-10-16 22:47:08.417 [Warning] No store type was specified for the decimal property '"Price"' on entity type '"Dish"'. This will cause values to be silently truncated if they do not fit in the default precision and scale. Explicitly specify the SQL server column type that can accommodate all the values in 'OnModelCreating' using 'HasColumnType', specify precision and scale using 'HasPrecision', or configure a value converter using 'HasConversion'.
2024-10-16 22:47:08.671 [Information] Executed DbCommand ("16"ms) [Parameters=[""], CommandType='Text', CommandTimeout='30']"
""SELECT 1"
2024-10-16 22:47:08.786 [Information] Executed DbCommand ("7"ms) [Parameters=[""], CommandType='Text', CommandTimeout='30']"
""SELECT CASE
    WHEN EXISTS (
        SELECT 1
        FROM [Restaurants] AS [r]) THEN CAST(1 AS bit)
    ELSE CAST(0 AS bit)
END"
2024-10-16 22:47:08.868 [Information] Now listening on: "http://localhost:5298"
2024-10-16 22:47:08.869 [Information] Application started. Press Ctrl+C to shut down.
2024-10-16 22:47:08.870 [Information] Hosting environment: "Development"
2024-10-16 22:47:08.870 [Information] Content root path: "/Users/loganathansellappa/projects/Restuarants/Restaurants.API"
2024-10-16 22:47:09.500 [Error] HTTP "GET" "/weatherforecast" responded 500 in 0.8153 ms
System.InvalidOperationException: Unable to resolve service for type 'Swashbuckle.AspNetCore.Swagger.ISwaggerProvider' while attempting to Invoke middleware 'Swashbuckle.AspNetCore.Swagger.SwaggerMiddleware'.
   at lambda_method6(Closure, Object, HttpContext, IServiceProvider)
   at Serilog.AspNetCore.RequestLoggingMiddleware.Invoke(HttpContext httpContext)
2024-10-16 22:47:09.504 [Error] An unhandled exception has occurred while executing the request.
System.InvalidOperationException: Unable to resolve service for type 'Swashbuckle.AspNetCore.Swagger.ISwaggerProvider' while attempting to Invoke middleware 'Swashbuckle.AspNetCore.Swagger.SwaggerMiddleware'.
   at lambda_method6(Closure, Object, HttpContext, IServiceProvider)
   at Serilog.AspNetCore.RequestLoggingMiddleware.Invoke(HttpContext httpContext)
   at Microsoft.AspNetCore.Authentication.AuthenticationMiddleware.Invoke(HttpContext context)
   at Microsoft.AspNetCore.Diagnostics.DeveloperExceptionPageMiddlewareImpl.Invoke(HttpContext context)
2024-10-16 22:47:09.620 [Error] HTTP "GET" "/favicon.ico" responded 500 in 0.0705 ms
System.InvalidOperationException: Unable to resolve service for type 'Swashbuckle.AspNetCore.Swagger.ISwaggerProvider' while attempting to Invoke middleware 'Swashbuckle.AspNetCore.Swagger.SwaggerMiddleware'.
   at lambda_method6(Closure, Object, HttpContext, IServiceProvider)
   at Serilog.AspNetCore.RequestLoggingMiddleware.Invoke(HttpContext httpContext)
2024-10-16 22:47:09.621 [Error] An unhandled exception has occurred while executing the request.
System.InvalidOperationException: Unable to resolve service for type 'Swashbuckle.AspNetCore.Swagger.ISwaggerProvider' while attempting to Invoke middleware 'Swashbuckle.AspNetCore.Swagger.SwaggerMiddleware'.
   at lambda_method6(Closure, Object, HttpContext, IServiceProvider)
   at Serilog.AspNetCore.RequestLoggingMiddleware.Invoke(HttpContext httpContext)
   at Microsoft.AspNetCore.Authentication.AuthenticationMiddleware.Invoke(HttpContext context)
   at Microsoft.AspNetCore.Diagnostics.DeveloperExceptionPageMiddlewareImpl.Invoke(HttpContext context)
2024-10-16 22:49:15.381 [Information] Application is shutting down...
2024-10-16 22:49:18.701 [Warning] Sensitive data logging is enabled. Log entries and exception messages may include sensitive application data; this mode should only be enabled during development.
2024-10-16 22:49:18.763 [Warning] The entity type '"Address"' is an optional dependent using table sharing without any required non shared property that could be used to identify whether the entity exists. If all nullable properties contain a null value in database then an object instance won't be created in the query. Add a required property to create instances with null values for other properties or mark the incoming navigation as required to always create an instance.
2024-10-16 22:49:18.769 [Warning] No store type was specified for the decimal property '"Price"' on entity type '"Dish"'. This will cause values to be silently truncated if they do not fit in the default precision and scale. Explicitly specify the SQL server column type that can accommodate all the values in 'OnModelCreating' using 'HasColumnType', specify precision and scale using 'HasPrecision', or configure a value converter using 'HasConversion'.
2024-10-16 22:49:19.006 [Information] Executed DbCommand ("18"ms) [Parameters=[""], CommandType='Text', CommandTimeout='30']"
""SELECT 1"
2024-10-16 22:49:19.122 [Information] Executed DbCommand ("6"ms) [Parameters=[""], CommandType='Text', CommandTimeout='30']"
""SELECT CASE
    WHEN EXISTS (
        SELECT 1
        FROM [Restaurants] AS [r]) THEN CAST(1 AS bit)
    ELSE CAST(0 AS bit)
END"
2024-10-16 22:49:19.177 [Information] Now listening on: "http://localhost:5298"
2024-10-16 22:49:19.179 [Information] Application started. Press Ctrl+C to shut down.
2024-10-16 22:49:19.179 [Information] Hosting environment: "Development"
2024-10-16 22:49:19.179 [Information] Content root path: "/Users/loganathansellappa/projects/Restuarants/Restaurants.API"
2024-10-16 22:49:19.755 [Warning] Failed to determine the https port for redirect.
2024-10-16 22:49:19.787 [Information] HTTP "GET" "/weatherforecast" responded 200 in 38.8382 ms
2024-10-16 22:50:04.411 [Information] HTTP "GET" "/" responded 404 in 0.8561 ms
2024-10-16 22:50:09.084 [Information] HTTP "GET" "/swagger" responded 301 in 0.4653 ms
2024-10-16 22:50:09.123 [Information] HTTP "GET" "/swagger/index.html" responded 200 in 35.9972 ms
2024-10-16 22:50:09.146 [Information] HTTP "GET" "/swagger/swagger-ui-standalone-preset.js" responded 200 in 9.2711 ms
2024-10-16 22:50:09.146 [Information] HTTP "GET" "/swagger/swagger-ui-bundle.js" responded 200 in 11.1371 ms
2024-10-16 22:50:09.146 [Information] HTTP "GET" "/swagger/swagger-ui.css" responded 200 in 11.3332 ms
2024-10-16 22:50:09.236 [Information] HTTP "GET" "/swagger/favicon-32x32.png" responded 200 in 0.2613 ms
2024-10-16 22:50:09.254 [Information] HTTP "GET" "/swagger/v1/swagger.json" responded 200 in 39.6933 ms
2024-10-16 23:06:31.872 [Information] HTTP "GET" "/swagger/index.html" responded 200 in 8.8451 ms
2024-10-16 23:06:31.991 [Information] HTTP "GET" "/swagger/v1/swagger.json" responded 200 in 6.7929 ms
2024-10-16 23:06:32.773 [Information] HTTP "GET" "/swagger/index.html" responded 200 in 0.3071 ms
2024-10-16 23:06:32.810 [Information] HTTP "GET" "/swagger/v1/swagger.json" responded 200 in 1.8778 ms
2024-10-16 23:07:05.158 [Information] Application is shutting down...
2024-10-16 23:07:12.790 [Warning] Sensitive data logging is enabled. Log entries and exception messages may include sensitive application data; this mode should only be enabled during development.
2024-10-16 23:07:12.851 [Warning] The entity type '"Address"' is an optional dependent using table sharing without any required non shared property that could be used to identify whether the entity exists. If all nullable properties contain a null value in database then an object instance won't be created in the query. Add a required property to create instances with null values for other properties or mark the incoming navigation as required to always create an instance.
2024-10-16 23:07:12.858 [Warning] No store type was specified for the decimal property '"Price"' on entity type '"Dish"'. This will cause values to be silently truncated if they do not fit in the default precision and scale. Explicitly specify the SQL server column type that can accommodate all the values in 'OnModelCreating' using 'HasColumnType', specify precision and scale using 'HasPrecision', or configure a value converter using 'HasConversion'.
2024-10-16 23:07:13.116 [Information] Executed DbCommand ("18"ms) [Parameters=[""], CommandType='Text', CommandTimeout='30']"
""SELECT 1"
2024-10-16 23:07:13.249 [Information] Executed DbCommand ("16"ms) [Parameters=[""], CommandType='Text', CommandTimeout='30']"
""SELECT CASE
    WHEN EXISTS (
        SELECT 1
        FROM [Restaurants] AS [r]) THEN CAST(1 AS bit)
    ELSE CAST(0 AS bit)
END"
2024-10-16 23:07:13.316 [Information] Now listening on: "http://localhost:5298"
2024-10-16 23:07:13.317 [Information] Application started. Press Ctrl+C to shut down.
2024-10-16 23:07:13.318 [Information] Hosting environment: "Development"
2024-10-16 23:07:13.318 [Information] Content root path: "/Users/loganathansellappa/projects/Restuarants/Restaurants.API"
2024-10-16 23:07:13.635 [Warning] Failed to determine the https port for redirect.
2024-10-16 23:07:13.665 [Information] HTTP "GET" "/weatherforecast" responded 200 in 34.8975 ms
2024-10-16 23:07:32.334 [Information] Application is shutting down...
2024-10-16 23:07:35.553 [Warning] Sensitive data logging is enabled. Log entries and exception messages may include sensitive application data; this mode should only be enabled during development.
2024-10-16 23:07:35.619 [Warning] The entity type '"Address"' is an optional dependent using table sharing without any required non shared property that could be used to identify whether the entity exists. If all nullable properties contain a null value in database then an object instance won't be created in the query. Add a required property to create instances with null values for other properties or mark the incoming navigation as required to always create an instance.
2024-10-16 23:07:35.625 [Warning] No store type was specified for the decimal property '"Price"' on entity type '"Dish"'. This will cause values to be silently truncated if they do not fit in the default precision and scale. Explicitly specify the SQL server column type that can accommodate all the values in 'OnModelCreating' using 'HasColumnType', specify precision and scale using 'HasPrecision', or configure a value converter using 'HasConversion'.
2024-10-16 23:07:35.839 [Information] Executed DbCommand ("18"ms) [Parameters=[""], CommandType='Text', CommandTimeout='30']"
""SELECT 1"
2024-10-16 23:07:35.966 [Information] Executed DbCommand ("9"ms) [Parameters=[""], CommandType='Text', CommandTimeout='30']"
""SELECT CASE
    WHEN EXISTS (
        SELECT 1
        FROM [Restaurants] AS [r]) THEN CAST(1 AS bit)
    ELSE CAST(0 AS bit)
END"
2024-10-16 23:07:36.021 [Information] Now listening on: "http://localhost:5298"
2024-10-16 23:07:36.023 [Information] Application started. Press Ctrl+C to shut down.
2024-10-16 23:07:36.024 [Information] Hosting environment: "Development"
2024-10-16 23:07:36.024 [Information] Content root path: "/Users/loganathansellappa/projects/Restuarants/Restaurants.API"
2024-10-16 23:07:36.126 [Warning] Failed to determine the https port for redirect.
2024-10-16 23:07:36.161 [Information] HTTP "GET" "/weatherforecast" responded 200 in 44.1328 ms
2024-10-16 23:07:44.255 [Information] HTTP "GET" "/swagger/index.html" responded 200 in 28.6966 ms
2024-10-16 23:07:44.341 [Information] HTTP "GET" "/swagger/v1/swagger.json" responded 200 in 41.6789 ms
2024-10-16 23:08:54.457 [Information] HTTP "GET" "/swagger/index.html" responded 200 in 11.8773 ms
2024-10-16 23:08:54.515 [Error] HTTP "GET" "/swagger/v1/swagger.json" responded 500 in 4.8249 ms
Swashbuckle.AspNetCore.SwaggerGen.SwaggerGeneratorException: Conflicting method/path combination "GET api/restaurants" for actions - Restaurants.API.Controllers.RestaurantsController.GetAll (Restaurants.API),Restaurants.API.Controllers.RestaurantsController.GetAll (Restaurants.API). Actions require a unique method/path combination for Swagger/OpenAPI 3.0. Use ConflictingActionsResolver as a workaround
   at Swashbuckle.AspNetCore.SwaggerGen.SwaggerGenerator.GenerateOperations(IEnumerable`1 apiDescriptions, SchemaRepository schemaRepository)
   at Swashbuckle.AspNetCore.SwaggerGen.SwaggerGenerator.GeneratePaths(IEnumerable`1 apiDescriptions, SchemaRepository schemaRepository)
   at Swashbuckle.AspNetCore.SwaggerGen.SwaggerGenerator.GetSwaggerDocumentWithoutFilters(String documentName, String host, String basePath)
   at Swashbuckle.AspNetCore.SwaggerGen.SwaggerGenerator.GetSwaggerAsync(String documentName, String host, String basePath)
   at Swashbuckle.AspNetCore.Swagger.SwaggerMiddleware.Invoke(HttpContext httpContext, ISwaggerProvider swaggerProvider)
   at Serilog.AspNetCore.RequestLoggingMiddleware.Invoke(HttpContext httpContext)
2024-10-16 23:08:54.521 [Error] An unhandled exception has occurred while executing the request.
Swashbuckle.AspNetCore.SwaggerGen.SwaggerGeneratorException: Conflicting method/path combination "GET api/restaurants" for actions - Restaurants.API.Controllers.RestaurantsController.GetAll (Restaurants.API),Restaurants.API.Controllers.RestaurantsController.GetAll (Restaurants.API). Actions require a unique method/path combination for Swagger/OpenAPI 3.0. Use ConflictingActionsResolver as a workaround
   at Swashbuckle.AspNetCore.SwaggerGen.SwaggerGenerator.GenerateOperations(IEnumerable`1 apiDescriptions, SchemaRepository schemaRepository)
   at Swashbuckle.AspNetCore.SwaggerGen.SwaggerGenerator.GeneratePaths(IEnumerable`1 apiDescriptions, SchemaRepository schemaRepository)
   at Swashbuckle.AspNetCore.SwaggerGen.SwaggerGenerator.GetSwaggerDocumentWithoutFilters(String documentName, String host, String basePath)
   at Swashbuckle.AspNetCore.SwaggerGen.SwaggerGenerator.GetSwaggerAsync(String documentName, String host, String basePath)
   at Swashbuckle.AspNetCore.Swagger.SwaggerMiddleware.Invoke(HttpContext httpContext, ISwaggerProvider swaggerProvider)
   at Serilog.AspNetCore.RequestLoggingMiddleware.Invoke(HttpContext httpContext)
   at Microsoft.AspNetCore.Authentication.AuthenticationMiddleware.Invoke(HttpContext context)
   at Microsoft.AspNetCore.Diagnostics.DeveloperExceptionPageMiddlewareImpl.Invoke(HttpContext context)
2024-10-16 23:09:04.196 [Information] Application is shutting down...
2024-10-16 23:09:07.533 [Warning] Sensitive data logging is enabled. Log entries and exception messages may include sensitive application data; this mode should only be enabled during development.
2024-10-16 23:09:07.599 [Warning] The entity type '"Address"' is an optional dependent using table sharing without any required non shared property that could be used to identify whether the entity exists. If all nullable properties contain a null value in database then an object instance won't be created in the query. Add a required property to create instances with null values for other properties or mark the incoming navigation as required to always create an instance.
2024-10-16 23:09:07.606 [Warning] No store type was specified for the decimal property '"Price"' on entity type '"Dish"'. This will cause values to be silently truncated if they do not fit in the default precision and scale. Explicitly specify the SQL server column type that can accommodate all the values in 'OnModelCreating' using 'HasColumnType', specify precision and scale using 'HasPrecision', or configure a value converter using 'HasConversion'.
2024-10-16 23:09:07.825 [Information] Executed DbCommand ("18"ms) [Parameters=[""], CommandType='Text', CommandTimeout='30']"
""SELECT 1"
2024-10-16 23:09:07.943 [Information] Executed DbCommand ("7"ms) [Parameters=[""], CommandType='Text', CommandTimeout='30']"
""SELECT CASE
    WHEN EXISTS (
        SELECT 1
        FROM [Restaurants] AS [r]) THEN CAST(1 AS bit)
    ELSE CAST(0 AS bit)
END"
2024-10-16 23:09:07.996 [Information] Now listening on: "http://localhost:5298"
2024-10-16 23:09:07.998 [Information] Application started. Press Ctrl+C to shut down.
2024-10-16 23:09:07.998 [Information] Hosting environment: "Development"
2024-10-16 23:09:07.998 [Information] Content root path: "/Users/loganathansellappa/projects/Restuarants/Restaurants.API"
2024-10-16 23:09:08.582 [Warning] Failed to determine the https port for redirect.
2024-10-16 23:09:08.611 [Information] HTTP "GET" "/weatherforecast" responded 200 in 33.7440 ms
2024-10-16 23:09:11.090 [Information] HTTP "GET" "/swagger/index.html" responded 200 in 44.4015 ms
2024-10-16 23:09:11.173 [Information] HTTP "GET" "/swagger/v1/swagger.json" responded 200 in 41.7663 ms
2024-10-16 23:10:20.491 [Information] HTTP "GET" "/swagger/index.html" responded 200 in 0.9585 ms
2024-10-16 23:10:20.562 [Information] HTTP "GET" "/swagger/v1/swagger.json" responded 200 in 5.1961 ms
2024-10-16 23:13:41.678 [Information] Application is shutting down...
