2024-10-31 00:03:55.429 [Information] Application is shutting down...
2024-10-31 00:04:02.419 [Warning] Sensitive data logging is enabled. Log entries and exception messages may include sensitive application data; this mode should only be enabled during development.
2024-10-31 00:04:02.531 [Warning] The entity type '"Address"' is an optional dependent using table sharing without any required non shared property that could be used to identify whether the entity exists. If all nullable properties contain a null value in database then an object instance won't be created in the query. Add a required property to create instances with null values for other properties or mark the incoming navigation as required to always create an instance.
2024-10-31 00:04:02.541 [Warning] No store type was specified for the decimal property '"Price"' on entity type '"Dish"'. This will cause values to be silently truncated if they do not fit in the default precision and scale. Explicitly specify the SQL server column type that can accommodate all the values in 'OnModelCreating' using 'HasColumnType', specify precision and scale using 'HasPrecision', or configure a value converter using 'HasConversion'.
2024-10-31 00:04:02.867 [Information] Executed DbCommand ("30"ms) [Parameters=[""], CommandType='Text', CommandTimeout='30']"
""SELECT 1"
2024-10-31 00:04:03.050 [Information] Executed DbCommand ("25"ms) [Parameters=[""], CommandType='Text', CommandTimeout='30']"
""SELECT CASE
    WHEN EXISTS (
        SELECT 1
        FROM [Restaurants] AS [r]) THEN CAST(1 AS bit)
    ELSE CAST(0 AS bit)
END"
2024-10-31 00:04:03.064 [Information] Executed DbCommand ("2"ms) [Parameters=[""], CommandType='Text', CommandTimeout='30']"
""SELECT CASE
    WHEN EXISTS (
        SELECT 1
        FROM [AspNetRoles] AS [a]) THEN CAST(1 AS bit)
    ELSE CAST(0 AS bit)
END"
2024-10-31 00:04:03.168 [Information] Now listening on: "http://localhost:5298"
2024-10-31 00:04:03.170 [Information] Application started. Press Ctrl+C to shut down.
2024-10-31 00:04:03.171 [Information] Hosting environment: "Development"
2024-10-31 00:04:03.171 [Information] Content root path: "/Users/loganathansellappa/projects/Restuarants/Restaurants.API"
2024-10-31 00:04:03.830 [Warning] Failed to determine the https port for redirect.
2024-10-31 00:04:03.985 [Information] HTTP "GET" "/weatherforecast" responded 200 in 188.1269 ms
2024-10-31 00:04:31.470 [Information] HTTP "DELETE" "/api/identity/userRole" responded 401 in 3.4252 ms
2024-10-31 00:04:33.558 [Information] HTTP "DELETE" "/api/identity/userRole" responded 401 in 0.8440 ms
2024-10-31 00:04:34.484 [Information] HTTP "DELETE" "/api/identity/userRole" responded 401 in 0.7497 ms
2024-10-31 00:04:35.414 [Information] HTTP "DELETE" "/api/identity/userRole" responded 401 in 0.1331 ms
2024-10-31 00:04:36.217 [Information] HTTP "DELETE" "/api/identity/userRole" responded 401 in 0.1070 ms
2024-10-31 00:04:42.831 [Information] Executed DbCommand ("27"ms) [Parameters=["@__normalizedUserName_0='ADMIN@TESTDEVLOGAN.COM' (Size = 256)"], CommandType='Text', CommandTimeout='30']"
""SELECT TOP(1) [a].[Id], [a].[AccessFailedCount], [a].[ConcurrencyStamp], [a].[DateOfBirth], [a].[Email], [a].[EmailConfirmed], [a].[LockoutEnabled], [a].[LockoutEnd], [a].[Nationality], [a].[NormalizedEmail], [a].[NormalizedUserName], [a].[PasswordHash], [a].[PhoneNumber], [a].[PhoneNumberConfirmed], [a].[SecurityStamp], [a].[TwoFactorEnabled], [a].[UserName]
FROM [AspNetUsers] AS [a]
WHERE [a].[NormalizedUserName] = @__normalizedUserName_0"
2024-10-31 00:04:42.995 [Information] Executed DbCommand ("5"ms) [Parameters=["@__user_Id_0='728b70a8-374d-4ca3-a42b-c131ac124937' (Size = 450)"], CommandType='Text', CommandTimeout='30']"
""SELECT [a].[Id], [a].[ClaimType], [a].[ClaimValue], [a].[UserId]
FROM [AspNetUserClaims] AS [a]
WHERE [a].[UserId] = @__user_Id_0"
2024-10-31 00:04:43.017 [Information] Executed DbCommand ("4"ms) [Parameters=["@__userId_0='728b70a8-374d-4ca3-a42b-c131ac124937' (Size = 450)"], CommandType='Text', CommandTimeout='30']"
""SELECT [a0].[Name]
FROM [AspNetUserRoles] AS [a]
INNER JOIN [AspNetRoles] AS [a0] ON [a].[RoleId] = [a0].[Id]
WHERE [a].[UserId] = @__userId_0"
2024-10-31 00:04:43.026 [Information] Executed DbCommand ("4"ms) [Parameters=["@__normalizedName_0='ADMIN' (Size = 256)"], CommandType='Text', CommandTimeout='30']"
""SELECT TOP(1) [a].[Id], [a].[ConcurrencyStamp], [a].[Name], [a].[NormalizedName]
FROM [AspNetRoles] AS [a]
WHERE [a].[NormalizedName] = @__normalizedName_0"
2024-10-31 00:04:43.041 [Information] Executed DbCommand ("4"ms) [Parameters=["@__role_Id_0='55dd0553-1bcf-4804-9cdb-6d79e48c6f6e' (Size = 450)"], CommandType='Text', CommandTimeout='30']"
""SELECT [a].[ClaimType], [a].[ClaimValue]
FROM [AspNetRoleClaims] AS [a]
WHERE [a].[RoleId] = @__role_Id_0"
2024-10-31 00:04:43.056 [Information] HTTP "POST" "/api/identity/login" responded 200 in 341.1718 ms
2024-10-31 00:05:11.007 [Information] Executed DbCommand ("5"ms) [Parameters=["@__normalizedEmail_0='OWNER@TESTDEVLOGAN.COM' (Size = 256)"], CommandType='Text', CommandTimeout='30']"
""SELECT TOP(2) [a].[Id], [a].[AccessFailedCount], [a].[ConcurrencyStamp], [a].[DateOfBirth], [a].[Email], [a].[EmailConfirmed], [a].[LockoutEnabled], [a].[LockoutEnd], [a].[Nationality], [a].[NormalizedEmail], [a].[NormalizedUserName], [a].[PasswordHash], [a].[PhoneNumber], [a].[PhoneNumberConfirmed], [a].[SecurityStamp], [a].[TwoFactorEnabled], [a].[UserName]
FROM [AspNetUsers] AS [a]
WHERE [a].[NormalizedEmail] = @__normalizedEmail_0"
2024-10-31 00:05:11.014 [Information] Executed DbCommand ("3"ms) [Parameters=["@__normalizedName_0='OWNER' (Size = 256)"], CommandType='Text', CommandTimeout='30']"
""SELECT TOP(1) [a].[Id], [a].[ConcurrencyStamp], [a].[Name], [a].[NormalizedName]
FROM [AspNetRoles] AS [a]
WHERE [a].[NormalizedName] = @__normalizedName_0"
2024-10-31 00:05:11.021 [Information] Executed DbCommand ("2"ms) [Parameters=["@__normalizedRoleName_0='OWNER' (Size = 256)"], CommandType='Text', CommandTimeout='30']"
""SELECT TOP(2) [a].[Id], [a].[ConcurrencyStamp], [a].[Name], [a].[NormalizedName]
FROM [AspNetRoles] AS [a]
WHERE [a].[NormalizedName] = @__normalizedRoleName_0"
2024-10-31 00:05:11.046 [Information] Executed DbCommand ("3"ms) [Parameters=["@__p_0='3eb48622-fa36-4aa7-a921-a40a4fba9f9e' (Size = 450), @__p_1='0263f231-9a1a-4ae0-860e-e50e277c59f2' (Size = 450)"], CommandType='Text', CommandTimeout='30']"
""SELECT TOP(1) [a].[UserId], [a].[RoleId]
FROM [AspNetUserRoles] AS [a]
WHERE [a].[UserId] = @__p_0 AND [a].[RoleId] = @__p_1"
2024-10-31 00:05:11.060 [Information] Executed DbCommand ("4"ms) [Parameters=["@__normalizedRoleName_0='OWNER' (Size = 256)"], CommandType='Text', CommandTimeout='30']"
""SELECT TOP(2) [a].[Id], [a].[ConcurrencyStamp], [a].[Name], [a].[NormalizedName]
FROM [AspNetRoles] AS [a]
WHERE [a].[NormalizedName] = @__normalizedRoleName_0"
2024-10-31 00:05:11.072 [Information] Executed DbCommand ("3"ms) [Parameters=["@__normalizedUserName_0='OWNER@TESTDEVLOGAN.COM' (Size = 256)"], CommandType='Text', CommandTimeout='30']"
""SELECT TOP(1) [a].[Id], [a].[AccessFailedCount], [a].[ConcurrencyStamp], [a].[DateOfBirth], [a].[Email], [a].[EmailConfirmed], [a].[LockoutEnabled], [a].[LockoutEnd], [a].[Nationality], [a].[NormalizedEmail], [a].[NormalizedUserName], [a].[PasswordHash], [a].[PhoneNumber], [a].[PhoneNumberConfirmed], [a].[SecurityStamp], [a].[TwoFactorEnabled], [a].[UserName]
FROM [AspNetUsers] AS [a]
WHERE [a].[NormalizedUserName] = @__normalizedUserName_0"
2024-10-31 00:05:11.182 [Information] Executed DbCommand ("8"ms) [Parameters=["@p0='0263f231-9a1a-4ae0-860e-e50e277c59f2' (Nullable = false) (Size = 450), @p1='3eb48622-fa36-4aa7-a921-a40a4fba9f9e' (Nullable = false) (Size = 450), @p18='3eb48622-fa36-4aa7-a921-a40a4fba9f9e' (Nullable = false) (Size = 450), @p2='0', @p3='23e682cb-1528-4c96-9deb-66328d6dc208' (Size = 4000), @p19='ffa18f9b-8767-4ec5-9828-d5e7e086b75b' (Size = 4000), @p4=NULL (DbType = Date), @p5='owner@testdevlogan.com' (Size = 256), @p6='False', @p7='True', @p8=NULL (DbType = DateTimeOffset), @p9=NULL (Size = 4000), @p10='OWNER@TESTDEVLOGAN.COM' (Size = 256), @p11='OWNER@TESTDEVLOGAN.COM' (Size = 256), @p12='AQAAAAIAAYagAAAAEIOFQuSW2XcEP+UEJFmuaUEgmZUixpiMcuJONyRxpskvgAGpWZBOUKg3UhgACyxxRQ==' (Size = 4000), @p13=NULL (Size = 4000), @p14='False', @p15='473VZUDPRWSWHM4Q6XCSNZDZ3VJYHQCT' (Size = 4000), @p16='False', @p17='owner@testdevlogan.com' (Size = 256)"], CommandType='Text', CommandTimeout='30']"
""SET NOCOUNT ON;
DELETE FROM [AspNetUserRoles]
OUTPUT 1
WHERE [RoleId] = @p0 AND [UserId] = @p1;
UPDATE [AspNetUsers] SET [AccessFailedCount] = @p2, [ConcurrencyStamp] = @p3, [DateOfBirth] = @p4, [Email] = @p5, [EmailConfirmed] = @p6, [LockoutEnabled] = @p7, [LockoutEnd] = @p8, [Nationality] = @p9, [NormalizedEmail] = @p10, [NormalizedUserName] = @p11, [PasswordHash] = @p12, [PhoneNumber] = @p13, [PhoneNumberConfirmed] = @p14, [SecurityStamp] = @p15, [TwoFactorEnabled] = @p16, [UserName] = @p17
OUTPUT 1
WHERE [Id] = @p18 AND [ConcurrencyStamp] = @p19;"
2024-10-31 00:05:11.209 [Information] HTTP "DELETE" "/api/identity/userRole" responded 204 in 268.2693 ms
2024-10-31 00:05:23.114 [Information] Executed DbCommand ("4"ms) [Parameters=["@__normalizedEmail_0='OWNER@TESTDEVLOGAN.COM' (Size = 256)"], CommandType='Text', CommandTimeout='30']"
""SELECT TOP(2) [a].[Id], [a].[AccessFailedCount], [a].[ConcurrencyStamp], [a].[DateOfBirth], [a].[Email], [a].[EmailConfirmed], [a].[LockoutEnabled], [a].[LockoutEnd], [a].[Nationality], [a].[NormalizedEmail], [a].[NormalizedUserName], [a].[PasswordHash], [a].[PhoneNumber], [a].[PhoneNumberConfirmed], [a].[SecurityStamp], [a].[TwoFactorEnabled], [a].[UserName]
FROM [AspNetUsers] AS [a]
WHERE [a].[NormalizedEmail] = @__normalizedEmail_0"
2024-10-31 00:05:23.117 [Information] Executed DbCommand ("2"ms) [Parameters=["@__normalizedName_0='OWNER' (Size = 256)"], CommandType='Text', CommandTimeout='30']"
""SELECT TOP(1) [a].[Id], [a].[ConcurrencyStamp], [a].[Name], [a].[NormalizedName]
FROM [AspNetRoles] AS [a]
WHERE [a].[NormalizedName] = @__normalizedName_0"
2024-10-31 00:05:23.121 [Information] Executed DbCommand ("2"ms) [Parameters=["@__normalizedRoleName_0='OWNER' (Size = 256)"], CommandType='Text', CommandTimeout='30']"
""SELECT TOP(2) [a].[Id], [a].[ConcurrencyStamp], [a].[Name], [a].[NormalizedName]
FROM [AspNetRoles] AS [a]
WHERE [a].[NormalizedName] = @__normalizedRoleName_0"
2024-10-31 00:05:23.126 [Information] Executed DbCommand ("3"ms) [Parameters=["@__p_0='3eb48622-fa36-4aa7-a921-a40a4fba9f9e' (Size = 450), @__p_1='0263f231-9a1a-4ae0-860e-e50e277c59f2' (Size = 450)"], CommandType='Text', CommandTimeout='30']"
""SELECT TOP(1) [a].[UserId], [a].[RoleId]
FROM [AspNetUserRoles] AS [a]
WHERE [a].[UserId] = @__p_0 AND [a].[RoleId] = @__p_1"
2024-10-31 00:05:23.132 [Information] Executed DbCommand ("4"ms) [Parameters=["@__normalizedRoleName_0='OWNER' (Size = 256)"], CommandType='Text', CommandTimeout='30']"
""SELECT TOP(2) [a].[Id], [a].[ConcurrencyStamp], [a].[Name], [a].[NormalizedName]
FROM [AspNetRoles] AS [a]
WHERE [a].[NormalizedName] = @__normalizedRoleName_0"
2024-10-31 00:05:23.144 [Information] Executed DbCommand ("4"ms) [Parameters=["@__normalizedUserName_0='OWNER@TESTDEVLOGAN.COM' (Size = 256)"], CommandType='Text', CommandTimeout='30']"
""SELECT TOP(1) [a].[Id], [a].[AccessFailedCount], [a].[ConcurrencyStamp], [a].[DateOfBirth], [a].[Email], [a].[EmailConfirmed], [a].[LockoutEnabled], [a].[LockoutEnd], [a].[Nationality], [a].[NormalizedEmail], [a].[NormalizedUserName], [a].[PasswordHash], [a].[PhoneNumber], [a].[PhoneNumberConfirmed], [a].[SecurityStamp], [a].[TwoFactorEnabled], [a].[UserName]
FROM [AspNetUsers] AS [a]
WHERE [a].[NormalizedUserName] = @__normalizedUserName_0"
2024-10-31 00:05:23.156 [Information] Executed DbCommand ("3"ms) [Parameters=["@p0='0263f231-9a1a-4ae0-860e-e50e277c59f2' (Nullable = false) (Size = 450), @p1='3eb48622-fa36-4aa7-a921-a40a4fba9f9e' (Nullable = false) (Size = 450), @p18='3eb48622-fa36-4aa7-a921-a40a4fba9f9e' (Nullable = false) (Size = 450), @p2='0', @p3='b36d233e-e899-49be-8440-91996a8a235e' (Size = 4000), @p19='23e682cb-1528-4c96-9deb-66328d6dc208' (Size = 4000), @p4=NULL (DbType = Date), @p5='owner@testdevlogan.com' (Size = 256), @p6='False', @p7='True', @p8=NULL (DbType = DateTimeOffset), @p9=NULL (Size = 4000), @p10='OWNER@TESTDEVLOGAN.COM' (Size = 256), @p11='OWNER@TESTDEVLOGAN.COM' (Size = 256), @p12='AQAAAAIAAYagAAAAEIOFQuSW2XcEP+UEJFmuaUEgmZUixpiMcuJONyRxpskvgAGpWZBOUKg3UhgACyxxRQ==' (Size = 4000), @p13=NULL (Size = 4000), @p14='False', @p15='473VZUDPRWSWHM4Q6XCSNZDZ3VJYHQCT' (Size = 4000), @p16='False', @p17='owner@testdevlogan.com' (Size = 256)"], CommandType='Text', CommandTimeout='30']"
""SET NOCOUNT ON;
INSERT INTO [AspNetUserRoles] ([RoleId], [UserId])
VALUES (@p0, @p1);
UPDATE [AspNetUsers] SET [AccessFailedCount] = @p2, [ConcurrencyStamp] = @p3, [DateOfBirth] = @p4, [Email] = @p5, [EmailConfirmed] = @p6, [LockoutEnabled] = @p7, [LockoutEnd] = @p8, [Nationality] = @p9, [NormalizedEmail] = @p10, [NormalizedUserName] = @p11, [PasswordHash] = @p12, [PhoneNumber] = @p13, [PhoneNumberConfirmed] = @p14, [SecurityStamp] = @p15, [TwoFactorEnabled] = @p16, [UserName] = @p17
OUTPUT 1
WHERE [Id] = @p18 AND [ConcurrencyStamp] = @p19;"
2024-10-31 00:05:23.161 [Information] HTTP "POST" "/api/identity/userRole" responded 204 in 60.0713 ms
2024-10-31 00:05:24.762 [Information] Executed DbCommand ("4"ms) [Parameters=["@__normalizedEmail_0='OWNER@TESTDEVLOGAN.COM' (Size = 256)"], CommandType='Text', CommandTimeout='30']"
""SELECT TOP(2) [a].[Id], [a].[AccessFailedCount], [a].[ConcurrencyStamp], [a].[DateOfBirth], [a].[Email], [a].[EmailConfirmed], [a].[LockoutEnabled], [a].[LockoutEnd], [a].[Nationality], [a].[NormalizedEmail], [a].[NormalizedUserName], [a].[PasswordHash], [a].[PhoneNumber], [a].[PhoneNumberConfirmed], [a].[SecurityStamp], [a].[TwoFactorEnabled], [a].[UserName]
FROM [AspNetUsers] AS [a]
WHERE [a].[NormalizedEmail] = @__normalizedEmail_0"
2024-10-31 00:05:24.764 [Information] Executed DbCommand ("2"ms) [Parameters=["@__normalizedName_0='OWNER' (Size = 256)"], CommandType='Text', CommandTimeout='30']"
""SELECT TOP(1) [a].[Id], [a].[ConcurrencyStamp], [a].[Name], [a].[NormalizedName]
FROM [AspNetRoles] AS [a]
WHERE [a].[NormalizedName] = @__normalizedName_0"
2024-10-31 00:05:24.767 [Information] Executed DbCommand ("2"ms) [Parameters=["@__normalizedRoleName_0='OWNER' (Size = 256)"], CommandType='Text', CommandTimeout='30']"
""SELECT TOP(2) [a].[Id], [a].[ConcurrencyStamp], [a].[Name], [a].[NormalizedName]
FROM [AspNetRoles] AS [a]
WHERE [a].[NormalizedName] = @__normalizedRoleName_0"
2024-10-31 00:05:24.769 [Information] Executed DbCommand ("1"ms) [Parameters=["@__p_0='3eb48622-fa36-4aa7-a921-a40a4fba9f9e' (Size = 450), @__p_1='0263f231-9a1a-4ae0-860e-e50e277c59f2' (Size = 450)"], CommandType='Text', CommandTimeout='30']"
""SELECT TOP(1) [a].[UserId], [a].[RoleId]
FROM [AspNetUserRoles] AS [a]
WHERE [a].[UserId] = @__p_0 AND [a].[RoleId] = @__p_1"
2024-10-31 00:05:24.771 [Error] HTTP "POST" "/api/identity/userRole" responded 500 in 15.2320 ms
System.Exception: Unable to add user to role
   at Restaurants.Application.Users.Commands.UserRole.AssignUserRole.AssignUserRoleCommandHandler.Handle(AssignUserRoleCommand request, CancellationToken cancellationToken) in /Users/loganathansellappa/projects/Restuarants/Restaurants.Application/Users/Commands/UserRole/AssignUserRole/AssignUserRoleCommandHandler.cs:line 20
   at MediatR.Wrappers.RequestHandlerWrapperImpl`1.<>c__DisplayClass1_0.<<Handle>g__Handler|0>d.MoveNext()
--- End of stack trace from previous location ---
   at Restaurants.API.Controllers.IdentityController.AssignUserRole(AssignUserRoleCommand command) in /Users/loganathansellappa/projects/Restuarants/Restaurants.API/Controllers/IdentityController.cs:line 25
   at Microsoft.AspNetCore.Mvc.Infrastructure.ActionMethodExecutor.TaskOfIActionResultExecutor.Execute(ActionContext actionContext, IActionResultTypeMapper mapper, ObjectMethodExecutor executor, Object controller, Object[] arguments)
   at Microsoft.AspNetCore.Mvc.Infrastructure.ControllerActionInvoker.<InvokeActionMethodAsync>g__Logged|12_1(ControllerActionInvoker invoker)
   at Microsoft.AspNetCore.Mvc.Infrastructure.ControllerActionInvoker.<InvokeNextActionFilterAsync>g__Awaited|10_0(ControllerActionInvoker invoker, Task lastTask, State next, Scope scope, Object state, Boolean isCompleted)
   at Microsoft.AspNetCore.Mvc.Infrastructure.ControllerActionInvoker.Rethrow(ActionExecutedContextSealed context)
   at Microsoft.AspNetCore.Mvc.Infrastructure.ControllerActionInvoker.Next(State& next, Scope& scope, Object& state, Boolean& isCompleted)
   at Microsoft.AspNetCore.Mvc.Infrastructure.ControllerActionInvoker.<InvokeInnerFilterAsync>g__Awaited|13_0(ControllerActionInvoker invoker, Task lastTask, State next, Scope scope, Object state, Boolean isCompleted)
   at Microsoft.AspNetCore.Mvc.Infrastructure.ResourceInvoker.<InvokeFilterPipelineAsync>g__Awaited|20_0(ResourceInvoker invoker, Task lastTask, State next, Scope scope, Object state, Boolean isCompleted)
   at Microsoft.AspNetCore.Mvc.Infrastructure.ResourceInvoker.<InvokeAsync>g__Logged|17_1(ResourceInvoker invoker)
   at Microsoft.AspNetCore.Mvc.Infrastructure.ResourceInvoker.<InvokeAsync>g__Logged|17_1(ResourceInvoker invoker)
   at Swashbuckle.AspNetCore.SwaggerUI.SwaggerUIMiddleware.Invoke(HttpContext httpContext)
   at Swashbuckle.AspNetCore.Swagger.SwaggerMiddleware.Invoke(HttpContext httpContext, ISwaggerProvider swaggerProvider)
   at Microsoft.AspNetCore.Authorization.AuthorizationMiddleware.Invoke(HttpContext context)
   at Swashbuckle.AspNetCore.Swagger.SwaggerMiddleware.Invoke(HttpContext httpContext, ISwaggerProvider swaggerProvider)
   at Serilog.AspNetCore.RequestLoggingMiddleware.Invoke(HttpContext httpContext)
2024-10-31 00:05:24.782 [Error] Unable to add user to role
System.Exception: Unable to add user to role
   at Restaurants.Application.Users.Commands.UserRole.AssignUserRole.AssignUserRoleCommandHandler.Handle(AssignUserRoleCommand request, CancellationToken cancellationToken) in /Users/loganathansellappa/projects/Restuarants/Restaurants.Application/Users/Commands/UserRole/AssignUserRole/AssignUserRoleCommandHandler.cs:line 20
   at MediatR.Wrappers.RequestHandlerWrapperImpl`1.<>c__DisplayClass1_0.<<Handle>g__Handler|0>d.MoveNext()
--- End of stack trace from previous location ---
   at Restaurants.API.Controllers.IdentityController.AssignUserRole(AssignUserRoleCommand command) in /Users/loganathansellappa/projects/Restuarants/Restaurants.API/Controllers/IdentityController.cs:line 25
   at Microsoft.AspNetCore.Mvc.Infrastructure.ActionMethodExecutor.TaskOfIActionResultExecutor.Execute(ActionContext actionContext, IActionResultTypeMapper mapper, ObjectMethodExecutor executor, Object controller, Object[] arguments)
   at Microsoft.AspNetCore.Mvc.Infrastructure.ControllerActionInvoker.<InvokeActionMethodAsync>g__Logged|12_1(ControllerActionInvoker invoker)
   at Microsoft.AspNetCore.Mvc.Infrastructure.ControllerActionInvoker.<InvokeNextActionFilterAsync>g__Awaited|10_0(ControllerActionInvoker invoker, Task lastTask, State next, Scope scope, Object state, Boolean isCompleted)
   at Microsoft.AspNetCore.Mvc.Infrastructure.ControllerActionInvoker.Rethrow(ActionExecutedContextSealed context)
   at Microsoft.AspNetCore.Mvc.Infrastructure.ControllerActionInvoker.Next(State& next, Scope& scope, Object& state, Boolean& isCompleted)
   at Microsoft.AspNetCore.Mvc.Infrastructure.ControllerActionInvoker.<InvokeInnerFilterAsync>g__Awaited|13_0(ControllerActionInvoker invoker, Task lastTask, State next, Scope scope, Object state, Boolean isCompleted)
   at Microsoft.AspNetCore.Mvc.Infrastructure.ResourceInvoker.<InvokeFilterPipelineAsync>g__Awaited|20_0(ResourceInvoker invoker, Task lastTask, State next, Scope scope, Object state, Boolean isCompleted)
   at Microsoft.AspNetCore.Mvc.Infrastructure.ResourceInvoker.<InvokeAsync>g__Logged|17_1(ResourceInvoker invoker)
   at Microsoft.AspNetCore.Mvc.Infrastructure.ResourceInvoker.<InvokeAsync>g__Logged|17_1(ResourceInvoker invoker)
   at Swashbuckle.AspNetCore.SwaggerUI.SwaggerUIMiddleware.Invoke(HttpContext httpContext)
   at Swashbuckle.AspNetCore.Swagger.SwaggerMiddleware.Invoke(HttpContext httpContext, ISwaggerProvider swaggerProvider)
   at Microsoft.AspNetCore.Authorization.AuthorizationMiddleware.Invoke(HttpContext context)
   at Swashbuckle.AspNetCore.Swagger.SwaggerMiddleware.Invoke(HttpContext httpContext, ISwaggerProvider swaggerProvider)
   at Serilog.AspNetCore.RequestLoggingMiddleware.Invoke(HttpContext httpContext)
   at Restaurants.API.Middlewares.LoggingMiddleware.InvokeAsync(HttpContext context, RequestDelegate next) in /Users/loganathansellappa/projects/Restuarants/Restaurants.API/Middlewares/LoggingMiddleware.cs:line 10
   at Microsoft.AspNetCore.Builder.UseMiddlewareExtensions.InterfaceMiddlewareBinder.<>c__DisplayClass2_0.<<CreateMiddleware>b__0>d.MoveNext()
--- End of stack trace from previous location ---
   at Restaurants.API.Middlewares.ErrorHandlingMiddleware.InvokeAsync(HttpContext context, RequestDelegate next) in /Users/loganathansellappa/projects/Restuarants/Restaurants.API/Middlewares/ErrorHandlingMiddleware.cs:line 11
2024-10-31 00:06:59.619 [Information] Application is shutting down...
2024-10-31 00:07:03.710 [Warning] Sensitive data logging is enabled. Log entries and exception messages may include sensitive application data; this mode should only be enabled during development.
2024-10-31 00:07:03.790 [Warning] The entity type '"Address"' is an optional dependent using table sharing without any required non shared property that could be used to identify whether the entity exists. If all nullable properties contain a null value in database then an object instance won't be created in the query. Add a required property to create instances with null values for other properties or mark the incoming navigation as required to always create an instance.
2024-10-31 00:07:03.799 [Warning] No store type was specified for the decimal property '"Price"' on entity type '"Dish"'. This will cause values to be silently truncated if they do not fit in the default precision and scale. Explicitly specify the SQL server column type that can accommodate all the values in 'OnModelCreating' using 'HasColumnType', specify precision and scale using 'HasPrecision', or configure a value converter using 'HasConversion'.
2024-10-31 00:07:04.081 [Information] Executed DbCommand ("25"ms) [Parameters=[""], CommandType='Text', CommandTimeout='30']"
""SELECT 1"
2024-10-31 00:07:04.250 [Information] Executed DbCommand ("12"ms) [Parameters=[""], CommandType='Text', CommandTimeout='30']"
""SELECT CASE
    WHEN EXISTS (
        SELECT 1
        FROM [Restaurants] AS [r]) THEN CAST(1 AS bit)
    ELSE CAST(0 AS bit)
END"
2024-10-31 00:07:04.264 [Information] Executed DbCommand ("2"ms) [Parameters=[""], CommandType='Text', CommandTimeout='30']"
""SELECT CASE
    WHEN EXISTS (
        SELECT 1
        FROM [AspNetRoles] AS [a]) THEN CAST(1 AS bit)
    ELSE CAST(0 AS bit)
END"
2024-10-31 00:07:04.374 [Information] Now listening on: "http://localhost:5298"
2024-10-31 00:07:04.376 [Information] Application started. Press Ctrl+C to shut down.
2024-10-31 00:07:04.377 [Information] Hosting environment: "Development"
2024-10-31 00:07:04.377 [Information] Content root path: "/Users/loganathansellappa/projects/Restuarants/Restaurants.API"
2024-10-31 00:07:05.384 [Warning] Failed to determine the https port for redirect.
2024-10-31 00:07:05.478 [Information] HTTP "GET" "/weatherforecast" responded 200 in 106.1213 ms
2024-10-31 00:07:12.992 [Information] Executed DbCommand ("28"ms) [Parameters=["@__normalizedEmail_0='OWNER@TESTDEVLOGAN.COM' (Size = 256)"], CommandType='Text', CommandTimeout='30']"
""SELECT TOP(2) [a].[Id], [a].[AccessFailedCount], [a].[ConcurrencyStamp], [a].[DateOfBirth], [a].[Email], [a].[EmailConfirmed], [a].[LockoutEnabled], [a].[LockoutEnd], [a].[Nationality], [a].[NormalizedEmail], [a].[NormalizedUserName], [a].[PasswordHash], [a].[PhoneNumber], [a].[PhoneNumberConfirmed], [a].[SecurityStamp], [a].[TwoFactorEnabled], [a].[UserName]
FROM [AspNetUsers] AS [a]
WHERE [a].[NormalizedEmail] = @__normalizedEmail_0"
2024-10-31 00:07:13.057 [Information] Executed DbCommand ("5"ms) [Parameters=["@__normalizedName_0='OWNER' (Size = 256)"], CommandType='Text', CommandTimeout='30']"
""SELECT TOP(1) [a].[Id], [a].[ConcurrencyStamp], [a].[Name], [a].[NormalizedName]
FROM [AspNetRoles] AS [a]
WHERE [a].[NormalizedName] = @__normalizedName_0"
2024-10-31 00:07:13.071 [Information] Executed DbCommand ("3"ms) [Parameters=["@__normalizedRoleName_0='OWNER' (Size = 256)"], CommandType='Text', CommandTimeout='30']"
""SELECT TOP(2) [a].[Id], [a].[ConcurrencyStamp], [a].[Name], [a].[NormalizedName]
FROM [AspNetRoles] AS [a]
WHERE [a].[NormalizedName] = @__normalizedRoleName_0"
2024-10-31 00:07:13.101 [Information] Executed DbCommand ("4"ms) [Parameters=["@__p_0='3eb48622-fa36-4aa7-a921-a40a4fba9f9e' (Size = 450), @__p_1='0263f231-9a1a-4ae0-860e-e50e277c59f2' (Size = 450)"], CommandType='Text', CommandTimeout='30']"
""SELECT TOP(1) [a].[UserId], [a].[RoleId]
FROM [AspNetUserRoles] AS [a]
WHERE [a].[UserId] = @__p_0 AND [a].[RoleId] = @__p_1"
2024-10-31 00:07:13.117 [Information] Executed DbCommand ("4"ms) [Parameters=["@__normalizedRoleName_0='OWNER' (Size = 256)"], CommandType='Text', CommandTimeout='30']"
""SELECT TOP(2) [a].[Id], [a].[ConcurrencyStamp], [a].[Name], [a].[NormalizedName]
FROM [AspNetRoles] AS [a]
WHERE [a].[NormalizedName] = @__normalizedRoleName_0"
2024-10-31 00:07:13.134 [Information] Executed DbCommand ("4"ms) [Parameters=["@__normalizedUserName_0='OWNER@TESTDEVLOGAN.COM' (Size = 256)"], CommandType='Text', CommandTimeout='30']"
""SELECT TOP(1) [a].[Id], [a].[AccessFailedCount], [a].[ConcurrencyStamp], [a].[DateOfBirth], [a].[Email], [a].[EmailConfirmed], [a].[LockoutEnabled], [a].[LockoutEnd], [a].[Nationality], [a].[NormalizedEmail], [a].[NormalizedUserName], [a].[PasswordHash], [a].[PhoneNumber], [a].[PhoneNumberConfirmed], [a].[SecurityStamp], [a].[TwoFactorEnabled], [a].[UserName]
FROM [AspNetUsers] AS [a]
WHERE [a].[NormalizedUserName] = @__normalizedUserName_0"
2024-10-31 00:07:13.255 [Information] Executed DbCommand ("7"ms) [Parameters=["@p0='0263f231-9a1a-4ae0-860e-e50e277c59f2' (Nullable = false) (Size = 450), @p1='3eb48622-fa36-4aa7-a921-a40a4fba9f9e' (Nullable = false) (Size = 450), @p18='3eb48622-fa36-4aa7-a921-a40a4fba9f9e' (Nullable = false) (Size = 450), @p2='0', @p3='95600ce2-8326-41bc-bbbd-5092e9bf2dee' (Size = 4000), @p19='b36d233e-e899-49be-8440-91996a8a235e' (Size = 4000), @p4=NULL (DbType = Date), @p5='owner@testdevlogan.com' (Size = 256), @p6='False', @p7='True', @p8=NULL (DbType = DateTimeOffset), @p9=NULL (Size = 4000), @p10='OWNER@TESTDEVLOGAN.COM' (Size = 256), @p11='OWNER@TESTDEVLOGAN.COM' (Size = 256), @p12='AQAAAAIAAYagAAAAEIOFQuSW2XcEP+UEJFmuaUEgmZUixpiMcuJONyRxpskvgAGpWZBOUKg3UhgACyxxRQ==' (Size = 4000), @p13=NULL (Size = 4000), @p14='False', @p15='473VZUDPRWSWHM4Q6XCSNZDZ3VJYHQCT' (Size = 4000), @p16='False', @p17='owner@testdevlogan.com' (Size = 256)"], CommandType='Text', CommandTimeout='30']"
""SET NOCOUNT ON;
DELETE FROM [AspNetUserRoles]
OUTPUT 1
WHERE [RoleId] = @p0 AND [UserId] = @p1;
UPDATE [AspNetUsers] SET [AccessFailedCount] = @p2, [ConcurrencyStamp] = @p3, [DateOfBirth] = @p4, [Email] = @p5, [EmailConfirmed] = @p6, [LockoutEnabled] = @p7, [LockoutEnd] = @p8, [Nationality] = @p9, [NormalizedEmail] = @p10, [NormalizedUserName] = @p11, [PasswordHash] = @p12, [PhoneNumber] = @p13, [PhoneNumberConfirmed] = @p14, [SecurityStamp] = @p15, [TwoFactorEnabled] = @p16, [UserName] = @p17
OUTPUT 1
WHERE [Id] = @p18 AND [ConcurrencyStamp] = @p19;"
2024-10-31 00:07:13.286 [Information] HTTP "DELETE" "/api/identity/userRole" responded 204 in 442.5082 ms
2024-10-31 00:07:14.421 [Information] Executed DbCommand ("3"ms) [Parameters=["@__normalizedEmail_0='OWNER@TESTDEVLOGAN.COM' (Size = 256)"], CommandType='Text', CommandTimeout='30']"
""SELECT TOP(2) [a].[Id], [a].[AccessFailedCount], [a].[ConcurrencyStamp], [a].[DateOfBirth], [a].[Email], [a].[EmailConfirmed], [a].[LockoutEnabled], [a].[LockoutEnd], [a].[Nationality], [a].[NormalizedEmail], [a].[NormalizedUserName], [a].[PasswordHash], [a].[PhoneNumber], [a].[PhoneNumberConfirmed], [a].[SecurityStamp], [a].[TwoFactorEnabled], [a].[UserName]
FROM [AspNetUsers] AS [a]
WHERE [a].[NormalizedEmail] = @__normalizedEmail_0"
2024-10-31 00:07:14.425 [Information] Executed DbCommand ("2"ms) [Parameters=["@__normalizedName_0='OWNER' (Size = 256)"], CommandType='Text', CommandTimeout='30']"
""SELECT TOP(1) [a].[Id], [a].[ConcurrencyStamp], [a].[Name], [a].[NormalizedName]
FROM [AspNetRoles] AS [a]
WHERE [a].[NormalizedName] = @__normalizedName_0"
2024-10-31 00:07:14.450 [Information] Executed DbCommand ("24"ms) [Parameters=["@__normalizedRoleName_0='OWNER' (Size = 256)"], CommandType='Text', CommandTimeout='30']"
""SELECT TOP(2) [a].[Id], [a].[ConcurrencyStamp], [a].[Name], [a].[NormalizedName]
FROM [AspNetRoles] AS [a]
WHERE [a].[NormalizedName] = @__normalizedRoleName_0"
2024-10-31 00:07:14.453 [Information] Executed DbCommand ("2"ms) [Parameters=["@__p_0='3eb48622-fa36-4aa7-a921-a40a4fba9f9e' (Size = 450), @__p_1='0263f231-9a1a-4ae0-860e-e50e277c59f2' (Size = 450)"], CommandType='Text', CommandTimeout='30']"
""SELECT TOP(1) [a].[UserId], [a].[RoleId]
FROM [AspNetUserRoles] AS [a]
WHERE [a].[UserId] = @__p_0 AND [a].[RoleId] = @__p_1"
2024-10-31 00:07:14.456 [Error] HTTP "DELETE" "/api/identity/userRole" responded 500 in 66.6903 ms
System.Exception: Unable to remove user from role
   at Restaurants.Application.Users.Commands.UserRole.UnAssignUserRole.UnAssignUserRoleCommandHandler.Handle(UnAssignUserRoleCommand request, CancellationToken cancellationToken) in /Users/loganathansellappa/projects/Restuarants/Restaurants.Application/Users/Commands/UserRole/UnAssignUserRole/UnAssignUserRoleCommandHandler.cs:line 20
   at MediatR.Wrappers.RequestHandlerWrapperImpl`1.<>c__DisplayClass1_0.<<Handle>g__Handler|0>d.MoveNext()
--- End of stack trace from previous location ---
   at Restaurants.API.Controllers.IdentityController.UnAssignUserRole(UnAssignUserRoleCommand command) in /Users/loganathansellappa/projects/Restuarants/Restaurants.API/Controllers/IdentityController.cs:line 33
   at Microsoft.AspNetCore.Mvc.Infrastructure.ActionMethodExecutor.TaskOfIActionResultExecutor.Execute(ActionContext actionContext, IActionResultTypeMapper mapper, ObjectMethodExecutor executor, Object controller, Object[] arguments)
   at Microsoft.AspNetCore.Mvc.Infrastructure.ControllerActionInvoker.<InvokeActionMethodAsync>g__Logged|12_1(ControllerActionInvoker invoker)
   at Microsoft.AspNetCore.Mvc.Infrastructure.ControllerActionInvoker.<InvokeNextActionFilterAsync>g__Awaited|10_0(ControllerActionInvoker invoker, Task lastTask, State next, Scope scope, Object state, Boolean isCompleted)
   at Microsoft.AspNetCore.Mvc.Infrastructure.ControllerActionInvoker.Rethrow(ActionExecutedContextSealed context)
   at Microsoft.AspNetCore.Mvc.Infrastructure.ControllerActionInvoker.Next(State& next, Scope& scope, Object& state, Boolean& isCompleted)
   at Microsoft.AspNetCore.Mvc.Infrastructure.ControllerActionInvoker.<InvokeInnerFilterAsync>g__Awaited|13_0(ControllerActionInvoker invoker, Task lastTask, State next, Scope scope, Object state, Boolean isCompleted)
   at Microsoft.AspNetCore.Mvc.Infrastructure.ResourceInvoker.<InvokeFilterPipelineAsync>g__Awaited|20_0(ResourceInvoker invoker, Task lastTask, State next, Scope scope, Object state, Boolean isCompleted)
   at Microsoft.AspNetCore.Mvc.Infrastructure.ResourceInvoker.<InvokeAsync>g__Logged|17_1(ResourceInvoker invoker)
   at Microsoft.AspNetCore.Mvc.Infrastructure.ResourceInvoker.<InvokeAsync>g__Logged|17_1(ResourceInvoker invoker)
   at Swashbuckle.AspNetCore.SwaggerUI.SwaggerUIMiddleware.Invoke(HttpContext httpContext)
   at Swashbuckle.AspNetCore.Swagger.SwaggerMiddleware.Invoke(HttpContext httpContext, ISwaggerProvider swaggerProvider)
   at Microsoft.AspNetCore.Authorization.AuthorizationMiddleware.Invoke(HttpContext context)
   at Swashbuckle.AspNetCore.Swagger.SwaggerMiddleware.Invoke(HttpContext httpContext, ISwaggerProvider swaggerProvider)
   at Serilog.AspNetCore.RequestLoggingMiddleware.Invoke(HttpContext httpContext)
2024-10-31 00:07:14.468 [Error] Unable to remove user from role
System.Exception: Unable to remove user from role
   at Restaurants.Application.Users.Commands.UserRole.UnAssignUserRole.UnAssignUserRoleCommandHandler.Handle(UnAssignUserRoleCommand request, CancellationToken cancellationToken) in /Users/loganathansellappa/projects/Restuarants/Restaurants.Application/Users/Commands/UserRole/UnAssignUserRole/UnAssignUserRoleCommandHandler.cs:line 20
   at MediatR.Wrappers.RequestHandlerWrapperImpl`1.<>c__DisplayClass1_0.<<Handle>g__Handler|0>d.MoveNext()
--- End of stack trace from previous location ---
   at Restaurants.API.Controllers.IdentityController.UnAssignUserRole(UnAssignUserRoleCommand command) in /Users/loganathansellappa/projects/Restuarants/Restaurants.API/Controllers/IdentityController.cs:line 33
   at Microsoft.AspNetCore.Mvc.Infrastructure.ActionMethodExecutor.TaskOfIActionResultExecutor.Execute(ActionContext actionContext, IActionResultTypeMapper mapper, ObjectMethodExecutor executor, Object controller, Object[] arguments)
   at Microsoft.AspNetCore.Mvc.Infrastructure.ControllerActionInvoker.<InvokeActionMethodAsync>g__Logged|12_1(ControllerActionInvoker invoker)
   at Microsoft.AspNetCore.Mvc.Infrastructure.ControllerActionInvoker.<InvokeNextActionFilterAsync>g__Awaited|10_0(ControllerActionInvoker invoker, Task lastTask, State next, Scope scope, Object state, Boolean isCompleted)
   at Microsoft.AspNetCore.Mvc.Infrastructure.ControllerActionInvoker.Rethrow(ActionExecutedContextSealed context)
   at Microsoft.AspNetCore.Mvc.Infrastructure.ControllerActionInvoker.Next(State& next, Scope& scope, Object& state, Boolean& isCompleted)
   at Microsoft.AspNetCore.Mvc.Infrastructure.ControllerActionInvoker.<InvokeInnerFilterAsync>g__Awaited|13_0(ControllerActionInvoker invoker, Task lastTask, State next, Scope scope, Object state, Boolean isCompleted)
   at Microsoft.AspNetCore.Mvc.Infrastructure.ResourceInvoker.<InvokeFilterPipelineAsync>g__Awaited|20_0(ResourceInvoker invoker, Task lastTask, State next, Scope scope, Object state, Boolean isCompleted)
   at Microsoft.AspNetCore.Mvc.Infrastructure.ResourceInvoker.<InvokeAsync>g__Logged|17_1(ResourceInvoker invoker)
   at Microsoft.AspNetCore.Mvc.Infrastructure.ResourceInvoker.<InvokeAsync>g__Logged|17_1(ResourceInvoker invoker)
   at Swashbuckle.AspNetCore.SwaggerUI.SwaggerUIMiddleware.Invoke(HttpContext httpContext)
   at Swashbuckle.AspNetCore.Swagger.SwaggerMiddleware.Invoke(HttpContext httpContext, ISwaggerProvider swaggerProvider)
   at Microsoft.AspNetCore.Authorization.AuthorizationMiddleware.Invoke(HttpContext context)
   at Swashbuckle.AspNetCore.Swagger.SwaggerMiddleware.Invoke(HttpContext httpContext, ISwaggerProvider swaggerProvider)
   at Serilog.AspNetCore.RequestLoggingMiddleware.Invoke(HttpContext httpContext)
   at Restaurants.API.Middlewares.LoggingMiddleware.InvokeAsync(HttpContext context, RequestDelegate next) in /Users/loganathansellappa/projects/Restuarants/Restaurants.API/Middlewares/LoggingMiddleware.cs:line 10
   at Microsoft.AspNetCore.Builder.UseMiddlewareExtensions.InterfaceMiddlewareBinder.<>c__DisplayClass2_0.<<CreateMiddleware>b__0>d.MoveNext()
--- End of stack trace from previous location ---
   at Restaurants.API.Middlewares.ErrorHandlingMiddleware.InvokeAsync(HttpContext context, RequestDelegate next) in /Users/loganathansellappa/projects/Restuarants/Restaurants.API/Middlewares/ErrorHandlingMiddleware.cs:line 11
2024-10-31 00:08:14.492 [Information] Application is shutting down...
2024-10-31 00:08:17.909 [Warning] Sensitive data logging is enabled. Log entries and exception messages may include sensitive application data; this mode should only be enabled during development.
2024-10-31 00:08:17.983 [Warning] The entity type '"Address"' is an optional dependent using table sharing without any required non shared property that could be used to identify whether the entity exists. If all nullable properties contain a null value in database then an object instance won't be created in the query. Add a required property to create instances with null values for other properties or mark the incoming navigation as required to always create an instance.
2024-10-31 00:08:17.992 [Warning] No store type was specified for the decimal property '"Price"' on entity type '"Dish"'. This will cause values to be silently truncated if they do not fit in the default precision and scale. Explicitly specify the SQL server column type that can accommodate all the values in 'OnModelCreating' using 'HasColumnType', specify precision and scale using 'HasPrecision', or configure a value converter using 'HasConversion'.
2024-10-31 00:08:18.266 [Information] Executed DbCommand ("23"ms) [Parameters=[""], CommandType='Text', CommandTimeout='30']"
""SELECT 1"
2024-10-31 00:08:18.427 [Information] Executed DbCommand ("8"ms) [Parameters=[""], CommandType='Text', CommandTimeout='30']"
""SELECT CASE
    WHEN EXISTS (
        SELECT 1
        FROM [Restaurants] AS [r]) THEN CAST(1 AS bit)
    ELSE CAST(0 AS bit)
END"
2024-10-31 00:08:18.441 [Information] Executed DbCommand ("3"ms) [Parameters=[""], CommandType='Text', CommandTimeout='30']"
""SELECT CASE
    WHEN EXISTS (
        SELECT 1
        FROM [AspNetRoles] AS [a]) THEN CAST(1 AS bit)
    ELSE CAST(0 AS bit)
END"
2024-10-31 00:08:18.540 [Information] Now listening on: "http://localhost:5298"
2024-10-31 00:08:18.542 [Information] Application started. Press Ctrl+C to shut down.
2024-10-31 00:08:18.543 [Information] Hosting environment: "Development"
2024-10-31 00:08:18.543 [Information] Content root path: "/Users/loganathansellappa/projects/Restuarants/Restaurants.API"
2024-10-31 00:08:19.028 [Warning] Failed to determine the https port for redirect.
2024-10-31 00:08:19.076 [Information] HTTP "GET" "/weatherforecast" responded 200 in 55.4906 ms
2024-10-31 00:09:03.094 [Information] Application is shutting down...
2024-10-31 00:09:05.087 [Warning] Sensitive data logging is enabled. Log entries and exception messages may include sensitive application data; this mode should only be enabled during development.
2024-10-31 00:09:05.167 [Warning] The entity type '"Address"' is an optional dependent using table sharing without any required non shared property that could be used to identify whether the entity exists. If all nullable properties contain a null value in database then an object instance won't be created in the query. Add a required property to create instances with null values for other properties or mark the incoming navigation as required to always create an instance.
2024-10-31 00:09:05.175 [Warning] No store type was specified for the decimal property '"Price"' on entity type '"Dish"'. This will cause values to be silently truncated if they do not fit in the default precision and scale. Explicitly specify the SQL server column type that can accommodate all the values in 'OnModelCreating' using 'HasColumnType', specify precision and scale using 'HasPrecision', or configure a value converter using 'HasConversion'.
2024-10-31 00:09:05.459 [Information] Executed DbCommand ("23"ms) [Parameters=[""], CommandType='Text', CommandTimeout='30']"
""SELECT 1"
2024-10-31 00:09:05.622 [Information] Executed DbCommand ("8"ms) [Parameters=[""], CommandType='Text', CommandTimeout='30']"
""SELECT CASE
    WHEN EXISTS (
        SELECT 1
        FROM [Restaurants] AS [r]) THEN CAST(1 AS bit)
    ELSE CAST(0 AS bit)
END"
2024-10-31 00:09:05.636 [Information] Executed DbCommand ("2"ms) [Parameters=[""], CommandType='Text', CommandTimeout='30']"
""SELECT CASE
    WHEN EXISTS (
        SELECT 1
        FROM [AspNetRoles] AS [a]) THEN CAST(1 AS bit)
    ELSE CAST(0 AS bit)
END"
2024-10-31 00:09:05.738 [Information] Now listening on: "http://localhost:5298"
2024-10-31 00:09:05.740 [Information] Application started. Press Ctrl+C to shut down.
2024-10-31 00:09:05.741 [Information] Hosting environment: "Development"
2024-10-31 00:09:05.741 [Information] Content root path: "/Users/loganathansellappa/projects/Restuarants/Restaurants.API"
2024-10-31 00:09:06.130 [Warning] Failed to determine the https port for redirect.
2024-10-31 00:09:06.199 [Information] HTTP "GET" "/weatherforecast" responded 200 in 75.2385 ms
2024-10-31 00:09:23.015 [Information] Executed DbCommand ("28"ms) [Parameters=["@__normalizedEmail_0='OWNER@TESTDEVLOGAN.COM' (Size = 256)"], CommandType='Text', CommandTimeout='30']"
""SELECT TOP(2) [a].[Id], [a].[AccessFailedCount], [a].[ConcurrencyStamp], [a].[DateOfBirth], [a].[Email], [a].[EmailConfirmed], [a].[LockoutEnabled], [a].[LockoutEnd], [a].[Nationality], [a].[NormalizedEmail], [a].[NormalizedUserName], [a].[PasswordHash], [a].[PhoneNumber], [a].[PhoneNumberConfirmed], [a].[SecurityStamp], [a].[TwoFactorEnabled], [a].[UserName]
FROM [AspNetUsers] AS [a]
WHERE [a].[NormalizedEmail] = @__normalizedEmail_0"
2024-10-31 00:09:23.081 [Information] Executed DbCommand ("5"ms) [Parameters=["@__normalizedName_0='OWNER' (Size = 256)"], CommandType='Text', CommandTimeout='30']"
""SELECT TOP(1) [a].[Id], [a].[ConcurrencyStamp], [a].[Name], [a].[NormalizedName]
FROM [AspNetRoles] AS [a]
WHERE [a].[NormalizedName] = @__normalizedName_0"
2024-10-31 00:09:23.096 [Information] Executed DbCommand ("5"ms) [Parameters=["@__normalizedRoleName_0='OWNER' (Size = 256)"], CommandType='Text', CommandTimeout='30']"
""SELECT TOP(2) [a].[Id], [a].[ConcurrencyStamp], [a].[Name], [a].[NormalizedName]
FROM [AspNetRoles] AS [a]
WHERE [a].[NormalizedName] = @__normalizedRoleName_0"
2024-10-31 00:09:23.127 [Information] Executed DbCommand ("5"ms) [Parameters=["@__p_0='3eb48622-fa36-4aa7-a921-a40a4fba9f9e' (Size = 450), @__p_1='0263f231-9a1a-4ae0-860e-e50e277c59f2' (Size = 450)"], CommandType='Text', CommandTimeout='30']"
""SELECT TOP(1) [a].[UserId], [a].[RoleId]
FROM [AspNetUserRoles] AS [a]
WHERE [a].[UserId] = @__p_0 AND [a].[RoleId] = @__p_1"
2024-10-31 00:09:23.135 [Information] Executed DbCommand ("3"ms) [Parameters=["@__normalizedRoleName_0='OWNER' (Size = 256)"], CommandType='Text', CommandTimeout='30']"
""SELECT TOP(2) [a].[Id], [a].[ConcurrencyStamp], [a].[Name], [a].[NormalizedName]
FROM [AspNetRoles] AS [a]
WHERE [a].[NormalizedName] = @__normalizedRoleName_0"
2024-10-31 00:09:23.163 [Information] Executed DbCommand ("4"ms) [Parameters=["@__normalizedUserName_0='OWNER@TESTDEVLOGAN.COM' (Size = 256)"], CommandType='Text', CommandTimeout='30']"
""SELECT TOP(1) [a].[Id], [a].[AccessFailedCount], [a].[ConcurrencyStamp], [a].[DateOfBirth], [a].[Email], [a].[EmailConfirmed], [a].[LockoutEnabled], [a].[LockoutEnd], [a].[Nationality], [a].[NormalizedEmail], [a].[NormalizedUserName], [a].[PasswordHash], [a].[PhoneNumber], [a].[PhoneNumberConfirmed], [a].[SecurityStamp], [a].[TwoFactorEnabled], [a].[UserName]
FROM [AspNetUsers] AS [a]
WHERE [a].[NormalizedUserName] = @__normalizedUserName_0"
2024-10-31 00:09:23.286 [Information] Executed DbCommand ("7"ms) [Parameters=["@p0='0263f231-9a1a-4ae0-860e-e50e277c59f2' (Nullable = false) (Size = 450), @p1='3eb48622-fa36-4aa7-a921-a40a4fba9f9e' (Nullable = false) (Size = 450), @p18='3eb48622-fa36-4aa7-a921-a40a4fba9f9e' (Nullable = false) (Size = 450), @p2='0', @p3='1ce88ddb-f641-4cdf-95ee-f1ccbabf5851' (Size = 4000), @p19='95600ce2-8326-41bc-bbbd-5092e9bf2dee' (Size = 4000), @p4=NULL (DbType = Date), @p5='owner@testdevlogan.com' (Size = 256), @p6='False', @p7='True', @p8=NULL (DbType = DateTimeOffset), @p9=NULL (Size = 4000), @p10='OWNER@TESTDEVLOGAN.COM' (Size = 256), @p11='OWNER@TESTDEVLOGAN.COM' (Size = 256), @p12='AQAAAAIAAYagAAAAEIOFQuSW2XcEP+UEJFmuaUEgmZUixpiMcuJONyRxpskvgAGpWZBOUKg3UhgACyxxRQ==' (Size = 4000), @p13=NULL (Size = 4000), @p14='False', @p15='473VZUDPRWSWHM4Q6XCSNZDZ3VJYHQCT' (Size = 4000), @p16='False', @p17='owner@testdevlogan.com' (Size = 256)"], CommandType='Text', CommandTimeout='30']"
""SET NOCOUNT ON;
INSERT INTO [AspNetUserRoles] ([RoleId], [UserId])
VALUES (@p0, @p1);
UPDATE [AspNetUsers] SET [AccessFailedCount] = @p2, [ConcurrencyStamp] = @p3, [DateOfBirth] = @p4, [Email] = @p5, [EmailConfirmed] = @p6, [LockoutEnabled] = @p7, [LockoutEnd] = @p8, [Nationality] = @p9, [NormalizedEmail] = @p10, [NormalizedUserName] = @p11, [PasswordHash] = @p12, [PhoneNumber] = @p13, [PhoneNumberConfirmed] = @p14, [SecurityStamp] = @p15, [TwoFactorEnabled] = @p16, [UserName] = @p17
OUTPUT 1
WHERE [Id] = @p18 AND [ConcurrencyStamp] = @p19;"
2024-10-31 00:09:23.314 [Information] HTTP "POST" "/api/identity/userRole" responded 204 in 448.7159 ms
2024-10-31 00:09:24.690 [Information] Executed DbCommand ("3"ms) [Parameters=["@__normalizedEmail_0='OWNER@TESTDEVLOGAN.COM' (Size = 256)"], CommandType='Text', CommandTimeout='30']"
""SELECT TOP(2) [a].[Id], [a].[AccessFailedCount], [a].[ConcurrencyStamp], [a].[DateOfBirth], [a].[Email], [a].[EmailConfirmed], [a].[LockoutEnabled], [a].[LockoutEnd], [a].[Nationality], [a].[NormalizedEmail], [a].[NormalizedUserName], [a].[PasswordHash], [a].[PhoneNumber], [a].[PhoneNumberConfirmed], [a].[SecurityStamp], [a].[TwoFactorEnabled], [a].[UserName]
FROM [AspNetUsers] AS [a]
WHERE [a].[NormalizedEmail] = @__normalizedEmail_0"
2024-10-31 00:09:24.694 [Information] Executed DbCommand ("3"ms) [Parameters=["@__normalizedName_0='OWNER' (Size = 256)"], CommandType='Text', CommandTimeout='30']"
""SELECT TOP(1) [a].[Id], [a].[ConcurrencyStamp], [a].[Name], [a].[NormalizedName]
FROM [AspNetRoles] AS [a]
WHERE [a].[NormalizedName] = @__normalizedName_0"
2024-10-31 00:09:24.696 [Information] Executed DbCommand ("2"ms) [Parameters=["@__normalizedRoleName_0='OWNER' (Size = 256)"], CommandType='Text', CommandTimeout='30']"
""SELECT TOP(2) [a].[Id], [a].[ConcurrencyStamp], [a].[Name], [a].[NormalizedName]
FROM [AspNetRoles] AS [a]
WHERE [a].[NormalizedName] = @__normalizedRoleName_0"
2024-10-31 00:09:24.700 [Information] Executed DbCommand ("3"ms) [Parameters=["@__p_0='3eb48622-fa36-4aa7-a921-a40a4fba9f9e' (Size = 450), @__p_1='0263f231-9a1a-4ae0-860e-e50e277c59f2' (Size = 450)"], CommandType='Text', CommandTimeout='30']"
""SELECT TOP(1) [a].[UserId], [a].[RoleId]
FROM [AspNetUserRoles] AS [a]
WHERE [a].[UserId] = @__p_0 AND [a].[RoleId] = @__p_1"
2024-10-31 00:09:24.702 [Error] HTTP "POST" "/api/identity/userRole" responded 500 in 44.7607 ms
Restaurants.Domain.Exceptions.NotFoundException: IdentityRole Owner not found
   at Restaurants.Application.Users.Commands.UserRole.AssignUserRole.AssignUserRoleCommandHandler.Handle(AssignUserRoleCommand request, CancellationToken cancellationToken) in /Users/loganathansellappa/projects/Restuarants/Restaurants.Application/Users/Commands/UserRole/AssignUserRole/AssignUserRoleCommandHandler.cs:line 21
   at MediatR.Wrappers.RequestHandlerWrapperImpl`1.<>c__DisplayClass1_0.<<Handle>g__Handler|0>d.MoveNext()
--- End of stack trace from previous location ---
   at Restaurants.API.Controllers.IdentityController.AssignUserRole(AssignUserRoleCommand command) in /Users/loganathansellappa/projects/Restuarants/Restaurants.API/Controllers/IdentityController.cs:line 25
   at Microsoft.AspNetCore.Mvc.Infrastructure.ActionMethodExecutor.TaskOfIActionResultExecutor.Execute(ActionContext actionContext, IActionResultTypeMapper mapper, ObjectMethodExecutor executor, Object controller, Object[] arguments)
   at Microsoft.AspNetCore.Mvc.Infrastructure.ControllerActionInvoker.<InvokeActionMethodAsync>g__Logged|12_1(ControllerActionInvoker invoker)
   at Microsoft.AspNetCore.Mvc.Infrastructure.ControllerActionInvoker.<InvokeNextActionFilterAsync>g__Awaited|10_0(ControllerActionInvoker invoker, Task lastTask, State next, Scope scope, Object state, Boolean isCompleted)
   at Microsoft.AspNetCore.Mvc.Infrastructure.ControllerActionInvoker.Rethrow(ActionExecutedContextSealed context)
   at Microsoft.AspNetCore.Mvc.Infrastructure.ControllerActionInvoker.Next(State& next, Scope& scope, Object& state, Boolean& isCompleted)
   at Microsoft.AspNetCore.Mvc.Infrastructure.ControllerActionInvoker.<InvokeInnerFilterAsync>g__Awaited|13_0(ControllerActionInvoker invoker, Task lastTask, State next, Scope scope, Object state, Boolean isCompleted)
   at Microsoft.AspNetCore.Mvc.Infrastructure.ResourceInvoker.<InvokeFilterPipelineAsync>g__Awaited|20_0(ResourceInvoker invoker, Task lastTask, State next, Scope scope, Object state, Boolean isCompleted)
   at Microsoft.AspNetCore.Mvc.Infrastructure.ResourceInvoker.<InvokeAsync>g__Logged|17_1(ResourceInvoker invoker)
   at Microsoft.AspNetCore.Mvc.Infrastructure.ResourceInvoker.<InvokeAsync>g__Logged|17_1(ResourceInvoker invoker)
   at Swashbuckle.AspNetCore.SwaggerUI.SwaggerUIMiddleware.Invoke(HttpContext httpContext)
   at Swashbuckle.AspNetCore.Swagger.SwaggerMiddleware.Invoke(HttpContext httpContext, ISwaggerProvider swaggerProvider)
   at Microsoft.AspNetCore.Authorization.AuthorizationMiddleware.Invoke(HttpContext context)
   at Swashbuckle.AspNetCore.Swagger.SwaggerMiddleware.Invoke(HttpContext httpContext, ISwaggerProvider swaggerProvider)
   at Serilog.AspNetCore.RequestLoggingMiddleware.Invoke(HttpContext httpContext)
2024-10-31 00:09:24.712 [Error] IdentityRole Owner not found
Restaurants.Domain.Exceptions.NotFoundException: IdentityRole Owner not found
   at Restaurants.Application.Users.Commands.UserRole.AssignUserRole.AssignUserRoleCommandHandler.Handle(AssignUserRoleCommand request, CancellationToken cancellationToken) in /Users/loganathansellappa/projects/Restuarants/Restaurants.Application/Users/Commands/UserRole/AssignUserRole/AssignUserRoleCommandHandler.cs:line 21
   at MediatR.Wrappers.RequestHandlerWrapperImpl`1.<>c__DisplayClass1_0.<<Handle>g__Handler|0>d.MoveNext()
--- End of stack trace from previous location ---
   at Restaurants.API.Controllers.IdentityController.AssignUserRole(AssignUserRoleCommand command) in /Users/loganathansellappa/projects/Restuarants/Restaurants.API/Controllers/IdentityController.cs:line 25
   at Microsoft.AspNetCore.Mvc.Infrastructure.ActionMethodExecutor.TaskOfIActionResultExecutor.Execute(ActionContext actionContext, IActionResultTypeMapper mapper, ObjectMethodExecutor executor, Object controller, Object[] arguments)
   at Microsoft.AspNetCore.Mvc.Infrastructure.ControllerActionInvoker.<InvokeActionMethodAsync>g__Logged|12_1(ControllerActionInvoker invoker)
   at Microsoft.AspNetCore.Mvc.Infrastructure.ControllerActionInvoker.<InvokeNextActionFilterAsync>g__Awaited|10_0(ControllerActionInvoker invoker, Task lastTask, State next, Scope scope, Object state, Boolean isCompleted)
   at Microsoft.AspNetCore.Mvc.Infrastructure.ControllerActionInvoker.Rethrow(ActionExecutedContextSealed context)
   at Microsoft.AspNetCore.Mvc.Infrastructure.ControllerActionInvoker.Next(State& next, Scope& scope, Object& state, Boolean& isCompleted)
   at Microsoft.AspNetCore.Mvc.Infrastructure.ControllerActionInvoker.<InvokeInnerFilterAsync>g__Awaited|13_0(ControllerActionInvoker invoker, Task lastTask, State next, Scope scope, Object state, Boolean isCompleted)
   at Microsoft.AspNetCore.Mvc.Infrastructure.ResourceInvoker.<InvokeFilterPipelineAsync>g__Awaited|20_0(ResourceInvoker invoker, Task lastTask, State next, Scope scope, Object state, Boolean isCompleted)
   at Microsoft.AspNetCore.Mvc.Infrastructure.ResourceInvoker.<InvokeAsync>g__Logged|17_1(ResourceInvoker invoker)
   at Microsoft.AspNetCore.Mvc.Infrastructure.ResourceInvoker.<InvokeAsync>g__Logged|17_1(ResourceInvoker invoker)
   at Swashbuckle.AspNetCore.SwaggerUI.SwaggerUIMiddleware.Invoke(HttpContext httpContext)
   at Swashbuckle.AspNetCore.Swagger.SwaggerMiddleware.Invoke(HttpContext httpContext, ISwaggerProvider swaggerProvider)
   at Microsoft.AspNetCore.Authorization.AuthorizationMiddleware.Invoke(HttpContext context)
   at Swashbuckle.AspNetCore.Swagger.SwaggerMiddleware.Invoke(HttpContext httpContext, ISwaggerProvider swaggerProvider)
   at Serilog.AspNetCore.RequestLoggingMiddleware.Invoke(HttpContext httpContext)
   at Restaurants.API.Middlewares.LoggingMiddleware.InvokeAsync(HttpContext context, RequestDelegate next) in /Users/loganathansellappa/projects/Restuarants/Restaurants.API/Middlewares/LoggingMiddleware.cs:line 10
   at Microsoft.AspNetCore.Builder.UseMiddlewareExtensions.InterfaceMiddlewareBinder.<>c__DisplayClass2_0.<<CreateMiddleware>b__0>d.MoveNext()
--- End of stack trace from previous location ---
   at Restaurants.API.Middlewares.ErrorHandlingMiddleware.InvokeAsync(HttpContext context, RequestDelegate next) in /Users/loganathansellappa/projects/Restuarants/Restaurants.API/Middlewares/ErrorHandlingMiddleware.cs:line 11
2024-10-31 00:09:32.487 [Information] Executed DbCommand ("2"ms) [Parameters=["@__normalizedEmail_0='OWNER@TESTDEVLOGAN.COM' (Size = 256)"], CommandType='Text', CommandTimeout='30']"
""SELECT TOP(2) [a].[Id], [a].[AccessFailedCount], [a].[ConcurrencyStamp], [a].[DateOfBirth], [a].[Email], [a].[EmailConfirmed], [a].[LockoutEnabled], [a].[LockoutEnd], [a].[Nationality], [a].[NormalizedEmail], [a].[NormalizedUserName], [a].[PasswordHash], [a].[PhoneNumber], [a].[PhoneNumberConfirmed], [a].[SecurityStamp], [a].[TwoFactorEnabled], [a].[UserName]
FROM [AspNetUsers] AS [a]
WHERE [a].[NormalizedEmail] = @__normalizedEmail_0"
2024-10-31 00:09:32.489 [Information] Executed DbCommand ("2"ms) [Parameters=["@__normalizedName_0='OWNER' (Size = 256)"], CommandType='Text', CommandTimeout='30']"
""SELECT TOP(1) [a].[Id], [a].[ConcurrencyStamp], [a].[Name], [a].[NormalizedName]
FROM [AspNetRoles] AS [a]
WHERE [a].[NormalizedName] = @__normalizedName_0"
2024-10-31 00:09:32.492 [Information] Executed DbCommand ("2"ms) [Parameters=["@__normalizedRoleName_0='OWNER' (Size = 256)"], CommandType='Text', CommandTimeout='30']"
""SELECT TOP(2) [a].[Id], [a].[ConcurrencyStamp], [a].[Name], [a].[NormalizedName]
FROM [AspNetRoles] AS [a]
WHERE [a].[NormalizedName] = @__normalizedRoleName_0"
2024-10-31 00:09:32.495 [Information] Executed DbCommand ("2"ms) [Parameters=["@__p_0='3eb48622-fa36-4aa7-a921-a40a4fba9f9e' (Size = 450), @__p_1='0263f231-9a1a-4ae0-860e-e50e277c59f2' (Size = 450)"], CommandType='Text', CommandTimeout='30']"
""SELECT TOP(1) [a].[UserId], [a].[RoleId]
FROM [AspNetUserRoles] AS [a]
WHERE [a].[UserId] = @__p_0 AND [a].[RoleId] = @__p_1"
2024-10-31 00:09:32.500 [Information] Executed DbCommand ("3"ms) [Parameters=["@__normalizedRoleName_0='OWNER' (Size = 256)"], CommandType='Text', CommandTimeout='30']"
""SELECT TOP(2) [a].[Id], [a].[ConcurrencyStamp], [a].[Name], [a].[NormalizedName]
FROM [AspNetRoles] AS [a]
WHERE [a].[NormalizedName] = @__normalizedRoleName_0"
2024-10-31 00:09:32.505 [Information] Executed DbCommand ("3"ms) [Parameters=["@__normalizedUserName_0='OWNER@TESTDEVLOGAN.COM' (Size = 256)"], CommandType='Text', CommandTimeout='30']"
""SELECT TOP(1) [a].[Id], [a].[AccessFailedCount], [a].[ConcurrencyStamp], [a].[DateOfBirth], [a].[Email], [a].[EmailConfirmed], [a].[LockoutEnabled], [a].[LockoutEnd], [a].[Nationality], [a].[NormalizedEmail], [a].[NormalizedUserName], [a].[PasswordHash], [a].[PhoneNumber], [a].[PhoneNumberConfirmed], [a].[SecurityStamp], [a].[TwoFactorEnabled], [a].[UserName]
FROM [AspNetUsers] AS [a]
WHERE [a].[NormalizedUserName] = @__normalizedUserName_0"
2024-10-31 00:09:32.513 [Information] Executed DbCommand ("3"ms) [Parameters=["@p0='0263f231-9a1a-4ae0-860e-e50e277c59f2' (Nullable = false) (Size = 450), @p1='3eb48622-fa36-4aa7-a921-a40a4fba9f9e' (Nullable = false) (Size = 450), @p18='3eb48622-fa36-4aa7-a921-a40a4fba9f9e' (Nullable = false) (Size = 450), @p2='0', @p3='edc6f4e3-a154-4fc0-91a3-8edb7b29b3aa' (Size = 4000), @p19='1ce88ddb-f641-4cdf-95ee-f1ccbabf5851' (Size = 4000), @p4=NULL (DbType = Date), @p5='owner@testdevlogan.com' (Size = 256), @p6='False', @p7='True', @p8=NULL (DbType = DateTimeOffset), @p9=NULL (Size = 4000), @p10='OWNER@TESTDEVLOGAN.COM' (Size = 256), @p11='OWNER@TESTDEVLOGAN.COM' (Size = 256), @p12='AQAAAAIAAYagAAAAEIOFQuSW2XcEP+UEJFmuaUEgmZUixpiMcuJONyRxpskvgAGpWZBOUKg3UhgACyxxRQ==' (Size = 4000), @p13=NULL (Size = 4000), @p14='False', @p15='473VZUDPRWSWHM4Q6XCSNZDZ3VJYHQCT' (Size = 4000), @p16='False', @p17='owner@testdevlogan.com' (Size = 256)"], CommandType='Text', CommandTimeout='30']"
""SET NOCOUNT ON;
DELETE FROM [AspNetUserRoles]
OUTPUT 1
WHERE [RoleId] = @p0 AND [UserId] = @p1;
UPDATE [AspNetUsers] SET [AccessFailedCount] = @p2, [ConcurrencyStamp] = @p3, [DateOfBirth] = @p4, [Email] = @p5, [EmailConfirmed] = @p6, [LockoutEnabled] = @p7, [LockoutEnd] = @p8, [Nationality] = @p9, [NormalizedEmail] = @p10, [NormalizedUserName] = @p11, [PasswordHash] = @p12, [PhoneNumber] = @p13, [PhoneNumberConfirmed] = @p14, [SecurityStamp] = @p15, [TwoFactorEnabled] = @p16, [UserName] = @p17
OUTPUT 1
WHERE [Id] = @p18 AND [ConcurrencyStamp] = @p19;"
2024-10-31 00:09:32.519 [Information] HTTP "DELETE" "/api/identity/userRole" responded 204 in 42.4609 ms
2024-10-31 00:09:39.444 [Information] Executed DbCommand ("3"ms) [Parameters=["@__normalizedEmail_0='OWNER@TESTDEVLOGAN.COM' (Size = 256)"], CommandType='Text', CommandTimeout='30']"
""SELECT TOP(2) [a].[Id], [a].[AccessFailedCount], [a].[ConcurrencyStamp], [a].[DateOfBirth], [a].[Email], [a].[EmailConfirmed], [a].[LockoutEnabled], [a].[LockoutEnd], [a].[Nationality], [a].[NormalizedEmail], [a].[NormalizedUserName], [a].[PasswordHash], [a].[PhoneNumber], [a].[PhoneNumberConfirmed], [a].[SecurityStamp], [a].[TwoFactorEnabled], [a].[UserName]
FROM [AspNetUsers] AS [a]
WHERE [a].[NormalizedEmail] = @__normalizedEmail_0"
2024-10-31 00:09:39.446 [Information] Executed DbCommand ("2"ms) [Parameters=["@__normalizedName_0='OWNER' (Size = 256)"], CommandType='Text', CommandTimeout='30']"
""SELECT TOP(1) [a].[Id], [a].[ConcurrencyStamp], [a].[Name], [a].[NormalizedName]
FROM [AspNetRoles] AS [a]
WHERE [a].[NormalizedName] = @__normalizedName_0"
2024-10-31 00:09:39.449 [Information] Executed DbCommand ("3"ms) [Parameters=["@__normalizedRoleName_0='OWNER' (Size = 256)"], CommandType='Text', CommandTimeout='30']"
""SELECT TOP(2) [a].[Id], [a].[ConcurrencyStamp], [a].[Name], [a].[NormalizedName]
FROM [AspNetRoles] AS [a]
WHERE [a].[NormalizedName] = @__normalizedRoleName_0"
2024-10-31 00:09:39.451 [Information] Executed DbCommand ("1"ms) [Parameters=["@__p_0='3eb48622-fa36-4aa7-a921-a40a4fba9f9e' (Size = 450), @__p_1='0263f231-9a1a-4ae0-860e-e50e277c59f2' (Size = 450)"], CommandType='Text', CommandTimeout='30']"
""SELECT TOP(1) [a].[UserId], [a].[RoleId]
FROM [AspNetUserRoles] AS [a]
WHERE [a].[UserId] = @__p_0 AND [a].[RoleId] = @__p_1"
2024-10-31 00:09:39.452 [Error] HTTP "DELETE" "/api/identity/userRole" responded 500 in 13.1501 ms
Restaurants.Domain.Exceptions.NotFoundException: IdentityRole owner not found
   at Restaurants.Application.Users.Commands.UserRole.UnAssignUserRole.UnAssignUserRoleCommandHandler.Handle(UnAssignUserRoleCommand request, CancellationToken cancellationToken) in /Users/loganathansellappa/projects/Restuarants/Restaurants.Application/Users/Commands/UserRole/UnAssignUserRole/UnAssignUserRoleCommandHandler.cs:line 21
   at MediatR.Wrappers.RequestHandlerWrapperImpl`1.<>c__DisplayClass1_0.<<Handle>g__Handler|0>d.MoveNext()
--- End of stack trace from previous location ---
   at Restaurants.API.Controllers.IdentityController.UnAssignUserRole(UnAssignUserRoleCommand command) in /Users/loganathansellappa/projects/Restuarants/Restaurants.API/Controllers/IdentityController.cs:line 33
   at Microsoft.AspNetCore.Mvc.Infrastructure.ActionMethodExecutor.TaskOfIActionResultExecutor.Execute(ActionContext actionContext, IActionResultTypeMapper mapper, ObjectMethodExecutor executor, Object controller, Object[] arguments)
   at Microsoft.AspNetCore.Mvc.Infrastructure.ControllerActionInvoker.<InvokeActionMethodAsync>g__Logged|12_1(ControllerActionInvoker invoker)
   at Microsoft.AspNetCore.Mvc.Infrastructure.ControllerActionInvoker.<InvokeNextActionFilterAsync>g__Awaited|10_0(ControllerActionInvoker invoker, Task lastTask, State next, Scope scope, Object state, Boolean isCompleted)
   at Microsoft.AspNetCore.Mvc.Infrastructure.ControllerActionInvoker.Rethrow(ActionExecutedContextSealed context)
   at Microsoft.AspNetCore.Mvc.Infrastructure.ControllerActionInvoker.Next(State& next, Scope& scope, Object& state, Boolean& isCompleted)
   at Microsoft.AspNetCore.Mvc.Infrastructure.ControllerActionInvoker.<InvokeInnerFilterAsync>g__Awaited|13_0(ControllerActionInvoker invoker, Task lastTask, State next, Scope scope, Object state, Boolean isCompleted)
   at Microsoft.AspNetCore.Mvc.Infrastructure.ResourceInvoker.<InvokeFilterPipelineAsync>g__Awaited|20_0(ResourceInvoker invoker, Task lastTask, State next, Scope scope, Object state, Boolean isCompleted)
   at Microsoft.AspNetCore.Mvc.Infrastructure.ResourceInvoker.<InvokeAsync>g__Logged|17_1(ResourceInvoker invoker)
   at Microsoft.AspNetCore.Mvc.Infrastructure.ResourceInvoker.<InvokeAsync>g__Logged|17_1(ResourceInvoker invoker)
   at Swashbuckle.AspNetCore.SwaggerUI.SwaggerUIMiddleware.Invoke(HttpContext httpContext)
   at Swashbuckle.AspNetCore.Swagger.SwaggerMiddleware.Invoke(HttpContext httpContext, ISwaggerProvider swaggerProvider)
   at Microsoft.AspNetCore.Authorization.AuthorizationMiddleware.Invoke(HttpContext context)
   at Swashbuckle.AspNetCore.Swagger.SwaggerMiddleware.Invoke(HttpContext httpContext, ISwaggerProvider swaggerProvider)
   at Serilog.AspNetCore.RequestLoggingMiddleware.Invoke(HttpContext httpContext)
2024-10-31 00:09:39.453 [Error] IdentityRole owner not found
Restaurants.Domain.Exceptions.NotFoundException: IdentityRole owner not found
   at Restaurants.Application.Users.Commands.UserRole.UnAssignUserRole.UnAssignUserRoleCommandHandler.Handle(UnAssignUserRoleCommand request, CancellationToken cancellationToken) in /Users/loganathansellappa/projects/Restuarants/Restaurants.Application/Users/Commands/UserRole/UnAssignUserRole/UnAssignUserRoleCommandHandler.cs:line 21
   at MediatR.Wrappers.RequestHandlerWrapperImpl`1.<>c__DisplayClass1_0.<<Handle>g__Handler|0>d.MoveNext()
--- End of stack trace from previous location ---
   at Restaurants.API.Controllers.IdentityController.UnAssignUserRole(UnAssignUserRoleCommand command) in /Users/loganathansellappa/projects/Restuarants/Restaurants.API/Controllers/IdentityController.cs:line 33
   at Microsoft.AspNetCore.Mvc.Infrastructure.ActionMethodExecutor.TaskOfIActionResultExecutor.Execute(ActionContext actionContext, IActionResultTypeMapper mapper, ObjectMethodExecutor executor, Object controller, Object[] arguments)
   at Microsoft.AspNetCore.Mvc.Infrastructure.ControllerActionInvoker.<InvokeActionMethodAsync>g__Logged|12_1(ControllerActionInvoker invoker)
   at Microsoft.AspNetCore.Mvc.Infrastructure.ControllerActionInvoker.<InvokeNextActionFilterAsync>g__Awaited|10_0(ControllerActionInvoker invoker, Task lastTask, State next, Scope scope, Object state, Boolean isCompleted)
   at Microsoft.AspNetCore.Mvc.Infrastructure.ControllerActionInvoker.Rethrow(ActionExecutedContextSealed context)
   at Microsoft.AspNetCore.Mvc.Infrastructure.ControllerActionInvoker.Next(State& next, Scope& scope, Object& state, Boolean& isCompleted)
   at Microsoft.AspNetCore.Mvc.Infrastructure.ControllerActionInvoker.<InvokeInnerFilterAsync>g__Awaited|13_0(ControllerActionInvoker invoker, Task lastTask, State next, Scope scope, Object state, Boolean isCompleted)
   at Microsoft.AspNetCore.Mvc.Infrastructure.ResourceInvoker.<InvokeFilterPipelineAsync>g__Awaited|20_0(ResourceInvoker invoker, Task lastTask, State next, Scope scope, Object state, Boolean isCompleted)
   at Microsoft.AspNetCore.Mvc.Infrastructure.ResourceInvoker.<InvokeAsync>g__Logged|17_1(ResourceInvoker invoker)
   at Microsoft.AspNetCore.Mvc.Infrastructure.ResourceInvoker.<InvokeAsync>g__Logged|17_1(ResourceInvoker invoker)
   at Swashbuckle.AspNetCore.SwaggerUI.SwaggerUIMiddleware.Invoke(HttpContext httpContext)
   at Swashbuckle.AspNetCore.Swagger.SwaggerMiddleware.Invoke(HttpContext httpContext, ISwaggerProvider swaggerProvider)
   at Microsoft.AspNetCore.Authorization.AuthorizationMiddleware.Invoke(HttpContext context)
   at Swashbuckle.AspNetCore.Swagger.SwaggerMiddleware.Invoke(HttpContext httpContext, ISwaggerProvider swaggerProvider)
   at Serilog.AspNetCore.RequestLoggingMiddleware.Invoke(HttpContext httpContext)
   at Restaurants.API.Middlewares.LoggingMiddleware.InvokeAsync(HttpContext context, RequestDelegate next) in /Users/loganathansellappa/projects/Restuarants/Restaurants.API/Middlewares/LoggingMiddleware.cs:line 10
   at Microsoft.AspNetCore.Builder.UseMiddlewareExtensions.InterfaceMiddlewareBinder.<>c__DisplayClass2_0.<<CreateMiddleware>b__0>d.MoveNext()
--- End of stack trace from previous location ---
   at Restaurants.API.Middlewares.ErrorHandlingMiddleware.InvokeAsync(HttpContext context, RequestDelegate next) in /Users/loganathansellappa/projects/Restuarants/Restaurants.API/Middlewares/ErrorHandlingMiddleware.cs:line 11
2024-10-31 00:25:56.703 [Information] Application is shutting down...
2024-10-31 21:42:35.452 [Warning] Sensitive data logging is enabled. Log entries and exception messages may include sensitive application data; this mode should only be enabled during development.
2024-10-31 21:42:35.548 [Warning] The entity type '"Address"' is an optional dependent using table sharing without any required non shared property that could be used to identify whether the entity exists. If all nullable properties contain a null value in database then an object instance won't be created in the query. Add a required property to create instances with null values for other properties or mark the incoming navigation as required to always create an instance.
2024-10-31 21:42:35.559 [Warning] No store type was specified for the decimal property '"Price"' on entity type '"Dish"'. This will cause values to be silently truncated if they do not fit in the default precision and scale. Explicitly specify the SQL server column type that can accommodate all the values in 'OnModelCreating' using 'HasColumnType', specify precision and scale using 'HasPrecision', or configure a value converter using 'HasConversion'.
2024-10-31 21:42:50.684 [Information] Now listening on: "http://localhost:5298"
2024-10-31 21:42:50.687 [Information] Application started. Press Ctrl+C to shut down.
2024-10-31 21:42:50.688 [Information] Hosting environment: "Development"
2024-10-31 21:42:50.688 [Information] Content root path: "/Users/loganathansellappa/projects/Restuarants/Restaurants.API"
2024-10-31 21:43:53.017 [Warning] Failed to determine the https port for redirect.
2024-10-31 21:43:53.474 [Information] Executed DbCommand ("84"ms) [Parameters=["@__normalizedUserName_0='ADMIN@TESTDEVLOGAN.COM' (Size = 256)"], CommandType='Text', CommandTimeout='30']"
""SELECT TOP(1) [a].[Id], [a].[AccessFailedCount], [a].[ConcurrencyStamp], [a].[DateOfBirth], [a].[Email], [a].[EmailConfirmed], [a].[LockoutEnabled], [a].[LockoutEnd], [a].[Nationality], [a].[NormalizedEmail], [a].[NormalizedUserName], [a].[PasswordHash], [a].[PhoneNumber], [a].[PhoneNumberConfirmed], [a].[SecurityStamp], [a].[TwoFactorEnabled], [a].[UserName]
FROM [AspNetUsers] AS [a]
WHERE [a].[NormalizedUserName] = @__normalizedUserName_0"
2024-10-31 21:43:53.678 [Information] Executed DbCommand ("23"ms) [Parameters=["@__user_Id_0='728b70a8-374d-4ca3-a42b-c131ac124937' (Size = 450)"], CommandType='Text', CommandTimeout='30']"
""SELECT [a].[Id], [a].[ClaimType], [a].[ClaimValue], [a].[UserId]
FROM [AspNetUserClaims] AS [a]
WHERE [a].[UserId] = @__user_Id_0"
2024-10-31 21:43:53.765 [Information] Executed DbCommand ("68"ms) [Parameters=["@__userId_0='728b70a8-374d-4ca3-a42b-c131ac124937' (Size = 450)"], CommandType='Text', CommandTimeout='30']"
""SELECT [a0].[Name]
FROM [AspNetUserRoles] AS [a]
INNER JOIN [AspNetRoles] AS [a0] ON [a].[RoleId] = [a0].[Id]
WHERE [a].[UserId] = @__userId_0"
2024-10-31 21:43:53.807 [Information] Executed DbCommand ("34"ms) [Parameters=["@__normalizedName_0='ADMIN' (Size = 256)"], CommandType='Text', CommandTimeout='30']"
""SELECT TOP(1) [a].[Id], [a].[ConcurrencyStamp], [a].[Name], [a].[NormalizedName]
FROM [AspNetRoles] AS [a]
WHERE [a].[NormalizedName] = @__normalizedName_0"
2024-10-31 21:43:53.825 [Information] Executed DbCommand ("6"ms) [Parameters=["@__role_Id_0='55dd0553-1bcf-4804-9cdb-6d79e48c6f6e' (Size = 450)"], CommandType='Text', CommandTimeout='30']"
""SELECT [a].[ClaimType], [a].[ClaimValue]
FROM [AspNetRoleClaims] AS [a]
WHERE [a].[RoleId] = @__role_Id_0"
2024-10-31 21:43:53.848 [Information] HTTP "POST" "/api/identity/login" responded 200 in 838.4396 ms
2024-10-31 21:44:54.844 [Information] Retrieving all restaurants
2024-10-31 21:44:54.989 [Information] Executed DbCommand ("52"ms) [Parameters=[""], CommandType='Text', CommandTimeout='30']"
""SELECT [r].[Id], [r].[Category], [r].[ContactEmail], [r].[ContactNumber], [r].[Description], [r].[HasDelivery], [r].[Name], [r].[Address_City], [r].[Address_PostalCode], [r].[Address_Street], [d].[Id], [d].[Description], [d].[KiloCalories], [d].[Name], [d].[Price], [d].[RestaurantId]
FROM [Restaurants] AS [r]
LEFT JOIN [Dishes] AS [d] ON [r].[Id] = [d].[RestaurantId]
ORDER BY [r].[Id]"
2024-10-31 21:44:55.090 [Information] HTTP "GET" "/api/restaurants" responded 200 in 342.5388 ms
2024-10-31 21:45:32.387 [Information] Application is shutting down...
2024-10-31 21:45:44.145 [Warning] Sensitive data logging is enabled. Log entries and exception messages may include sensitive application data; this mode should only be enabled during development.
2024-10-31 21:45:44.267 [Warning] The entity type '"Address"' is an optional dependent using table sharing without any required non shared property that could be used to identify whether the entity exists. If all nullable properties contain a null value in database then an object instance won't be created in the query. Add a required property to create instances with null values for other properties or mark the incoming navigation as required to always create an instance.
2024-10-31 21:45:44.277 [Warning] No store type was specified for the decimal property '"Price"' on entity type '"Dish"'. This will cause values to be silently truncated if they do not fit in the default precision and scale. Explicitly specify the SQL server column type that can accommodate all the values in 'OnModelCreating' using 'HasColumnType', specify precision and scale using 'HasPrecision', or configure a value converter using 'HasConversion'.
2024-10-31 21:45:44.868 [Information] Executed DbCommand ("33"ms) [Parameters=[""], CommandType='Text', CommandTimeout='30']"
""SELECT 1"
2024-10-31 21:45:45.093 [Information] Executed DbCommand ("23"ms) [Parameters=[""], CommandType='Text', CommandTimeout='30']"
""SELECT CASE
    WHEN EXISTS (
        SELECT 1
        FROM [Restaurants] AS [r]) THEN CAST(1 AS bit)
    ELSE CAST(0 AS bit)
END"
2024-10-31 21:45:45.116 [Information] Executed DbCommand ("7"ms) [Parameters=[""], CommandType='Text', CommandTimeout='30']"
""SELECT CASE
    WHEN EXISTS (
        SELECT 1
        FROM [AspNetRoles] AS [a]) THEN CAST(1 AS bit)
    ELSE CAST(0 AS bit)
END"
2024-10-31 21:45:45.364 [Information] Now listening on: "http://localhost:5298"
2024-10-31 21:45:45.367 [Information] Application started. Press Ctrl+C to shut down.
2024-10-31 21:45:45.368 [Information] Hosting environment: "Development"
2024-10-31 21:45:45.368 [Information] Content root path: "/Users/loganathansellappa/projects/Restuarants/Restaurants.API"
2024-10-31 21:45:49.214 [Warning] Failed to determine the https port for redirect.
2024-10-31 21:45:49.280 [Information] HTTP "GET" "/weatherforecast" responded 200 in 74.5460 ms
2024-10-31 21:46:43.887 [Information] Retrieving all restaurants
2024-10-31 21:46:44.155 [Information] Executed DbCommand ("100"ms) [Parameters=[""], CommandType='Text', CommandTimeout='30']"
""SELECT [r].[Id], [r].[Category], [r].[ContactEmail], [r].[ContactNumber], [r].[Description], [r].[HasDelivery], [r].[Name], [r].[Address_City], [r].[Address_PostalCode], [r].[Address_Street], [d].[Id], [d].[Description], [d].[KiloCalories], [d].[Name], [d].[Price], [d].[RestaurantId]
FROM [Restaurants] AS [r]
LEFT JOIN [Dishes] AS [d] ON [r].[Id] = [d].[RestaurantId]
ORDER BY [r].[Id]"
2024-10-31 21:46:44.272 [Information] HTTP "GET" "/api/restaurants" responded 200 in 34257.1299 ms
2024-10-31 21:46:44.274 [Information] Request ["GET"] at "/api/restaurants" took 34257 ms
2024-10-31 21:47:13.711 [Information] Executed DbCommand ("149"ms) [Parameters=["@__normalizedUserName_0='SDA@ABC.COM' (Size = 256)"], CommandType='Text', CommandTimeout='30']"
""SELECT TOP(1) [a].[Id], [a].[AccessFailedCount], [a].[ConcurrencyStamp], [a].[DateOfBirth], [a].[Email], [a].[EmailConfirmed], [a].[LockoutEnabled], [a].[LockoutEnd], [a].[Nationality], [a].[NormalizedEmail], [a].[NormalizedUserName], [a].[PasswordHash], [a].[PhoneNumber], [a].[PhoneNumberConfirmed], [a].[SecurityStamp], [a].[TwoFactorEnabled], [a].[UserName]
FROM [AspNetUsers] AS [a]
WHERE [a].[NormalizedUserName] = @__normalizedUserName_0"
2024-10-31 21:47:13.930 [Information] Executed DbCommand ("28"ms) [Parameters=["@__user_Id_0='dcd00b0f-0005-46d7-b02d-883b03da3326' (Size = 450)"], CommandType='Text', CommandTimeout='30']"
""SELECT [a].[Id], [a].[ClaimType], [a].[ClaimValue], [a].[UserId]
FROM [AspNetUserClaims] AS [a]
WHERE [a].[UserId] = @__user_Id_0"
2024-10-31 21:47:14.031 [Information] Executed DbCommand ("51"ms) [Parameters=["@__userId_0='dcd00b0f-0005-46d7-b02d-883b03da3326' (Size = 450)"], CommandType='Text', CommandTimeout='30']"
""SELECT [a0].[Name]
FROM [AspNetUserRoles] AS [a]
INNER JOIN [AspNetRoles] AS [a0] ON [a].[RoleId] = [a0].[Id]
WHERE [a].[UserId] = @__userId_0"
2024-10-31 21:47:14.070 [Information] HTTP "POST" "/api/identity/login" responded 200 in 569.1118 ms
2024-10-31 21:48:26.515 [Information] Retrieving all restaurants
2024-10-31 21:48:26.592 [Information] Executed DbCommand ("46"ms) [Parameters=[""], CommandType='Text', CommandTimeout='30']"
""SELECT [r].[Id], [r].[Category], [r].[ContactEmail], [r].[ContactNumber], [r].[Description], [r].[HasDelivery], [r].[Name], [r].[Address_City], [r].[Address_PostalCode], [r].[Address_Street], [d].[Id], [d].[Description], [d].[KiloCalories], [d].[Name], [d].[Price], [d].[RestaurantId]
FROM [Restaurants] AS [r]
LEFT JOIN [Dishes] AS [d] ON [r].[Id] = [d].[RestaurantId]
ORDER BY [r].[Id]"
2024-10-31 21:48:27.011 [Information] HTTP "GET" "/api/restaurants" responded 200 in 53180.3785 ms
2024-10-31 21:48:27.011 [Information] Request ["GET"] at "/api/restaurants" took 53180 ms
2024-10-31 21:48:41.880 [Information] Executed DbCommand ("6"ms) [Parameters=["@__normalizedUserName_0='ADMIN@TESTDEVLOGAN.COM' (Size = 256)"], CommandType='Text', CommandTimeout='30']"
""SELECT TOP(1) [a].[Id], [a].[AccessFailedCount], [a].[ConcurrencyStamp], [a].[DateOfBirth], [a].[Email], [a].[EmailConfirmed], [a].[LockoutEnabled], [a].[LockoutEnd], [a].[Nationality], [a].[NormalizedEmail], [a].[NormalizedUserName], [a].[PasswordHash], [a].[PhoneNumber], [a].[PhoneNumberConfirmed], [a].[SecurityStamp], [a].[TwoFactorEnabled], [a].[UserName]
FROM [AspNetUsers] AS [a]
WHERE [a].[NormalizedUserName] = @__normalizedUserName_0"
2024-10-31 21:48:41.987 [Information] Executed DbCommand ("26"ms) [Parameters=["@__user_Id_0='728b70a8-374d-4ca3-a42b-c131ac124937' (Size = 450)"], CommandType='Text', CommandTimeout='30']"
""SELECT [a].[Id], [a].[ClaimType], [a].[ClaimValue], [a].[UserId]
FROM [AspNetUserClaims] AS [a]
WHERE [a].[UserId] = @__user_Id_0"
2024-10-31 21:48:41.994 [Information] Executed DbCommand ("4"ms) [Parameters=["@__userId_0='728b70a8-374d-4ca3-a42b-c131ac124937' (Size = 450)"], CommandType='Text', CommandTimeout='30']"
""SELECT [a0].[Name]
FROM [AspNetUserRoles] AS [a]
INNER JOIN [AspNetRoles] AS [a0] ON [a].[RoleId] = [a0].[Id]
WHERE [a].[UserId] = @__userId_0"
2024-10-31 21:48:42.008 [Information] Executed DbCommand ("4"ms) [Parameters=["@__normalizedName_0='ADMIN' (Size = 256)"], CommandType='Text', CommandTimeout='30']"
""SELECT TOP(1) [a].[Id], [a].[ConcurrencyStamp], [a].[Name], [a].[NormalizedName]
FROM [AspNetRoles] AS [a]
WHERE [a].[NormalizedName] = @__normalizedName_0"
2024-10-31 21:48:42.022 [Information] Executed DbCommand ("4"ms) [Parameters=["@__role_Id_0='55dd0553-1bcf-4804-9cdb-6d79e48c6f6e' (Size = 450)"], CommandType='Text', CommandTimeout='30']"
""SELECT [a].[ClaimType], [a].[ClaimValue]
FROM [AspNetRoleClaims] AS [a]
WHERE [a].[RoleId] = @__role_Id_0"
2024-10-31 21:48:42.024 [Information] HTTP "POST" "/api/identity/login" responded 200 in 154.9647 ms
2024-10-31 21:49:21.615 [Information] Retrieving all restaurants
2024-10-31 21:49:21.627 [Information] Executed DbCommand ("9"ms) [Parameters=[""], CommandType='Text', CommandTimeout='30']"
""SELECT [r].[Id], [r].[Category], [r].[ContactEmail], [r].[ContactNumber], [r].[Description], [r].[HasDelivery], [r].[Name], [r].[Address_City], [r].[Address_PostalCode], [r].[Address_Street], [d].[Id], [d].[Description], [d].[KiloCalories], [d].[Name], [d].[Price], [d].[RestaurantId]
FROM [Restaurants] AS [r]
LEFT JOIN [Dishes] AS [d] ON [r].[Id] = [d].[RestaurantId]
ORDER BY [r].[Id]"
2024-10-31 21:49:21.630 [Information] HTTP "GET" "/api/restaurants" responded 200 in 19454.0153 ms
2024-10-31 21:49:21.630 [Information] Request ["GET"] at "/api/restaurants" took 19454 ms
2024-10-31 21:50:32.610 [Information] Retrieving all restaurants
2024-10-31 21:50:32.810 [Information] Executed DbCommand ("145"ms) [Parameters=[""], CommandType='Text', CommandTimeout='30']"
""SELECT [r].[Id], [r].[Category], [r].[ContactEmail], [r].[ContactNumber], [r].[Description], [r].[HasDelivery], [r].[Name], [r].[Address_City], [r].[Address_PostalCode], [r].[Address_Street], [d].[Id], [d].[Description], [d].[KiloCalories], [d].[Name], [d].[Price], [d].[RestaurantId]
FROM [Restaurants] AS [r]
LEFT JOIN [Dishes] AS [d] ON [r].[Id] = [d].[RestaurantId]
ORDER BY [r].[Id]"
2024-10-31 21:50:33.128 [Information] HTTP "GET" "/api/restaurants" responded 200 in 40924.6234 ms
2024-10-31 21:50:33.129 [Information] Request ["GET"] at "/api/restaurants" took 40925 ms
2024-10-31 21:51:13.678 [Information] Retrieving all restaurants
2024-10-31 21:51:13.686 [Information] Executed DbCommand ("6"ms) [Parameters=[""], CommandType='Text', CommandTimeout='30']"
""SELECT [r].[Id], [r].[Category], [r].[ContactEmail], [r].[ContactNumber], [r].[Description], [r].[HasDelivery], [r].[Name], [r].[Address_City], [r].[Address_PostalCode], [r].[Address_Street], [d].[Id], [d].[Description], [d].[KiloCalories], [d].[Name], [d].[Price], [d].[RestaurantId]
FROM [Restaurants] AS [r]
LEFT JOIN [Dishes] AS [d] ON [r].[Id] = [d].[RestaurantId]
ORDER BY [r].[Id]"
2024-10-31 21:51:13.687 [Information] HTTP "GET" "/api/restaurants" responded 200 in 8281.9079 ms
2024-10-31 21:51:13.688 [Information] Request ["GET"] at "/api/restaurants" took 8282 ms
2024-10-31 21:51:57.570 [Information] Executed DbCommand ("80"ms) [Parameters=["@__normalizedUserName_0='SDA@ABC.COM' (Size = 256)"], CommandType='Text', CommandTimeout='30']"
""SELECT TOP(1) [a].[Id], [a].[AccessFailedCount], [a].[ConcurrencyStamp], [a].[DateOfBirth], [a].[Email], [a].[EmailConfirmed], [a].[LockoutEnabled], [a].[LockoutEnd], [a].[Nationality], [a].[NormalizedEmail], [a].[NormalizedUserName], [a].[PasswordHash], [a].[PhoneNumber], [a].[PhoneNumberConfirmed], [a].[SecurityStamp], [a].[TwoFactorEnabled], [a].[UserName]
FROM [AspNetUsers] AS [a]
WHERE [a].[NormalizedUserName] = @__normalizedUserName_0"
2024-10-31 21:51:57.657 [Information] Executed DbCommand ("29"ms) [Parameters=["@__user_Id_0='dcd00b0f-0005-46d7-b02d-883b03da3326' (Size = 450)"], CommandType='Text', CommandTimeout='30']"
""SELECT [a].[Id], [a].[ClaimType], [a].[ClaimValue], [a].[UserId]
FROM [AspNetUserClaims] AS [a]
WHERE [a].[UserId] = @__user_Id_0"
2024-10-31 21:51:57.687 [Information] Executed DbCommand ("3"ms) [Parameters=["@__userId_0='dcd00b0f-0005-46d7-b02d-883b03da3326' (Size = 450)"], CommandType='Text', CommandTimeout='30']"
""SELECT [a0].[Name]
FROM [AspNetUserRoles] AS [a]
INNER JOIN [AspNetRoles] AS [a0] ON [a].[RoleId] = [a0].[Id]
WHERE [a].[UserId] = @__userId_0"
2024-10-31 21:51:57.689 [Information] HTTP "POST" "/api/identity/login" responded 200 in 238.3825 ms
2024-10-31 21:52:22.312 [Information] HTTP "GET" "/api/restaurants" responded 401 in 3.0385 ms
2024-10-31 21:52:34.434 [Information] Executed DbCommand ("26"ms) [Parameters=["@__normalizedUserName_0='SDA@ABC.COM' (Size = 256)"], CommandType='Text', CommandTimeout='30']"
""SELECT TOP(1) [a].[Id], [a].[AccessFailedCount], [a].[ConcurrencyStamp], [a].[DateOfBirth], [a].[Email], [a].[EmailConfirmed], [a].[LockoutEnabled], [a].[LockoutEnd], [a].[Nationality], [a].[NormalizedEmail], [a].[NormalizedUserName], [a].[PasswordHash], [a].[PhoneNumber], [a].[PhoneNumberConfirmed], [a].[SecurityStamp], [a].[TwoFactorEnabled], [a].[UserName]
FROM [AspNetUsers] AS [a]
WHERE [a].[NormalizedUserName] = @__normalizedUserName_0"
2024-10-31 21:52:34.514 [Information] Executed DbCommand ("4"ms) [Parameters=["@__user_Id_0='dcd00b0f-0005-46d7-b02d-883b03da3326' (Size = 450)"], CommandType='Text', CommandTimeout='30']"
""SELECT [a].[Id], [a].[ClaimType], [a].[ClaimValue], [a].[UserId]
FROM [AspNetUserClaims] AS [a]
WHERE [a].[UserId] = @__user_Id_0"
2024-10-31 21:52:34.541 [Information] Executed DbCommand ("26"ms) [Parameters=["@__userId_0='dcd00b0f-0005-46d7-b02d-883b03da3326' (Size = 450)"], CommandType='Text', CommandTimeout='30']"
""SELECT [a0].[Name]
FROM [AspNetUserRoles] AS [a]
INNER JOIN [AspNetRoles] AS [a0] ON [a].[RoleId] = [a0].[Id]
WHERE [a].[UserId] = @__userId_0"
2024-10-31 21:52:34.568 [Information] HTTP "POST" "/api/identity/login" responded 200 in 186.7613 ms
2024-10-31 21:53:23.082 [Information] Retrieving all restaurants
2024-10-31 21:53:23.094 [Information] Executed DbCommand ("7"ms) [Parameters=[""], CommandType='Text', CommandTimeout='30']"
""SELECT [r].[Id], [r].[Category], [r].[ContactEmail], [r].[ContactNumber], [r].[Description], [r].[HasDelivery], [r].[Name], [r].[Address_City], [r].[Address_PostalCode], [r].[Address_Street], [d].[Id], [d].[Description], [d].[KiloCalories], [d].[Name], [d].[Price], [d].[RestaurantId]
FROM [Restaurants] AS [r]
LEFT JOIN [Dishes] AS [d] ON [r].[Id] = [d].[RestaurantId]
ORDER BY [r].[Id]"
2024-10-31 21:53:23.107 [Information] HTTP "GET" "/api/restaurants" responded 200 in 26722.1454 ms
2024-10-31 21:53:23.107 [Information] Request ["GET"] at "/api/restaurants" took 26722 ms
